{"timestamp":"2025-06-01T00:55:23.090755","level":"info","event":"DAG bundles loaded: dags-folder","logger":"airflow.dag_processing.bundles.manager.DagBundlesManager"}
{"timestamp":"2025-06-01T00:55:23.091681","level":"info","event":"Filling up the DagBag from /home/fastnnefarious/Projects/PycharmProjects/nasa_neo_pipeline/airflow/dags/daily_nasa_neo_etl_pipeline.py","logger":"airflow.models.dagbag.DagBag"}
{"timestamp":"2025-06-01T00:55:23.730708","level":"info","event":"Creating MinIO client for endpoint: localhost:9000","logger":"src.minio_client"}
{"timestamp":"2025-06-01T00:55:23.730937","level":"info","event":"Validating MinIO connection...","logger":"src.minio_client"}
{"timestamp":"2025-06-01T00:55:23.733172","level":"info","event":"MinIO connection validated successfully","logger":"src.minio_client"}
{"timestamp":"2025-06-01T00:55:23.746444Z","level":"info","event":"[('2025-05-01', '2025-05-07')]","chan":"stdout","logger":"task"}
{"timestamp":"2025-06-01T00:55:23.750420","level":"info","event":"Input Notebook:  /home/fastnnefarious/Projects/PycharmProjects/nasa_neo_pipeline/notebooks/NeoApiClient.ipynb","logger":"papermill"}
{"timestamp":"2025-06-01T00:55:23.750490","level":"info","event":"Output Notebook: /home/fastnnefarious/Projects/PycharmProjects/nasa_neo_pipeline/notebooks/tmp/silver/2025-05-31 19:55:23-OUT_NeoApiClient.ipynb","logger":"papermill"}
{"timestamp":"2025-06-01T00:55:24.575684","level":"info","event":"Executing notebook with kernel: nasa_spark_kernel","logger":"papermill"}
{"timestamp":"2025-06-01T00:55:25.594207Z","level":"error","event":"25/05/31 19:55:25 WARN Utils: Your hostname, newlife resolves to a loopback address: 127.0.1.1; using 192.168.0.196 instead (on interface wlp0s20f3)","chan":"stderr","logger":"task"}
{"timestamp":"2025-06-01T00:55:25.595414Z","level":"error","event":"25/05/31 19:55:25 WARN Utils: Set SPARK_LOCAL_IP if you need to bind to another address","chan":"stderr","logger":"task"}
{"timestamp":"2025-06-01T00:55:25.694902Z","level":"info","event":":: loading settings :: url = jar:file:/home/fastnnefarious/Projects/PycharmProjects/nasa_neo_pipeline/.venv/lib/python3.12/site-packages/pyspark/jars/ivy-2.5.1.jar!/org/apache/ivy/core/settings/ivysettings.xml","chan":"stdout","logger":"task"}
{"timestamp":"2025-06-01T00:55:25.729001Z","level":"error","event":"Ivy Default Cache set to: /home/fastnnefarious/.ivy2/cache","chan":"stderr","logger":"task"}
{"timestamp":"2025-06-01T00:55:25.729164Z","level":"error","event":"The jars for the packages stored in: /home/fastnnefarious/.ivy2/jars","chan":"stderr","logger":"task"}
{"timestamp":"2025-06-01T00:55:25.731815Z","level":"error","event":"org.apache.iceberg#iceberg-spark-runtime-3.5_2.12 added as a dependency","chan":"stderr","logger":"task"}
{"timestamp":"2025-06-01T00:55:25.731978Z","level":"error","event":"org.apache.hadoop#hadoop-aws added as a dependency","chan":"stderr","logger":"task"}
{"timestamp":"2025-06-01T00:55:25.732045Z","level":"error","event":"org.apache.hadoop#hadoop-common added as a dependency","chan":"stderr","logger":"task"}
{"timestamp":"2025-06-01T00:55:25.732093Z","level":"error","event":"com.amazonaws#aws-java-sdk-bundle added as a dependency","chan":"stderr","logger":"task"}
{"timestamp":"2025-06-01T00:55:25.732433Z","level":"error","event":":: resolving dependencies :: org.apache.spark#spark-submit-parent-29a79323-1856-4ea6-aac3-d2f97a00ce7f;1.0","chan":"stderr","logger":"task"}
{"timestamp":"2025-06-01T00:55:25.732511Z","level":"error","event":"\tconfs: [default]","chan":"stderr","logger":"task"}
{"timestamp":"2025-06-01T00:55:25.797257Z","level":"error","event":"\tfound org.apache.iceberg#iceberg-spark-runtime-3.5_2.12;1.4.3 in central","chan":"stderr","logger":"task"}
{"timestamp":"2025-06-01T00:55:25.843918Z","level":"error","event":"\tfound org.apache.hadoop#hadoop-aws;3.3.4 in central","chan":"stderr","logger":"task"}
{"timestamp":"2025-06-01T00:55:25.865138Z","level":"error","event":"\tfound org.wildfly.openssl#wildfly-openssl;1.0.7.Final in central","chan":"stderr","logger":"task"}
{"timestamp":"2025-06-01T00:55:25.908482Z","level":"error","event":"\tfound org.apache.hadoop#hadoop-common;3.3.4 in central","chan":"stderr","logger":"task"}
{"timestamp":"2025-06-01T00:55:25.954924Z","level":"error","event":"\tfound org.apache.hadoop.thirdparty#hadoop-shaded-protobuf_3_7;1.1.1 in central","chan":"stderr","logger":"task"}
{"timestamp":"2025-06-01T00:55:26.007752Z","level":"error","event":"\tfound org.apache.hadoop#hadoop-annotations;3.3.4 in central","chan":"stderr","logger":"task"}
{"timestamp":"2025-06-01T00:55:26.029967Z","level":"error","event":"\tfound org.apache.hadoop.thirdparty#hadoop-shaded-guava;1.1.1 in central","chan":"stderr","logger":"task"}
{"timestamp":"2025-06-01T00:55:26.050492Z","level":"error","event":"\tfound com.google.guava#guava;27.0-jre in central","chan":"stderr","logger":"task"}
{"timestamp":"2025-06-01T00:55:26.070795Z","level":"error","event":"\tfound com.google.guava#failureaccess;1.0 in central","chan":"stderr","logger":"task"}
{"timestamp":"2025-06-01T00:55:26.088626Z","level":"error","event":"\tfound com.google.guava#listenablefuture;9999.0-empty-to-avoid-conflict-with-guava in central","chan":"stderr","logger":"task"}
{"timestamp":"2025-06-01T00:55:26.106306Z","level":"error","event":"\tfound com.google.code.findbugs#jsr305;3.0.2 in central","chan":"stderr","logger":"task"}
{"timestamp":"2025-06-01T00:55:26.124194Z","level":"error","event":"\tfound org.checkerframework#checker-qual;2.5.2 in central","chan":"stderr","logger":"task"}
{"timestamp":"2025-06-01T00:55:26.147121Z","level":"error","event":"\tfound com.google.j2objc#j2objc-annotations;1.1 in central","chan":"stderr","logger":"task"}
{"timestamp":"2025-06-01T00:55:26.166427Z","level":"error","event":"\tfound org.codehaus.mojo#animal-sniffer-annotations;1.17 in central","chan":"stderr","logger":"task"}
{"timestamp":"2025-06-01T00:55:26.182229Z","level":"error","event":"\tfound commons-cli#commons-cli;1.2 in central","chan":"stderr","logger":"task"}
{"timestamp":"2025-06-01T00:55:26.199331Z","level":"error","event":"\tfound org.apache.commons#commons-math3;3.1.1 in central","chan":"stderr","logger":"task"}
{"timestamp":"2025-06-01T00:55:26.215016Z","level":"error","event":"\tfound org.apache.httpcomponents#httpclient;4.5.13 in central","chan":"stderr","logger":"task"}
{"timestamp":"2025-06-01T00:55:26.229544Z","level":"error","event":"\tfound org.apache.httpcomponents#httpcore;4.4.13 in central","chan":"stderr","logger":"task"}
{"timestamp":"2025-06-01T00:55:26.236988Z","level":"error","event":"\tfound commons-logging#commons-logging;1.1.3 in central","chan":"stderr","logger":"task"}
{"timestamp":"2025-06-01T00:55:26.245082Z","level":"error","event":"\tfound commons-codec#commons-codec;1.15 in central","chan":"stderr","logger":"task"}
{"timestamp":"2025-06-01T00:55:26.260428Z","level":"error","event":"\tfound commons-io#commons-io;2.8.0 in central","chan":"stderr","logger":"task"}
{"timestamp":"2025-06-01T00:55:26.274066Z","level":"error","event":"\tfound commons-net#commons-net;3.6 in central","chan":"stderr","logger":"task"}
{"timestamp":"2025-06-01T00:55:26.290958Z","level":"error","event":"\tfound commons-collections#commons-collections;3.2.2 in central","chan":"stderr","logger":"task"}
{"timestamp":"2025-06-01T00:55:26.300040Z","level":"error","event":"\tfound javax.servlet#javax.servlet-api;3.1.0 in central","chan":"stderr","logger":"task"}
{"timestamp":"2025-06-01T00:55:26.310296Z","level":"error","event":"\tfound org.eclipse.jetty#jetty-server;9.4.43.v20210629 in central","chan":"stderr","logger":"task"}
{"timestamp":"2025-06-01T00:55:26.320966Z","level":"error","event":"\tfound org.eclipse.jetty#jetty-http;9.4.43.v20210629 in central","chan":"stderr","logger":"task"}
{"timestamp":"2025-06-01T00:55:26.332789Z","level":"error","event":"\tfound org.eclipse.jetty#jetty-util;9.4.43.v20210629 in central","chan":"stderr","logger":"task"}
{"timestamp":"2025-06-01T00:55:26.340844Z","level":"error","event":"\tfound org.eclipse.jetty#jetty-io;9.4.43.v20210629 in central","chan":"stderr","logger":"task"}
{"timestamp":"2025-06-01T00:55:26.349044Z","level":"error","event":"\tfound org.eclipse.jetty#jetty-servlet;9.4.43.v20210629 in central","chan":"stderr","logger":"task"}
{"timestamp":"2025-06-01T00:55:26.356817Z","level":"error","event":"\tfound org.eclipse.jetty#jetty-security;9.4.43.v20210629 in central","chan":"stderr","logger":"task"}
{"timestamp":"2025-06-01T00:55:26.370259Z","level":"error","event":"\tfound org.eclipse.jetty#jetty-util-ajax;9.4.43.v20210629 in central","chan":"stderr","logger":"task"}
{"timestamp":"2025-06-01T00:55:26.379286Z","level":"error","event":"\tfound org.eclipse.jetty#jetty-webapp;9.4.43.v20210629 in central","chan":"stderr","logger":"task"}
{"timestamp":"2025-06-01T00:55:26.386795Z","level":"error","event":"\tfound org.eclipse.jetty#jetty-xml;9.4.43.v20210629 in central","chan":"stderr","logger":"task"}
{"timestamp":"2025-06-01T00:55:26.395133Z","level":"error","event":"\tfound com.sun.jersey#jersey-core;1.19 in central","chan":"stderr","logger":"task"}
{"timestamp":"2025-06-01T00:55:26.403427Z","level":"error","event":"\tfound javax.ws.rs#jsr311-api;1.1.1 in central","chan":"stderr","logger":"task"}
{"timestamp":"2025-06-01T00:55:26.411994Z","level":"error","event":"\tfound com.sun.jersey#jersey-servlet;1.19 in central","chan":"stderr","logger":"task"}
{"timestamp":"2025-06-01T00:55:26.424352Z","level":"error","event":"\tfound com.sun.jersey#jersey-server;1.19 in central","chan":"stderr","logger":"task"}
{"timestamp":"2025-06-01T00:55:26.436282Z","level":"error","event":"\tfound com.sun.jersey#jersey-json;1.19 in central","chan":"stderr","logger":"task"}
{"timestamp":"2025-06-01T00:55:26.448972Z","level":"error","event":"\tfound org.codehaus.jettison#jettison;1.1 in central","chan":"stderr","logger":"task"}
{"timestamp":"2025-06-01T00:55:26.460277Z","level":"error","event":"\tfound com.sun.xml.bind#jaxb-impl;2.2.3-1 in central","chan":"stderr","logger":"task"}
{"timestamp":"2025-06-01T00:55:26.471587Z","level":"error","event":"\tfound javax.xml.bind#jaxb-api;2.2.11 in central","chan":"stderr","logger":"task"}
{"timestamp":"2025-06-01T00:55:26.483792Z","level":"error","event":"\tfound org.codehaus.jackson#jackson-core-asl;1.9.13 in central","chan":"stderr","logger":"task"}
{"timestamp":"2025-06-01T00:55:26.496303Z","level":"error","event":"\tfound org.codehaus.jackson#jackson-mapper-asl;1.9.13 in central","chan":"stderr","logger":"task"}
{"timestamp":"2025-06-01T00:55:26.511964Z","level":"error","event":"\tfound org.codehaus.jackson#jackson-jaxrs;1.9.13 in central","chan":"stderr","logger":"task"}
{"timestamp":"2025-06-01T00:55:26.522470Z","level":"error","event":"\tfound org.codehaus.jackson#jackson-xc;1.9.13 in central","chan":"stderr","logger":"task"}
{"timestamp":"2025-06-01T00:55:26.535777Z","level":"error","event":"\tfound ch.qos.reload4j#reload4j;1.2.22 in central","chan":"stderr","logger":"task"}
{"timestamp":"2025-06-01T00:55:26.545751Z","level":"error","event":"\tfound commons-beanutils#commons-beanutils;1.9.4 in central","chan":"stderr","logger":"task"}
{"timestamp":"2025-06-01T00:55:26.556860Z","level":"error","event":"\tfound org.apache.commons#commons-configuration2;2.1.1 in central","chan":"stderr","logger":"task"}
{"timestamp":"2025-06-01T00:55:26.568480Z","level":"error","event":"\tfound org.apache.commons#commons-lang3;3.12.0 in central","chan":"stderr","logger":"task"}
{"timestamp":"2025-06-01T00:55:26.579494Z","level":"error","event":"\tfound org.apache.commons#commons-text;1.4 in central","chan":"stderr","logger":"task"}
{"timestamp":"2025-06-01T00:55:26.589843Z","level":"error","event":"\tfound org.slf4j#slf4j-api;1.7.36 in central","chan":"stderr","logger":"task"}
{"timestamp":"2025-06-01T00:55:26.600112Z","level":"error","event":"\tfound org.slf4j#slf4j-reload4j;1.7.36 in central","chan":"stderr","logger":"task"}
{"timestamp":"2025-06-01T00:55:26.611947Z","level":"error","event":"\tfound org.apache.avro#avro;1.7.7 in central","chan":"stderr","logger":"task"}
{"timestamp":"2025-06-01T00:55:26.623576Z","level":"error","event":"\tfound com.thoughtworks.paranamer#paranamer;2.3 in central","chan":"stderr","logger":"task"}
{"timestamp":"2025-06-01T00:55:26.633757Z","level":"error","event":"\tfound org.xerial.snappy#snappy-java;1.1.8.2 in central","chan":"stderr","logger":"task"}
{"timestamp":"2025-06-01T00:55:26.645645Z","level":"error","event":"\tfound org.apache.commons#commons-compress;1.21 in central","chan":"stderr","logger":"task"}
{"timestamp":"2025-06-01T00:55:26.657685Z","level":"error","event":"\tfound com.google.re2j#re2j;1.1 in central","chan":"stderr","logger":"task"}
{"timestamp":"2025-06-01T00:55:26.665690Z","level":"error","event":"\tfound com.google.protobuf#protobuf-java;2.5.0 in central","chan":"stderr","logger":"task"}
{"timestamp":"2025-06-01T00:55:26.678177Z","level":"error","event":"\tfound com.google.code.gson#gson;2.8.9 in central","chan":"stderr","logger":"task"}
{"timestamp":"2025-06-01T00:55:26.695751Z","level":"error","event":"\tfound org.apache.hadoop#hadoop-auth;3.3.4 in central","chan":"stderr","logger":"task"}
{"timestamp":"2025-06-01T00:55:26.708992Z","level":"error","event":"\tfound com.nimbusds#nimbus-jose-jwt;9.8.1 in central","chan":"stderr","logger":"task"}
{"timestamp":"2025-06-01T00:55:26.719411Z","level":"error","event":"\tfound com.github.stephenc.jcip#jcip-annotations;1.0-1 in central","chan":"stderr","logger":"task"}
{"timestamp":"2025-06-01T00:55:26.728267Z","level":"error","event":"\tfound net.minidev#json-smart;2.4.7 in central","chan":"stderr","logger":"task"}
{"timestamp":"2025-06-01T00:55:26.738028Z","level":"error","event":"\tfound net.minidev#accessors-smart;2.4.7 in central","chan":"stderr","logger":"task"}
{"timestamp":"2025-06-01T00:55:26.747887Z","level":"error","event":"\tfound org.ow2.asm#asm;5.0.4 in central","chan":"stderr","logger":"task"}
{"timestamp":"2025-06-01T00:55:26.758453Z","level":"error","event":"\tfound org.apache.zookeeper#zookeeper;3.5.6 in central","chan":"stderr","logger":"task"}
{"timestamp":"2025-06-01T00:55:26.770047Z","level":"error","event":"\tfound org.apache.zookeeper#zookeeper-jute;3.5.6 in central","chan":"stderr","logger":"task"}
{"timestamp":"2025-06-01T00:55:26.779741Z","level":"error","event":"\tfound org.apache.yetus#audience-annotations;0.5.0 in central","chan":"stderr","logger":"task"}
{"timestamp":"2025-06-01T00:55:26.791805Z","level":"error","event":"\tfound org.apache.curator#curator-framework;4.2.0 in central","chan":"stderr","logger":"task"}
{"timestamp":"2025-06-01T00:55:26.802635Z","level":"error","event":"\tfound org.apache.curator#curator-client;4.2.0 in central","chan":"stderr","logger":"task"}
{"timestamp":"2025-06-01T00:55:26.812700Z","level":"error","event":"\tfound org.apache.kerby#kerb-simplekdc;1.0.1 in central","chan":"stderr","logger":"task"}
{"timestamp":"2025-06-01T00:55:26.825656Z","level":"error","event":"\tfound org.apache.kerby#kerb-client;1.0.1 in central","chan":"stderr","logger":"task"}
{"timestamp":"2025-06-01T00:55:26.833915Z","level":"error","event":"\tfound org.apache.kerby#kerby-config;1.0.1 in central","chan":"stderr","logger":"task"}
{"timestamp":"2025-06-01T00:55:26.843378Z","level":"error","event":"\tfound org.apache.kerby#kerb-core;1.0.1 in central","chan":"stderr","logger":"task"}
{"timestamp":"2025-06-01T00:55:26.851167Z","level":"error","event":"\tfound org.apache.kerby#kerby-pkix;1.0.1 in central","chan":"stderr","logger":"task"}
{"timestamp":"2025-06-01T00:55:26.859839Z","level":"error","event":"\tfound org.apache.kerby#kerby-asn1;1.0.1 in central","chan":"stderr","logger":"task"}
{"timestamp":"2025-06-01T00:55:26.869070Z","level":"error","event":"\tfound org.apache.kerby#kerby-util;1.0.1 in central","chan":"stderr","logger":"task"}
{"timestamp":"2025-06-01T00:55:26.878777Z","level":"error","event":"\tfound org.apache.kerby#kerb-common;1.0.1 in central","chan":"stderr","logger":"task"}
{"timestamp":"2025-06-01T00:55:26.887653Z","level":"error","event":"\tfound org.apache.kerby#kerb-crypto;1.0.1 in central","chan":"stderr","logger":"task"}
{"timestamp":"2025-06-01T00:55:26.898546Z","level":"error","event":"\tfound org.apache.kerby#kerb-util;1.0.1 in central","chan":"stderr","logger":"task"}
{"timestamp":"2025-06-01T00:55:26.907091Z","level":"error","event":"\tfound org.apache.kerby#token-provider;1.0.1 in central","chan":"stderr","logger":"task"}
{"timestamp":"2025-06-01T00:55:26.913482Z","level":"error","event":"\tfound org.apache.kerby#kerb-admin;1.0.1 in central","chan":"stderr","logger":"task"}
{"timestamp":"2025-06-01T00:55:26.919630Z","level":"error","event":"\tfound org.apache.kerby#kerb-server;1.0.1 in central","chan":"stderr","logger":"task"}
{"timestamp":"2025-06-01T00:55:26.931592Z","level":"error","event":"\tfound org.apache.kerby#kerb-identity;1.0.1 in central","chan":"stderr","logger":"task"}
{"timestamp":"2025-06-01T00:55:26.940264Z","level":"error","event":"\tfound org.apache.kerby#kerby-xdr;1.0.1 in central","chan":"stderr","logger":"task"}
{"timestamp":"2025-06-01T00:55:26.953584Z","level":"error","event":"\tfound com.jcraft#jsch;0.1.55 in central","chan":"stderr","logger":"task"}
{"timestamp":"2025-06-01T00:55:26.961608Z","level":"error","event":"\tfound org.apache.curator#curator-recipes;4.2.0 in central","chan":"stderr","logger":"task"}
{"timestamp":"2025-06-01T00:55:26.968622Z","level":"error","event":"\tfound com.fasterxml.jackson.core#jackson-databind;2.12.7 in central","chan":"stderr","logger":"task"}
{"timestamp":"2025-06-01T00:55:26.973921Z","level":"error","event":"\tfound com.fasterxml.jackson.core#jackson-annotations;2.12.7 in central","chan":"stderr","logger":"task"}
{"timestamp":"2025-06-01T00:55:26.979031Z","level":"error","event":"\tfound com.fasterxml.jackson.core#jackson-core;2.12.7 in central","chan":"stderr","logger":"task"}
{"timestamp":"2025-06-01T00:55:26.984588Z","level":"error","event":"\tfound org.codehaus.woodstox#stax2-api;4.2.1 in central","chan":"stderr","logger":"task"}
{"timestamp":"2025-06-01T00:55:26.989902Z","level":"error","event":"\tfound com.fasterxml.woodstox#woodstox-core;5.3.0 in central","chan":"stderr","logger":"task"}
{"timestamp":"2025-06-01T00:55:26.995696Z","level":"error","event":"\tfound dnsjava#dnsjava;2.1.7 in central","chan":"stderr","logger":"task"}
{"timestamp":"2025-06-01T00:55:27.002441Z","level":"error","event":"\tfound jakarta.activation#jakarta.activation-api;1.2.1 in central","chan":"stderr","logger":"task"}
{"timestamp":"2025-06-01T00:55:27.008214Z","level":"error","event":"\tfound javax.servlet.jsp#jsp-api;2.1 in central","chan":"stderr","logger":"task"}
{"timestamp":"2025-06-01T00:55:27.016030Z","level":"error","event":"\tfound com.amazonaws#aws-java-sdk-bundle;1.12.367 in central","chan":"stderr","logger":"task"}
{"timestamp":"2025-06-01T00:55:27.059705Z","level":"error","event":":: resolution report :: resolve 1300ms :: artifacts dl 27ms","chan":"stderr","logger":"task"}
{"timestamp":"2025-06-01T00:55:27.060031Z","level":"error","event":"\t:: modules in use:","chan":"stderr","logger":"task"}
{"timestamp":"2025-06-01T00:55:27.060439Z","level":"error","event":"\tch.qos.reload4j#reload4j;1.2.22 from central in [default]","chan":"stderr","logger":"task"}
{"timestamp":"2025-06-01T00:55:27.060540Z","level":"error","event":"\tcom.amazonaws#aws-java-sdk-bundle;1.12.367 from central in [default]","chan":"stderr","logger":"task"}
{"timestamp":"2025-06-01T00:55:27.060631Z","level":"error","event":"\tcom.fasterxml.jackson.core#jackson-annotations;2.12.7 from central in [default]","chan":"stderr","logger":"task"}
{"timestamp":"2025-06-01T00:55:27.060679Z","level":"error","event":"\tcom.fasterxml.jackson.core#jackson-core;2.12.7 from central in [default]","chan":"stderr","logger":"task"}
{"timestamp":"2025-06-01T00:55:27.060743Z","level":"error","event":"\tcom.fasterxml.jackson.core#jackson-databind;2.12.7 from central in [default]","chan":"stderr","logger":"task"}
{"timestamp":"2025-06-01T00:55:27.060784Z","level":"error","event":"\tcom.fasterxml.woodstox#woodstox-core;5.3.0 from central in [default]","chan":"stderr","logger":"task"}
{"timestamp":"2025-06-01T00:55:27.060824Z","level":"error","event":"\tcom.github.stephenc.jcip#jcip-annotations;1.0-1 from central in [default]","chan":"stderr","logger":"task"}
{"timestamp":"2025-06-01T00:55:27.060899Z","level":"error","event":"\tcom.google.code.findbugs#jsr305;3.0.2 from central in [default]","chan":"stderr","logger":"task"}
{"timestamp":"2025-06-01T00:55:27.060965Z","level":"error","event":"\tcom.google.code.gson#gson;2.8.9 from central in [default]","chan":"stderr","logger":"task"}
{"timestamp":"2025-06-01T00:55:27.061008Z","level":"error","event":"\tcom.google.guava#failureaccess;1.0 from central in [default]","chan":"stderr","logger":"task"}
{"timestamp":"2025-06-01T00:55:27.061049Z","level":"error","event":"\tcom.google.guava#guava;27.0-jre from central in [default]","chan":"stderr","logger":"task"}
{"timestamp":"2025-06-01T00:55:27.061089Z","level":"error","event":"\tcom.google.guava#listenablefuture;9999.0-empty-to-avoid-conflict-with-guava from central in [default]","chan":"stderr","logger":"task"}
{"timestamp":"2025-06-01T00:55:27.061161Z","level":"error","event":"\tcom.google.j2objc#j2objc-annotations;1.1 from central in [default]","chan":"stderr","logger":"task"}
{"timestamp":"2025-06-01T00:55:27.061205Z","level":"error","event":"\tcom.google.protobuf#protobuf-java;2.5.0 from central in [default]","chan":"stderr","logger":"task"}
{"timestamp":"2025-06-01T00:55:27.061246Z","level":"error","event":"\tcom.google.re2j#re2j;1.1 from central in [default]","chan":"stderr","logger":"task"}
{"timestamp":"2025-06-01T00:55:27.061288Z","level":"error","event":"\tcom.jcraft#jsch;0.1.55 from central in [default]","chan":"stderr","logger":"task"}
{"timestamp":"2025-06-01T00:55:27.061331Z","level":"error","event":"\tcom.nimbusds#nimbus-jose-jwt;9.8.1 from central in [default]","chan":"stderr","logger":"task"}
{"timestamp":"2025-06-01T00:55:27.061374Z","level":"error","event":"\tcom.sun.jersey#jersey-core;1.19 from central in [default]","chan":"stderr","logger":"task"}
{"timestamp":"2025-06-01T00:55:27.061414Z","level":"error","event":"\tcom.sun.jersey#jersey-json;1.19 from central in [default]","chan":"stderr","logger":"task"}
{"timestamp":"2025-06-01T00:55:27.061503Z","level":"error","event":"\tcom.sun.jersey#jersey-server;1.19 from central in [default]","chan":"stderr","logger":"task"}
{"timestamp":"2025-06-01T00:55:27.061560Z","level":"error","event":"\tcom.sun.jersey#jersey-servlet;1.19 from central in [default]","chan":"stderr","logger":"task"}
{"timestamp":"2025-06-01T00:55:27.061611Z","level":"error","event":"\tcom.sun.xml.bind#jaxb-impl;2.2.3-1 from central in [default]","chan":"stderr","logger":"task"}
{"timestamp":"2025-06-01T00:55:27.061652Z","level":"error","event":"\tcom.thoughtworks.paranamer#paranamer;2.3 from central in [default]","chan":"stderr","logger":"task"}
{"timestamp":"2025-06-01T00:55:27.061694Z","level":"error","event":"\tcommons-beanutils#commons-beanutils;1.9.4 from central in [default]","chan":"stderr","logger":"task"}
{"timestamp":"2025-06-01T00:55:27.061771Z","level":"error","event":"\tcommons-cli#commons-cli;1.2 from central in [default]","chan":"stderr","logger":"task"}
{"timestamp":"2025-06-01T00:55:27.061816Z","level":"error","event":"\tcommons-codec#commons-codec;1.15 from central in [default]","chan":"stderr","logger":"task"}
{"timestamp":"2025-06-01T00:55:27.061866Z","level":"error","event":"\tcommons-collections#commons-collections;3.2.2 from central in [default]","chan":"stderr","logger":"task"}
{"timestamp":"2025-06-01T00:55:27.061911Z","level":"error","event":"\tcommons-io#commons-io;2.8.0 from central in [default]","chan":"stderr","logger":"task"}
{"timestamp":"2025-06-01T00:55:27.061952Z","level":"error","event":"\tcommons-logging#commons-logging;1.1.3 from central in [default]","chan":"stderr","logger":"task"}
{"timestamp":"2025-06-01T00:55:27.062039Z","level":"error","event":"\tcommons-net#commons-net;3.6 from central in [default]","chan":"stderr","logger":"task"}
{"timestamp":"2025-06-01T00:55:27.062092Z","level":"error","event":"\tdnsjava#dnsjava;2.1.7 from central in [default]","chan":"stderr","logger":"task"}
{"timestamp":"2025-06-01T00:55:27.062135Z","level":"error","event":"\tjakarta.activation#jakarta.activation-api;1.2.1 from central in [default]","chan":"stderr","logger":"task"}
{"timestamp":"2025-06-01T00:55:27.062206Z","level":"error","event":"\tjavax.servlet#javax.servlet-api;3.1.0 from central in [default]","chan":"stderr","logger":"task"}
{"timestamp":"2025-06-01T00:55:27.062261Z","level":"error","event":"\tjavax.servlet.jsp#jsp-api;2.1 from central in [default]","chan":"stderr","logger":"task"}
{"timestamp":"2025-06-01T00:55:27.062305Z","level":"error","event":"\tjavax.ws.rs#jsr311-api;1.1.1 from central in [default]","chan":"stderr","logger":"task"}
{"timestamp":"2025-06-01T00:55:27.062348Z","level":"error","event":"\tjavax.xml.bind#jaxb-api;2.2.11 from central in [default]","chan":"stderr","logger":"task"}
{"timestamp":"2025-06-01T00:55:27.062391Z","level":"error","event":"\tnet.minidev#accessors-smart;2.4.7 from central in [default]","chan":"stderr","logger":"task"}
{"timestamp":"2025-06-01T00:55:27.062432Z","level":"error","event":"\tnet.minidev#json-smart;2.4.7 from central in [default]","chan":"stderr","logger":"task"}
{"timestamp":"2025-06-01T00:55:27.062471Z","level":"error","event":"\torg.apache.avro#avro;1.7.7 from central in [default]","chan":"stderr","logger":"task"}
{"timestamp":"2025-06-01T00:55:27.062510Z","level":"error","event":"\torg.apache.commons#commons-compress;1.21 from central in [default]","chan":"stderr","logger":"task"}
{"timestamp":"2025-06-01T00:55:27.062549Z","level":"error","event":"\torg.apache.commons#commons-configuration2;2.1.1 from central in [default]","chan":"stderr","logger":"task"}
{"timestamp":"2025-06-01T00:55:27.062647Z","level":"error","event":"\torg.apache.commons#commons-lang3;3.12.0 from central in [default]","chan":"stderr","logger":"task"}
{"timestamp":"2025-06-01T00:55:27.062701Z","level":"error","event":"\torg.apache.commons#commons-math3;3.1.1 from central in [default]","chan":"stderr","logger":"task"}
{"timestamp":"2025-06-01T00:55:27.062779Z","level":"error","event":"\torg.apache.commons#commons-text;1.4 from central in [default]","chan":"stderr","logger":"task"}
{"timestamp":"2025-06-01T00:55:27.062827Z","level":"error","event":"\torg.apache.curator#curator-client;4.2.0 from central in [default]","chan":"stderr","logger":"task"}
{"timestamp":"2025-06-01T00:55:27.062867Z","level":"error","event":"\torg.apache.curator#curator-framework;4.2.0 from central in [default]","chan":"stderr","logger":"task"}
{"timestamp":"2025-06-01T00:55:27.062908Z","level":"error","event":"\torg.apache.curator#curator-recipes;4.2.0 from central in [default]","chan":"stderr","logger":"task"}
{"timestamp":"2025-06-01T00:55:27.062952Z","level":"error","event":"\torg.apache.hadoop#hadoop-annotations;3.3.4 from central in [default]","chan":"stderr","logger":"task"}
{"timestamp":"2025-06-01T00:55:27.062992Z","level":"error","event":"\torg.apache.hadoop#hadoop-auth;3.3.4 from central in [default]","chan":"stderr","logger":"task"}
{"timestamp":"2025-06-01T00:55:27.063032Z","level":"error","event":"\torg.apache.hadoop#hadoop-aws;3.3.4 from central in [default]","chan":"stderr","logger":"task"}
{"timestamp":"2025-06-01T00:55:27.063074Z","level":"error","event":"\torg.apache.hadoop#hadoop-common;3.3.4 from central in [default]","chan":"stderr","logger":"task"}
{"timestamp":"2025-06-01T00:55:27.063113Z","level":"error","event":"\torg.apache.hadoop.thirdparty#hadoop-shaded-guava;1.1.1 from central in [default]","chan":"stderr","logger":"task"}
{"timestamp":"2025-06-01T00:55:27.063154Z","level":"error","event":"\torg.apache.hadoop.thirdparty#hadoop-shaded-protobuf_3_7;1.1.1 from central in [default]","chan":"stderr","logger":"task"}
{"timestamp":"2025-06-01T00:55:27.063194Z","level":"error","event":"\torg.apache.httpcomponents#httpclient;4.5.13 from central in [default]","chan":"stderr","logger":"task"}
{"timestamp":"2025-06-01T00:55:27.063235Z","level":"error","event":"\torg.apache.httpcomponents#httpcore;4.4.13 from central in [default]","chan":"stderr","logger":"task"}
{"timestamp":"2025-06-01T00:55:27.063275Z","level":"error","event":"\torg.apache.iceberg#iceberg-spark-runtime-3.5_2.12;1.4.3 from central in [default]","chan":"stderr","logger":"task"}
{"timestamp":"2025-06-01T00:55:27.063329Z","level":"error","event":"\torg.apache.kerby#kerb-admin;1.0.1 from central in [default]","chan":"stderr","logger":"task"}
{"timestamp":"2025-06-01T00:55:27.063371Z","level":"error","event":"\torg.apache.kerby#kerb-client;1.0.1 from central in [default]","chan":"stderr","logger":"task"}
{"timestamp":"2025-06-01T00:55:27.063509Z","level":"error","event":"\torg.apache.kerby#kerb-common;1.0.1 from central in [default]","chan":"stderr","logger":"task"}
{"timestamp":"2025-06-01T00:55:27.063586Z","level":"error","event":"\torg.apache.kerby#kerb-core;1.0.1 from central in [default]","chan":"stderr","logger":"task"}
{"timestamp":"2025-06-01T00:55:27.063647Z","level":"error","event":"\torg.apache.kerby#kerb-crypto;1.0.1 from central in [default]","chan":"stderr","logger":"task"}
{"timestamp":"2025-06-01T00:55:27.063697Z","level":"error","event":"\torg.apache.kerby#kerb-identity;1.0.1 from central in [default]","chan":"stderr","logger":"task"}
{"timestamp":"2025-06-01T00:55:27.063783Z","level":"error","event":"\torg.apache.kerby#kerb-server;1.0.1 from central in [default]","chan":"stderr","logger":"task"}
{"timestamp":"2025-06-01T00:55:27.063838Z","level":"error","event":"\torg.apache.kerby#kerb-simplekdc;1.0.1 from central in [default]","chan":"stderr","logger":"task"}
{"timestamp":"2025-06-01T00:55:27.063882Z","level":"error","event":"\torg.apache.kerby#kerb-util;1.0.1 from central in [default]","chan":"stderr","logger":"task"}
{"timestamp":"2025-06-01T00:55:27.063932Z","level":"error","event":"\torg.apache.kerby#kerby-asn1;1.0.1 from central in [default]","chan":"stderr","logger":"task"}
{"timestamp":"2025-06-01T00:55:27.063977Z","level":"error","event":"\torg.apache.kerby#kerby-config;1.0.1 from central in [default]","chan":"stderr","logger":"task"}
{"timestamp":"2025-06-01T00:55:27.064016Z","level":"error","event":"\torg.apache.kerby#kerby-pkix;1.0.1 from central in [default]","chan":"stderr","logger":"task"}
{"timestamp":"2025-06-01T00:55:27.064053Z","level":"error","event":"\torg.apache.kerby#kerby-util;1.0.1 from central in [default]","chan":"stderr","logger":"task"}
{"timestamp":"2025-06-01T00:55:27.064089Z","level":"error","event":"\torg.apache.kerby#kerby-xdr;1.0.1 from central in [default]","chan":"stderr","logger":"task"}
{"timestamp":"2025-06-01T00:55:27.064127Z","level":"error","event":"\torg.apache.kerby#token-provider;1.0.1 from central in [default]","chan":"stderr","logger":"task"}
{"timestamp":"2025-06-01T00:55:27.064166Z","level":"error","event":"\torg.apache.yetus#audience-annotations;0.5.0 from central in [default]","chan":"stderr","logger":"task"}
{"timestamp":"2025-06-01T00:55:27.064214Z","level":"error","event":"\torg.apache.zookeeper#zookeeper;3.5.6 from central in [default]","chan":"stderr","logger":"task"}
{"timestamp":"2025-06-01T00:55:27.064256Z","level":"error","event":"\torg.apache.zookeeper#zookeeper-jute;3.5.6 from central in [default]","chan":"stderr","logger":"task"}
{"timestamp":"2025-06-01T00:55:27.064295Z","level":"error","event":"\torg.checkerframework#checker-qual;2.5.2 from central in [default]","chan":"stderr","logger":"task"}
{"timestamp":"2025-06-01T00:55:27.064336Z","level":"error","event":"\torg.codehaus.jackson#jackson-core-asl;1.9.13 from central in [default]","chan":"stderr","logger":"task"}
{"timestamp":"2025-06-01T00:55:27.064376Z","level":"error","event":"\torg.codehaus.jackson#jackson-jaxrs;1.9.13 from central in [default]","chan":"stderr","logger":"task"}
{"timestamp":"2025-06-01T00:55:27.064415Z","level":"error","event":"\torg.codehaus.jackson#jackson-mapper-asl;1.9.13 from central in [default]","chan":"stderr","logger":"task"}
{"timestamp":"2025-06-01T00:55:27.064523Z","level":"error","event":"\torg.codehaus.jackson#jackson-xc;1.9.13 from central in [default]","chan":"stderr","logger":"task"}
{"timestamp":"2025-06-01T00:55:27.064575Z","level":"error","event":"\torg.codehaus.jettison#jettison;1.1 from central in [default]","chan":"stderr","logger":"task"}
{"timestamp":"2025-06-01T00:55:27.064612Z","level":"error","event":"\torg.codehaus.mojo#animal-sniffer-annotations;1.17 from central in [default]","chan":"stderr","logger":"task"}
{"timestamp":"2025-06-01T00:55:27.064672Z","level":"error","event":"\torg.codehaus.woodstox#stax2-api;4.2.1 from central in [default]","chan":"stderr","logger":"task"}
{"timestamp":"2025-06-01T00:55:27.064728Z","level":"error","event":"\torg.eclipse.jetty#jetty-http;9.4.43.v20210629 from central in [default]","chan":"stderr","logger":"task"}
{"timestamp":"2025-06-01T00:55:27.064925Z","level":"error","event":"\torg.eclipse.jetty#jetty-io;9.4.43.v20210629 from central in [default]","chan":"stderr","logger":"task"}
{"timestamp":"2025-06-01T00:55:27.065029Z","level":"error","event":"\torg.eclipse.jetty#jetty-security;9.4.43.v20210629 from central in [default]","chan":"stderr","logger":"task"}
{"timestamp":"2025-06-01T00:55:27.065105Z","level":"error","event":"\torg.eclipse.jetty#jetty-server;9.4.43.v20210629 from central in [default]","chan":"stderr","logger":"task"}
{"timestamp":"2025-06-01T00:55:27.065169Z","level":"error","event":"\torg.eclipse.jetty#jetty-servlet;9.4.43.v20210629 from central in [default]","chan":"stderr","logger":"task"}
{"timestamp":"2025-06-01T00:55:27.065228Z","level":"error","event":"\torg.eclipse.jetty#jetty-util;9.4.43.v20210629 from central in [default]","chan":"stderr","logger":"task"}
{"timestamp":"2025-06-01T00:55:27.065290Z","level":"error","event":"\torg.eclipse.jetty#jetty-util-ajax;9.4.43.v20210629 from central in [default]","chan":"stderr","logger":"task"}
{"timestamp":"2025-06-01T00:55:27.065349Z","level":"error","event":"\torg.eclipse.jetty#jetty-webapp;9.4.43.v20210629 from central in [default]","chan":"stderr","logger":"task"}
{"timestamp":"2025-06-01T00:55:27.065410Z","level":"error","event":"\torg.eclipse.jetty#jetty-xml;9.4.43.v20210629 from central in [default]","chan":"stderr","logger":"task"}
{"timestamp":"2025-06-01T00:55:27.065477Z","level":"error","event":"\torg.ow2.asm#asm;5.0.4 from central in [default]","chan":"stderr","logger":"task"}
{"timestamp":"2025-06-01T00:55:27.065544Z","level":"error","event":"\torg.slf4j#slf4j-api;1.7.36 from central in [default]","chan":"stderr","logger":"task"}
{"timestamp":"2025-06-01T00:55:27.065619Z","level":"error","event":"\torg.slf4j#slf4j-reload4j;1.7.36 from central in [default]","chan":"stderr","logger":"task"}
{"timestamp":"2025-06-01T00:55:27.065697Z","level":"error","event":"\torg.wildfly.openssl#wildfly-openssl;1.0.7.Final from central in [default]","chan":"stderr","logger":"task"}
{"timestamp":"2025-06-01T00:55:27.065809Z","level":"error","event":"\torg.xerial.snappy#snappy-java;1.1.8.2 from central in [default]","chan":"stderr","logger":"task"}
{"timestamp":"2025-06-01T00:55:27.065894Z","level":"error","event":"\t:: evicted modules:","chan":"stderr","logger":"task"}
{"timestamp":"2025-06-01T00:55:27.066094Z","level":"error","event":"\tcom.amazonaws#aws-java-sdk-bundle;1.12.262 by [com.amazonaws#aws-java-sdk-bundle;1.12.367] in [default]","chan":"stderr","logger":"task"}
{"timestamp":"2025-06-01T00:55:27.066191Z","level":"error","event":"\t---------------------------------------------------------------------","chan":"stderr","logger":"task"}
{"timestamp":"2025-06-01T00:55:27.066258Z","level":"error","event":"\t|                  |            modules            ||   artifacts   |","chan":"stderr","logger":"task"}
{"timestamp":"2025-06-01T00:55:27.066314Z","level":"error","event":"\t|       conf       | number| search|dwnlded|evicted|| number|dwnlded|","chan":"stderr","logger":"task"}
{"timestamp":"2025-06-01T00:55:27.066367Z","level":"error","event":"\t---------------------------------------------------------------------","chan":"stderr","logger":"task"}
{"timestamp":"2025-06-01T00:55:27.066421Z","level":"error","event":"\t|      default     |   97  |   0   |   0   |   1   ||   96  |   0   |","chan":"stderr","logger":"task"}
{"timestamp":"2025-06-01T00:55:27.066475Z","level":"error","event":"\t---------------------------------------------------------------------","chan":"stderr","logger":"task"}
{"timestamp":"2025-06-01T00:55:27.082697Z","level":"error","event":":: retrieving :: org.apache.spark#spark-submit-parent-29a79323-1856-4ea6-aac3-d2f97a00ce7f","chan":"stderr","logger":"task"}
{"timestamp":"2025-06-01T00:55:27.082978Z","level":"error","event":"\tconfs: [default]","chan":"stderr","logger":"task"}
{"timestamp":"2025-06-01T00:55:27.106423Z","level":"error","event":"\t0 artifacts copied, 96 already retrieved (0kB/23ms)","chan":"stderr","logger":"task"}
{"timestamp":"2025-06-01T00:55:27.332618Z","level":"error","event":"25/05/31 19:55:27 WARN NativeCodeLoader: Unable to load native-hadoop library for your platform... using builtin-java classes where applicable","chan":"stderr","logger":"task"}
{"timestamp":"2025-06-01T00:55:27.562822Z","level":"error","event":"Setting default log level to \"WARN\".","chan":"stderr","logger":"task"}
{"timestamp":"2025-06-01T00:55:27.562998Z","level":"error","event":"To adjust logging level use sc.setLogLevel(newLevel). For SparkR, use setLogLevel(newLevel).","chan":"stderr","logger":"task"}
{"timestamp":"2025-06-01T00:55:36.030661Z","level":"error","event":"\r[Stage 1:>                                                          (0 + 8) / 8]\r\r[Stage 1:====================================>                      (5 + 3) / 8]\r\r                                                                                \r25/05/31 19:55:36 WARN MetricsConfig: Cannot locate configuration: tried hadoop-metrics2-s3a-file-system.properties,hadoop-metrics2.properties","chan":"stderr","logger":"task"}
{"timestamp":"2025-06-01T00:55:36.773672Z","level":"error","event":"25/05/31 19:55:36 WARN SparkStringUtils: Truncated the string representation of a plan since it was too large. This behavior can be adjusted by setting 'spark.sql.debug.maxToStringFields'.","chan":"stderr","logger":"task"}
{"timestamp":"2025-06-01T00:55:39.377871Z","level":"error","event":"\r[Stage 3:============================================>              (6 + 2) / 8]\r\r[Stage 4:===============>                                        (57 + 8) / 200]\r\r[Stage 4:======================>                                 (81 + 9) / 200]\r\r[Stage 4:============================>                          (105 + 8) / 200]\r\r[Stage 4:==========================================>           (158 + 16) / 200]\r\r                                                                                \r25/05/31 19:55:39 WARN HadoopTableOperations: Error reading version hint file s3a://neo/neo_db/silver_asteroids/metadata/version-hint.text","chan":"stderr","logger":"task"}
{"timestamp":"2025-06-01T00:55:39.378049Z","level":"error","event":"java.io.FileNotFoundException: No such file or directory: s3a://neo/neo_db/silver_asteroids/metadata/version-hint.text","chan":"stderr","logger":"task"}
{"timestamp":"2025-06-01T00:55:39.378093Z","level":"error","event":"\tat org.apache.hadoop.fs.s3a.S3AFileSystem.s3GetFileStatus(S3AFileSystem.java:3866)","chan":"stderr","logger":"task"}
{"timestamp":"2025-06-01T00:55:39.378116Z","level":"error","event":"\tat org.apache.hadoop.fs.s3a.S3AFileSystem.innerGetFileStatus(S3AFileSystem.java:3688)","chan":"stderr","logger":"task"}
{"timestamp":"2025-06-01T00:55:39.378139Z","level":"error","event":"\tat org.apache.hadoop.fs.s3a.S3AFileSystem.extractOrFetchSimpleFileStatus(S3AFileSystem.java:5401)","chan":"stderr","logger":"task"}
{"timestamp":"2025-06-01T00:55:39.378160Z","level":"error","event":"\tat org.apache.hadoop.fs.s3a.S3AFileSystem.open(S3AFileSystem.java:1465)","chan":"stderr","logger":"task"}
{"timestamp":"2025-06-01T00:55:39.378180Z","level":"error","event":"\tat org.apache.hadoop.fs.s3a.S3AFileSystem.open(S3AFileSystem.java:1441)","chan":"stderr","logger":"task"}
{"timestamp":"2025-06-01T00:55:39.378199Z","level":"error","event":"\tat org.apache.hadoop.fs.FileSystem.open(FileSystem.java:976)","chan":"stderr","logger":"task"}
{"timestamp":"2025-06-01T00:55:39.378219Z","level":"error","event":"\tat org.apache.iceberg.hadoop.HadoopTableOperations.findVersion(HadoopTableOperations.java:318)","chan":"stderr","logger":"task"}
{"timestamp":"2025-06-01T00:55:39.378237Z","level":"error","event":"\tat org.apache.iceberg.hadoop.HadoopTableOperations.refresh(HadoopTableOperations.java:104)","chan":"stderr","logger":"task"}
{"timestamp":"2025-06-01T00:55:39.378322Z","level":"error","event":"\tat org.apache.iceberg.BaseTransaction.lambda$commitReplaceTransaction$1(BaseTransaction.java:358)","chan":"stderr","logger":"task"}
{"timestamp":"2025-06-01T00:55:39.378350Z","level":"error","event":"\tat org.apache.iceberg.util.Tasks$Builder.runTaskWithRetry(Tasks.java:413)","chan":"stderr","logger":"task"}
{"timestamp":"2025-06-01T00:55:39.378371Z","level":"error","event":"\tat org.apache.iceberg.util.Tasks$Builder.runSingleThreaded(Tasks.java:219)","chan":"stderr","logger":"task"}
{"timestamp":"2025-06-01T00:55:39.378392Z","level":"error","event":"\tat org.apache.iceberg.util.Tasks$Builder.run(Tasks.java:203)","chan":"stderr","logger":"task"}
{"timestamp":"2025-06-01T00:55:39.378412Z","level":"error","event":"\tat org.apache.iceberg.util.Tasks$Builder.run(Tasks.java:196)","chan":"stderr","logger":"task"}
{"timestamp":"2025-06-01T00:55:39.378781Z","level":"error","event":"\tat org.apache.iceberg.BaseTransaction.commitReplaceTransaction(BaseTransaction.java:355)","chan":"stderr","logger":"task"}
{"timestamp":"2025-06-01T00:55:39.378804Z","level":"error","event":"\tat org.apache.iceberg.BaseTransaction.commitTransaction(BaseTransaction.java:304)","chan":"stderr","logger":"task"}
{"timestamp":"2025-06-01T00:55:39.378823Z","level":"error","event":"\tat org.apache.iceberg.CommitCallbackTransaction.commitTransaction(CommitCallbackTransaction.java:121)","chan":"stderr","logger":"task"}
{"timestamp":"2025-06-01T00:55:39.378844Z","level":"error","event":"\tat org.apache.iceberg.spark.source.StagedSparkTable.commitStagedChanges(StagedSparkTable.java:34)","chan":"stderr","logger":"task"}
{"timestamp":"2025-06-01T00:55:39.378864Z","level":"error","event":"\tat org.apache.spark.sql.execution.datasources.v2.V2CreateTableAsSelectBaseExec.$anonfun$writeToTable$1(WriteToDataSourceV2Exec.scala:580)","chan":"stderr","logger":"task"}
{"timestamp":"2025-06-01T00:55:39.378885Z","level":"error","event":"\tat org.apache.spark.util.Utils$.tryWithSafeFinallyAndFailureCallbacks(Utils.scala:1397)","chan":"stderr","logger":"task"}
{"timestamp":"2025-06-01T00:55:39.378907Z","level":"error","event":"\tat org.apache.spark.sql.execution.datasources.v2.V2CreateTableAsSelectBaseExec.writeToTable(WriteToDataSourceV2Exec.scala:573)","chan":"stderr","logger":"task"}
{"timestamp":"2025-06-01T00:55:39.378928Z","level":"error","event":"\tat org.apache.spark.sql.execution.datasources.v2.V2CreateTableAsSelectBaseExec.writeToTable$(WriteToDataSourceV2Exec.scala:567)","chan":"stderr","logger":"task"}
{"timestamp":"2025-06-01T00:55:39.378948Z","level":"error","event":"\tat org.apache.spark.sql.execution.datasources.v2.AtomicReplaceTableAsSelectExec.writeToTable(WriteToDataSourceV2Exec.scala:183)","chan":"stderr","logger":"task"}
{"timestamp":"2025-06-01T00:55:39.378968Z","level":"error","event":"\tat org.apache.spark.sql.execution.datasources.v2.AtomicReplaceTableAsSelectExec.run(WriteToDataSourceV2Exec.scala:216)","chan":"stderr","logger":"task"}
{"timestamp":"2025-06-01T00:55:39.378988Z","level":"error","event":"\tat org.apache.spark.sql.execution.datasources.v2.V2CommandExec.result$lzycompute(V2CommandExec.scala:43)","chan":"stderr","logger":"task"}
{"timestamp":"2025-06-01T00:55:39.379008Z","level":"error","event":"\tat org.apache.spark.sql.execution.datasources.v2.V2CommandExec.result(V2CommandExec.scala:43)","chan":"stderr","logger":"task"}
{"timestamp":"2025-06-01T00:55:39.379028Z","level":"error","event":"\tat org.apache.spark.sql.execution.datasources.v2.V2CommandExec.executeCollect(V2CommandExec.scala:49)","chan":"stderr","logger":"task"}
{"timestamp":"2025-06-01T00:55:39.379046Z","level":"error","event":"\tat org.apache.spark.sql.execution.QueryExecution$$anonfun$eagerlyExecuteCommands$1.$anonfun$applyOrElse$1(QueryExecution.scala:107)","chan":"stderr","logger":"task"}
{"timestamp":"2025-06-01T00:55:39.379065Z","level":"error","event":"\tat org.apache.spark.sql.execution.SQLExecution$.$anonfun$withNewExecutionId$6(SQLExecution.scala:125)","chan":"stderr","logger":"task"}
{"timestamp":"2025-06-01T00:55:39.379090Z","level":"error","event":"\tat org.apache.spark.sql.execution.SQLExecution$.withSQLConfPropagated(SQLExecution.scala:201)","chan":"stderr","logger":"task"}
{"timestamp":"2025-06-01T00:55:39.379112Z","level":"error","event":"\tat org.apache.spark.sql.execution.SQLExecution$.$anonfun$withNewExecutionId$1(SQLExecution.scala:108)","chan":"stderr","logger":"task"}
{"timestamp":"2025-06-01T00:55:39.379132Z","level":"error","event":"\tat org.apache.spark.sql.SparkSession.withActive(SparkSession.scala:900)","chan":"stderr","logger":"task"}
{"timestamp":"2025-06-01T00:55:39.379151Z","level":"error","event":"\tat org.apache.spark.sql.execution.SQLExecution$.withNewExecutionId(SQLExecution.scala:66)","chan":"stderr","logger":"task"}
{"timestamp":"2025-06-01T00:55:39.379170Z","level":"error","event":"\tat org.apache.spark.sql.execution.QueryExecution$$anonfun$eagerlyExecuteCommands$1.applyOrElse(QueryExecution.scala:107)","chan":"stderr","logger":"task"}
{"timestamp":"2025-06-01T00:55:39.379189Z","level":"error","event":"\tat org.apache.spark.sql.execution.QueryExecution$$anonfun$eagerlyExecuteCommands$1.applyOrElse(QueryExecution.scala:98)","chan":"stderr","logger":"task"}
{"timestamp":"2025-06-01T00:55:39.379208Z","level":"error","event":"\tat org.apache.spark.sql.catalyst.trees.TreeNode.$anonfun$transformDownWithPruning$1(TreeNode.scala:461)","chan":"stderr","logger":"task"}
{"timestamp":"2025-06-01T00:55:39.379229Z","level":"error","event":"\tat org.apache.spark.sql.catalyst.trees.CurrentOrigin$.withOrigin(origin.scala:76)","chan":"stderr","logger":"task"}
{"timestamp":"2025-06-01T00:55:39.379249Z","level":"error","event":"\tat org.apache.spark.sql.catalyst.trees.TreeNode.transformDownWithPruning(TreeNode.scala:461)","chan":"stderr","logger":"task"}
{"timestamp":"2025-06-01T00:55:39.379267Z","level":"error","event":"\tat org.apache.spark.sql.catalyst.plans.logical.LogicalPlan.org$apache$spark$sql$catalyst$plans$logical$AnalysisHelper$$super$transformDownWithPruning(LogicalPlan.scala:32)","chan":"stderr","logger":"task"}
{"timestamp":"2025-06-01T00:55:39.379287Z","level":"error","event":"\tat org.apache.spark.sql.catalyst.plans.logical.AnalysisHelper.transformDownWithPruning(AnalysisHelper.scala:267)","chan":"stderr","logger":"task"}
{"timestamp":"2025-06-01T00:55:39.379306Z","level":"error","event":"\tat org.apache.spark.sql.catalyst.plans.logical.AnalysisHelper.transformDownWithPruning$(AnalysisHelper.scala:263)","chan":"stderr","logger":"task"}
{"timestamp":"2025-06-01T00:55:39.379324Z","level":"error","event":"\tat org.apache.spark.sql.catalyst.plans.logical.LogicalPlan.transformDownWithPruning(LogicalPlan.scala:32)","chan":"stderr","logger":"task"}
{"timestamp":"2025-06-01T00:55:39.379343Z","level":"error","event":"\tat org.apache.spark.sql.catalyst.plans.logical.LogicalPlan.transformDownWithPruning(LogicalPlan.scala:32)","chan":"stderr","logger":"task"}
{"timestamp":"2025-06-01T00:55:39.379361Z","level":"error","event":"\tat org.apache.spark.sql.catalyst.trees.TreeNode.transformDown(TreeNode.scala:437)","chan":"stderr","logger":"task"}
{"timestamp":"2025-06-01T00:55:39.379381Z","level":"error","event":"\tat org.apache.spark.sql.execution.QueryExecution.eagerlyExecuteCommands(QueryExecution.scala:98)","chan":"stderr","logger":"task"}
{"timestamp":"2025-06-01T00:55:39.379399Z","level":"error","event":"\tat org.apache.spark.sql.execution.QueryExecution.commandExecuted$lzycompute(QueryExecution.scala:85)","chan":"stderr","logger":"task"}
{"timestamp":"2025-06-01T00:55:39.379417Z","level":"error","event":"\tat org.apache.spark.sql.execution.QueryExecution.commandExecuted(QueryExecution.scala:83)","chan":"stderr","logger":"task"}
{"timestamp":"2025-06-01T00:55:39.379435Z","level":"error","event":"\tat org.apache.spark.sql.execution.QueryExecution.assertCommandExecuted(QueryExecution.scala:142)","chan":"stderr","logger":"task"}
{"timestamp":"2025-06-01T00:55:39.379453Z","level":"error","event":"\tat org.apache.spark.sql.DataFrameWriterV2.runCommand(DataFrameWriterV2.scala:196)","chan":"stderr","logger":"task"}
{"timestamp":"2025-06-01T00:55:39.379474Z","level":"error","event":"\tat org.apache.spark.sql.DataFrameWriterV2.internalReplace(DataFrameWriterV2.scala:208)","chan":"stderr","logger":"task"}
{"timestamp":"2025-06-01T00:55:39.379537Z","level":"error","event":"\tat org.apache.spark.sql.DataFrameWriterV2.createOrReplace(DataFrameWriterV2.scala:134)","chan":"stderr","logger":"task"}
{"timestamp":"2025-06-01T00:55:39.379562Z","level":"error","event":"\tat java.base/jdk.internal.reflect.NativeMethodAccessorImpl.invoke0(Native Method)","chan":"stderr","logger":"task"}
{"timestamp":"2025-06-01T00:55:39.379581Z","level":"error","event":"\tat java.base/jdk.internal.reflect.NativeMethodAccessorImpl.invoke(NativeMethodAccessorImpl.java:77)","chan":"stderr","logger":"task"}
{"timestamp":"2025-06-01T00:55:39.379601Z","level":"error","event":"\tat java.base/jdk.internal.reflect.DelegatingMethodAccessorImpl.invoke(DelegatingMethodAccessorImpl.java:43)","chan":"stderr","logger":"task"}
{"timestamp":"2025-06-01T00:55:39.379621Z","level":"error","event":"\tat java.base/java.lang.reflect.Method.invoke(Method.java:569)","chan":"stderr","logger":"task"}
{"timestamp":"2025-06-01T00:55:39.379641Z","level":"error","event":"\tat py4j.reflection.MethodInvoker.invoke(MethodInvoker.java:244)","chan":"stderr","logger":"task"}
{"timestamp":"2025-06-01T00:55:39.379660Z","level":"error","event":"\tat py4j.reflection.ReflectionEngine.invoke(ReflectionEngine.java:374)","chan":"stderr","logger":"task"}
{"timestamp":"2025-06-01T00:55:39.379680Z","level":"error","event":"\tat py4j.Gateway.invoke(Gateway.java:282)","chan":"stderr","logger":"task"}
{"timestamp":"2025-06-01T00:55:39.379699Z","level":"error","event":"\tat py4j.commands.AbstractCommand.invokeMethod(AbstractCommand.java:132)","chan":"stderr","logger":"task"}
{"timestamp":"2025-06-01T00:55:39.379740Z","level":"error","event":"\tat py4j.commands.CallCommand.execute(CallCommand.java:79)","chan":"stderr","logger":"task"}
{"timestamp":"2025-06-01T00:55:39.379763Z","level":"error","event":"\tat py4j.ClientServerConnection.waitForCommands(ClientServerConnection.java:182)","chan":"stderr","logger":"task"}
{"timestamp":"2025-06-01T00:55:39.379784Z","level":"error","event":"\tat py4j.ClientServerConnection.run(ClientServerConnection.java:106)","chan":"stderr","logger":"task"}
{"timestamp":"2025-06-01T00:55:39.379807Z","level":"error","event":"\tat java.base/java.lang.Thread.run(Thread.java:840)","chan":"stderr","logger":"task"}
{"timestamp":"2025-06-01T00:55:39.412234Z","level":"error","event":"25/05/31 19:55:39 WARN HadoopTableOperations: Error reading version hint file s3a://neo/neo_db/silver_asteroids/metadata/version-hint.text","chan":"stderr","logger":"task"}
{"timestamp":"2025-06-01T00:55:39.412443Z","level":"error","event":"java.io.FileNotFoundException: No such file or directory: s3a://neo/neo_db/silver_asteroids/metadata/version-hint.text","chan":"stderr","logger":"task"}
{"timestamp":"2025-06-01T00:55:39.412522Z","level":"error","event":"\tat org.apache.hadoop.fs.s3a.S3AFileSystem.s3GetFileStatus(S3AFileSystem.java:3866)","chan":"stderr","logger":"task"}
{"timestamp":"2025-06-01T00:55:39.412580Z","level":"error","event":"\tat org.apache.hadoop.fs.s3a.S3AFileSystem.innerGetFileStatus(S3AFileSystem.java:3688)","chan":"stderr","logger":"task"}
{"timestamp":"2025-06-01T00:55:39.412632Z","level":"error","event":"\tat org.apache.hadoop.fs.s3a.S3AFileSystem.extractOrFetchSimpleFileStatus(S3AFileSystem.java:5401)","chan":"stderr","logger":"task"}
{"timestamp":"2025-06-01T00:55:39.412683Z","level":"error","event":"\tat org.apache.hadoop.fs.s3a.S3AFileSystem.open(S3AFileSystem.java:1465)","chan":"stderr","logger":"task"}
{"timestamp":"2025-06-01T00:55:39.412751Z","level":"error","event":"\tat org.apache.hadoop.fs.s3a.S3AFileSystem.open(S3AFileSystem.java:1441)","chan":"stderr","logger":"task"}
{"timestamp":"2025-06-01T00:55:39.412800Z","level":"error","event":"\tat org.apache.hadoop.fs.FileSystem.open(FileSystem.java:976)","chan":"stderr","logger":"task"}
{"timestamp":"2025-06-01T00:55:39.412863Z","level":"error","event":"\tat org.apache.iceberg.hadoop.HadoopTableOperations.findVersion(HadoopTableOperations.java:318)","chan":"stderr","logger":"task"}
{"timestamp":"2025-06-01T00:55:39.412911Z","level":"error","event":"\tat org.apache.iceberg.hadoop.HadoopTableOperations.refresh(HadoopTableOperations.java:104)","chan":"stderr","logger":"task"}
{"timestamp":"2025-06-01T00:55:39.412958Z","level":"error","event":"\tat org.apache.iceberg.hadoop.HadoopTableOperations.current(HadoopTableOperations.java:84)","chan":"stderr","logger":"task"}
{"timestamp":"2025-06-01T00:55:39.413002Z","level":"error","event":"\tat org.apache.iceberg.BaseTransaction.lambda$commitReplaceTransaction$1(BaseTransaction.java:367)","chan":"stderr","logger":"task"}
{"timestamp":"2025-06-01T00:55:39.413055Z","level":"error","event":"\tat org.apache.iceberg.util.Tasks$Builder.runTaskWithRetry(Tasks.java:413)","chan":"stderr","logger":"task"}
{"timestamp":"2025-06-01T00:55:39.413101Z","level":"error","event":"\tat org.apache.iceberg.util.Tasks$Builder.runSingleThreaded(Tasks.java:219)","chan":"stderr","logger":"task"}
{"timestamp":"2025-06-01T00:55:39.413146Z","level":"error","event":"\tat org.apache.iceberg.util.Tasks$Builder.run(Tasks.java:203)","chan":"stderr","logger":"task"}
{"timestamp":"2025-06-01T00:55:39.413330Z","level":"error","event":"\tat org.apache.iceberg.util.Tasks$Builder.run(Tasks.java:196)","chan":"stderr","logger":"task"}
{"timestamp":"2025-06-01T00:55:39.413379Z","level":"error","event":"\tat org.apache.iceberg.BaseTransaction.commitReplaceTransaction(BaseTransaction.java:355)","chan":"stderr","logger":"task"}
{"timestamp":"2025-06-01T00:55:39.413687Z","level":"error","event":"\tat org.apache.iceberg.BaseTransaction.commitTransaction(BaseTransaction.java:304)","chan":"stderr","logger":"task"}
{"timestamp":"2025-06-01T00:55:39.413791Z","level":"error","event":"\tat org.apache.iceberg.CommitCallbackTransaction.commitTransaction(CommitCallbackTransaction.java:121)","chan":"stderr","logger":"task"}
{"timestamp":"2025-06-01T00:55:39.413935Z","level":"error","event":"\tat org.apache.iceberg.spark.source.StagedSparkTable.commitStagedChanges(StagedSparkTable.java:34)","chan":"stderr","logger":"task"}
{"timestamp":"2025-06-01T00:55:39.414046Z","level":"error","event":"\tat org.apache.spark.sql.execution.datasources.v2.V2CreateTableAsSelectBaseExec.$anonfun$writeToTable$1(WriteToDataSourceV2Exec.scala:580)","chan":"stderr","logger":"task"}
{"timestamp":"2025-06-01T00:55:39.414086Z","level":"error","event":"\tat org.apache.spark.util.Utils$.tryWithSafeFinallyAndFailureCallbacks(Utils.scala:1397)","chan":"stderr","logger":"task"}
{"timestamp":"2025-06-01T00:55:39.414123Z","level":"error","event":"\tat org.apache.spark.sql.execution.datasources.v2.V2CreateTableAsSelectBaseExec.writeToTable(WriteToDataSourceV2Exec.scala:573)","chan":"stderr","logger":"task"}
{"timestamp":"2025-06-01T00:55:39.414160Z","level":"error","event":"\tat org.apache.spark.sql.execution.datasources.v2.V2CreateTableAsSelectBaseExec.writeToTable$(WriteToDataSourceV2Exec.scala:567)","chan":"stderr","logger":"task"}
{"timestamp":"2025-06-01T00:55:39.414193Z","level":"error","event":"\tat org.apache.spark.sql.execution.datasources.v2.AtomicReplaceTableAsSelectExec.writeToTable(WriteToDataSourceV2Exec.scala:183)","chan":"stderr","logger":"task"}
{"timestamp":"2025-06-01T00:55:39.414224Z","level":"error","event":"\tat org.apache.spark.sql.execution.datasources.v2.AtomicReplaceTableAsSelectExec.run(WriteToDataSourceV2Exec.scala:216)","chan":"stderr","logger":"task"}
{"timestamp":"2025-06-01T00:55:39.414257Z","level":"error","event":"\tat org.apache.spark.sql.execution.datasources.v2.V2CommandExec.result$lzycompute(V2CommandExec.scala:43)","chan":"stderr","logger":"task"}
{"timestamp":"2025-06-01T00:55:39.414293Z","level":"error","event":"\tat org.apache.spark.sql.execution.datasources.v2.V2CommandExec.result(V2CommandExec.scala:43)","chan":"stderr","logger":"task"}
{"timestamp":"2025-06-01T00:55:39.414359Z","level":"error","event":"\tat org.apache.spark.sql.execution.datasources.v2.V2CommandExec.executeCollect(V2CommandExec.scala:49)","chan":"stderr","logger":"task"}
{"timestamp":"2025-06-01T00:55:39.414401Z","level":"error","event":"\tat org.apache.spark.sql.execution.QueryExecution$$anonfun$eagerlyExecuteCommands$1.$anonfun$applyOrElse$1(QueryExecution.scala:107)","chan":"stderr","logger":"task"}
{"timestamp":"2025-06-01T00:55:39.414613Z","level":"error","event":"\tat org.apache.spark.sql.execution.SQLExecution$.$anonfun$withNewExecutionId$6(SQLExecution.scala:125)","chan":"stderr","logger":"task"}
{"timestamp":"2025-06-01T00:55:39.414732Z","level":"error","event":"\tat org.apache.spark.sql.execution.SQLExecution$.withSQLConfPropagated(SQLExecution.scala:201)","chan":"stderr","logger":"task"}
{"timestamp":"2025-06-01T00:55:39.414805Z","level":"error","event":"\tat org.apache.spark.sql.execution.SQLExecution$.$anonfun$withNewExecutionId$1(SQLExecution.scala:108)","chan":"stderr","logger":"task"}
{"timestamp":"2025-06-01T00:55:39.414846Z","level":"error","event":"\tat org.apache.spark.sql.SparkSession.withActive(SparkSession.scala:900)","chan":"stderr","logger":"task"}
{"timestamp":"2025-06-01T00:55:39.414883Z","level":"error","event":"\tat org.apache.spark.sql.execution.SQLExecution$.withNewExecutionId(SQLExecution.scala:66)","chan":"stderr","logger":"task"}
{"timestamp":"2025-06-01T00:55:39.414920Z","level":"error","event":"\tat org.apache.spark.sql.execution.QueryExecution$$anonfun$eagerlyExecuteCommands$1.applyOrElse(QueryExecution.scala:107)","chan":"stderr","logger":"task"}
{"timestamp":"2025-06-01T00:55:39.414955Z","level":"error","event":"\tat org.apache.spark.sql.execution.QueryExecution$$anonfun$eagerlyExecuteCommands$1.applyOrElse(QueryExecution.scala:98)","chan":"stderr","logger":"task"}
{"timestamp":"2025-06-01T00:55:39.414987Z","level":"error","event":"\tat org.apache.spark.sql.catalyst.trees.TreeNode.$anonfun$transformDownWithPruning$1(TreeNode.scala:461)","chan":"stderr","logger":"task"}
{"timestamp":"2025-06-01T00:55:39.415021Z","level":"error","event":"\tat org.apache.spark.sql.catalyst.trees.CurrentOrigin$.withOrigin(origin.scala:76)","chan":"stderr","logger":"task"}
{"timestamp":"2025-06-01T00:55:39.415052Z","level":"error","event":"\tat org.apache.spark.sql.catalyst.trees.TreeNode.transformDownWithPruning(TreeNode.scala:461)","chan":"stderr","logger":"task"}
{"timestamp":"2025-06-01T00:55:39.415092Z","level":"error","event":"\tat org.apache.spark.sql.catalyst.plans.logical.LogicalPlan.org$apache$spark$sql$catalyst$plans$logical$AnalysisHelper$$super$transformDownWithPruning(LogicalPlan.scala:32)","chan":"stderr","logger":"task"}
{"timestamp":"2025-06-01T00:55:39.415130Z","level":"error","event":"\tat org.apache.spark.sql.catalyst.plans.logical.AnalysisHelper.transformDownWithPruning(AnalysisHelper.scala:267)","chan":"stderr","logger":"task"}
{"timestamp":"2025-06-01T00:55:39.415165Z","level":"error","event":"\tat org.apache.spark.sql.catalyst.plans.logical.AnalysisHelper.transformDownWithPruning$(AnalysisHelper.scala:263)","chan":"stderr","logger":"task"}
{"timestamp":"2025-06-01T00:55:39.415202Z","level":"error","event":"\tat org.apache.spark.sql.catalyst.plans.logical.LogicalPlan.transformDownWithPruning(LogicalPlan.scala:32)","chan":"stderr","logger":"task"}
{"timestamp":"2025-06-01T00:55:39.415235Z","level":"error","event":"\tat org.apache.spark.sql.catalyst.plans.logical.LogicalPlan.transformDownWithPruning(LogicalPlan.scala:32)","chan":"stderr","logger":"task"}
{"timestamp":"2025-06-01T00:55:39.415268Z","level":"error","event":"\tat org.apache.spark.sql.catalyst.trees.TreeNode.transformDown(TreeNode.scala:437)","chan":"stderr","logger":"task"}
{"timestamp":"2025-06-01T00:55:39.415309Z","level":"error","event":"\tat org.apache.spark.sql.execution.QueryExecution.eagerlyExecuteCommands(QueryExecution.scala:98)","chan":"stderr","logger":"task"}
{"timestamp":"2025-06-01T00:55:39.415346Z","level":"error","event":"\tat org.apache.spark.sql.execution.QueryExecution.commandExecuted$lzycompute(QueryExecution.scala:85)","chan":"stderr","logger":"task"}
{"timestamp":"2025-06-01T00:55:39.415400Z","level":"error","event":"\tat org.apache.spark.sql.execution.QueryExecution.commandExecuted(QueryExecution.scala:83)","chan":"stderr","logger":"task"}
{"timestamp":"2025-06-01T00:55:39.415444Z","level":"error","event":"\tat org.apache.spark.sql.execution.QueryExecution.assertCommandExecuted(QueryExecution.scala:142)","chan":"stderr","logger":"task"}
{"timestamp":"2025-06-01T00:55:39.415486Z","level":"error","event":"\tat org.apache.spark.sql.DataFrameWriterV2.runCommand(DataFrameWriterV2.scala:196)","chan":"stderr","logger":"task"}
{"timestamp":"2025-06-01T00:55:39.415531Z","level":"error","event":"\tat org.apache.spark.sql.DataFrameWriterV2.internalReplace(DataFrameWriterV2.scala:208)","chan":"stderr","logger":"task"}
{"timestamp":"2025-06-01T00:55:39.415564Z","level":"error","event":"\tat org.apache.spark.sql.DataFrameWriterV2.createOrReplace(DataFrameWriterV2.scala:134)","chan":"stderr","logger":"task"}
{"timestamp":"2025-06-01T00:55:39.415602Z","level":"error","event":"\tat java.base/jdk.internal.reflect.NativeMethodAccessorImpl.invoke0(Native Method)","chan":"stderr","logger":"task"}
{"timestamp":"2025-06-01T00:55:39.415639Z","level":"error","event":"\tat java.base/jdk.internal.reflect.NativeMethodAccessorImpl.invoke(NativeMethodAccessorImpl.java:77)","chan":"stderr","logger":"task"}
{"timestamp":"2025-06-01T00:55:39.415676Z","level":"error","event":"\tat java.base/jdk.internal.reflect.DelegatingMethodAccessorImpl.invoke(DelegatingMethodAccessorImpl.java:43)","chan":"stderr","logger":"task"}
{"timestamp":"2025-06-01T00:55:39.415730Z","level":"error","event":"\tat java.base/java.lang.reflect.Method.invoke(Method.java:569)","chan":"stderr","logger":"task"}
{"timestamp":"2025-06-01T00:55:39.415788Z","level":"error","event":"\tat py4j.reflection.MethodInvoker.invoke(MethodInvoker.java:244)","chan":"stderr","logger":"task"}
{"timestamp":"2025-06-01T00:55:39.415826Z","level":"error","event":"\tat py4j.reflection.ReflectionEngine.invoke(ReflectionEngine.java:374)","chan":"stderr","logger":"task"}
{"timestamp":"2025-06-01T00:55:39.415862Z","level":"error","event":"\tat py4j.Gateway.invoke(Gateway.java:282)","chan":"stderr","logger":"task"}
{"timestamp":"2025-06-01T00:55:39.415897Z","level":"error","event":"\tat py4j.commands.AbstractCommand.invokeMethod(AbstractCommand.java:132)","chan":"stderr","logger":"task"}
{"timestamp":"2025-06-01T00:55:39.415935Z","level":"error","event":"\tat py4j.commands.CallCommand.execute(CallCommand.java:79)","chan":"stderr","logger":"task"}
{"timestamp":"2025-06-01T00:55:39.415977Z","level":"error","event":"\tat py4j.ClientServerConnection.waitForCommands(ClientServerConnection.java:182)","chan":"stderr","logger":"task"}
{"timestamp":"2025-06-01T00:55:39.416014Z","level":"error","event":"\tat py4j.ClientServerConnection.run(ClientServerConnection.java:106)","chan":"stderr","logger":"task"}
{"timestamp":"2025-06-01T00:55:39.416053Z","level":"error","event":"\tat java.base/java.lang.Thread.run(Thread.java:840)","chan":"stderr","logger":"task"}
{"timestamp":"2025-06-01T00:55:42.489849","level":"info","event":"Pushing xcom","ti":"RuntimeTaskInstance(id=UUID('019728fc-6023-721f-8f35-15139e1a61eb'), task_id='Convert_raw_JSON_to_DataFrame', dag_id='NeoAPIPipeline', run_id='manual__2025-06-01T00:55:17.779129+00:00', try_number=1, map_index=-1, hostname='newlife', context_carrier=None, task=<Task(PapermillOperator): Convert_raw_JSON_to_DataFrame>, bundle_instance=LocalDagBundle(name=dags-folder), max_tries=0, start_date=datetime.datetime(2025, 6, 1, 0, 55, 22, 944271, tzinfo=TzInfo(UTC)), end_date=None, state=<TaskInstanceState.RUNNING: 'running'>, is_mapped=False, rendered_map_index=None)","logger":"task"}
