{"timestamp":"2025-06-01T15:32:44.305930","level":"info","event":"DAG bundles loaded: dags-folder","logger":"airflow.dag_processing.bundles.manager.DagBundlesManager"}
{"timestamp":"2025-06-01T15:32:44.309536","level":"info","event":"Filling up the DagBag from /home/fastnnefarious/Projects/PycharmProjects/nasa_neo_pipeline/airflow/dags/daily_nasa_neo_etl_pipeline2.py","logger":"airflow.models.dagbag.DagBag"}
{"timestamp":"2025-06-01T15:32:45.542224","level":"info","event":"Input Notebook:  /home/fastnnefarious/Projects/PycharmProjects/nasa_neo_pipeline/notebooks/NeoApiClient.ipynb","logger":"papermill"}
{"timestamp":"2025-06-01T15:32:45.542298","level":"info","event":"Output Notebook: /home/fastnnefarious/Projects/PycharmProjects/nasa_neo_pipeline/notebooks/tmp/gold/2025-06-01T15:30:14.916000+00:00/NeoApiClient.ipynb","logger":"papermill"}
{"timestamp":"2025-06-01T15:32:46.388922","level":"info","event":"Executing notebook with kernel: nasa_spark_kernel","logger":"papermill"}
{"timestamp":"2025-06-01T15:32:47.538603Z","level":"error","event":"\rExecuting:   0%|          | 0/9 [00:00<?, ?cell/s]\rExecuting:  11%|█         | 1/9 [00:00<00:06,  1.27cell/s]\rExecuting:  33%|███▎      | 3/9 [00:01<00:01,  3.21cell/s]25/06/01 10:32:47 WARN Utils: Your hostname, newlife resolves to a loopback address: 127.0.1.1; using 192.168.0.196 instead (on interface wlp0s20f3)","chan":"stderr","logger":"task"}
{"timestamp":"2025-06-01T15:32:47.539756Z","level":"error","event":"25/06/01 10:32:47 WARN Utils: Set SPARK_LOCAL_IP if you need to bind to another address","chan":"stderr","logger":"task"}
{"timestamp":"2025-06-01T15:32:47.645072Z","level":"info","event":":: loading settings :: url = jar:file:/home/fastnnefarious/Projects/PycharmProjects/nasa_neo_pipeline/.venv/lib/python3.12/site-packages/pyspark/jars/ivy-2.5.1.jar!/org/apache/ivy/core/settings/ivysettings.xml","chan":"stdout","logger":"task"}
{"timestamp":"2025-06-01T15:32:47.687855Z","level":"error","event":"Ivy Default Cache set to: /home/fastnnefarious/.ivy2/cache","chan":"stderr","logger":"task"}
{"timestamp":"2025-06-01T15:32:47.688050Z","level":"error","event":"The jars for the packages stored in: /home/fastnnefarious/.ivy2/jars","chan":"stderr","logger":"task"}
{"timestamp":"2025-06-01T15:32:47.691232Z","level":"error","event":"org.apache.iceberg#iceberg-spark-runtime-3.5_2.12 added as a dependency","chan":"stderr","logger":"task"}
{"timestamp":"2025-06-01T15:32:47.691382Z","level":"error","event":"org.apache.hadoop#hadoop-aws added as a dependency","chan":"stderr","logger":"task"}
{"timestamp":"2025-06-01T15:32:47.691437Z","level":"error","event":"org.apache.hadoop#hadoop-common added as a dependency","chan":"stderr","logger":"task"}
{"timestamp":"2025-06-01T15:32:47.691482Z","level":"error","event":"com.amazonaws#aws-java-sdk-bundle added as a dependency","chan":"stderr","logger":"task"}
{"timestamp":"2025-06-01T15:32:47.691900Z","level":"error","event":":: resolving dependencies :: org.apache.spark#spark-submit-parent-72b7631f-3b21-4c07-a1a8-a98f7a861371;1.0","chan":"stderr","logger":"task"}
{"timestamp":"2025-06-01T15:32:47.691992Z","level":"error","event":"\tconfs: [default]","chan":"stderr","logger":"task"}
{"timestamp":"2025-06-01T15:32:47.769007Z","level":"error","event":"\tfound org.apache.iceberg#iceberg-spark-runtime-3.5_2.12;1.4.3 in central","chan":"stderr","logger":"task"}
{"timestamp":"2025-06-01T15:32:47.829636Z","level":"error","event":"\tfound org.apache.hadoop#hadoop-aws;3.3.4 in central","chan":"stderr","logger":"task"}
{"timestamp":"2025-06-01T15:32:47.863651Z","level":"error","event":"\tfound org.wildfly.openssl#wildfly-openssl;1.0.7.Final in central","chan":"stderr","logger":"task"}
{"timestamp":"2025-06-01T15:32:47.906346Z","level":"error","event":"\tfound org.apache.hadoop#hadoop-common;3.3.4 in central","chan":"stderr","logger":"task"}
{"timestamp":"2025-06-01T15:32:47.955241Z","level":"error","event":"\tfound org.apache.hadoop.thirdparty#hadoop-shaded-protobuf_3_7;1.1.1 in central","chan":"stderr","logger":"task"}
{"timestamp":"2025-06-01T15:32:47.988002Z","level":"error","event":"\tfound org.apache.hadoop#hadoop-annotations;3.3.4 in central","chan":"stderr","logger":"task"}
{"timestamp":"2025-06-01T15:32:48.009548Z","level":"error","event":"\tfound org.apache.hadoop.thirdparty#hadoop-shaded-guava;1.1.1 in central","chan":"stderr","logger":"task"}
{"timestamp":"2025-06-01T15:32:48.032502Z","level":"error","event":"\tfound com.google.guava#guava;27.0-jre in central","chan":"stderr","logger":"task"}
{"timestamp":"2025-06-01T15:32:48.050092Z","level":"error","event":"\tfound com.google.guava#failureaccess;1.0 in central","chan":"stderr","logger":"task"}
{"timestamp":"2025-06-01T15:32:48.060977Z","level":"error","event":"\tfound com.google.guava#listenablefuture;9999.0-empty-to-avoid-conflict-with-guava in central","chan":"stderr","logger":"task"}
{"timestamp":"2025-06-01T15:32:48.073557Z","level":"error","event":"\tfound com.google.code.findbugs#jsr305;3.0.2 in central","chan":"stderr","logger":"task"}
{"timestamp":"2025-06-01T15:32:48.084607Z","level":"error","event":"\tfound org.checkerframework#checker-qual;2.5.2 in central","chan":"stderr","logger":"task"}
{"timestamp":"2025-06-01T15:32:48.104171Z","level":"error","event":"\tfound com.google.j2objc#j2objc-annotations;1.1 in central","chan":"stderr","logger":"task"}
{"timestamp":"2025-06-01T15:32:48.112989Z","level":"error","event":"\tfound org.codehaus.mojo#animal-sniffer-annotations;1.17 in central","chan":"stderr","logger":"task"}
{"timestamp":"2025-06-01T15:32:48.122288Z","level":"error","event":"\tfound commons-cli#commons-cli;1.2 in central","chan":"stderr","logger":"task"}
{"timestamp":"2025-06-01T15:32:48.130393Z","level":"error","event":"\tfound org.apache.commons#commons-math3;3.1.1 in central","chan":"stderr","logger":"task"}
{"timestamp":"2025-06-01T15:32:48.138176Z","level":"error","event":"\tfound org.apache.httpcomponents#httpclient;4.5.13 in central","chan":"stderr","logger":"task"}
{"timestamp":"2025-06-01T15:32:48.147697Z","level":"error","event":"\tfound org.apache.httpcomponents#httpcore;4.4.13 in central","chan":"stderr","logger":"task"}
{"timestamp":"2025-06-01T15:32:48.156475Z","level":"error","event":"\tfound commons-logging#commons-logging;1.1.3 in central","chan":"stderr","logger":"task"}
{"timestamp":"2025-06-01T15:32:48.165936Z","level":"error","event":"\tfound commons-codec#commons-codec;1.15 in central","chan":"stderr","logger":"task"}
{"timestamp":"2025-06-01T15:32:48.179377Z","level":"error","event":"\tfound commons-io#commons-io;2.8.0 in central","chan":"stderr","logger":"task"}
{"timestamp":"2025-06-01T15:32:48.188251Z","level":"error","event":"\tfound commons-net#commons-net;3.6 in central","chan":"stderr","logger":"task"}
{"timestamp":"2025-06-01T15:32:48.196695Z","level":"error","event":"\tfound commons-collections#commons-collections;3.2.2 in central","chan":"stderr","logger":"task"}
{"timestamp":"2025-06-01T15:32:48.205064Z","level":"error","event":"\tfound javax.servlet#javax.servlet-api;3.1.0 in central","chan":"stderr","logger":"task"}
{"timestamp":"2025-06-01T15:32:48.213467Z","level":"error","event":"\tfound org.eclipse.jetty#jetty-server;9.4.43.v20210629 in central","chan":"stderr","logger":"task"}
{"timestamp":"2025-06-01T15:32:48.223609Z","level":"error","event":"\tfound org.eclipse.jetty#jetty-http;9.4.43.v20210629 in central","chan":"stderr","logger":"task"}
{"timestamp":"2025-06-01T15:32:48.231847Z","level":"error","event":"\tfound org.eclipse.jetty#jetty-util;9.4.43.v20210629 in central","chan":"stderr","logger":"task"}
{"timestamp":"2025-06-01T15:32:48.240186Z","level":"error","event":"\tfound org.eclipse.jetty#jetty-io;9.4.43.v20210629 in central","chan":"stderr","logger":"task"}
{"timestamp":"2025-06-01T15:32:48.251979Z","level":"error","event":"\tfound org.eclipse.jetty#jetty-servlet;9.4.43.v20210629 in central","chan":"stderr","logger":"task"}
{"timestamp":"2025-06-01T15:32:48.269835Z","level":"error","event":"\tfound org.eclipse.jetty#jetty-security;9.4.43.v20210629 in central","chan":"stderr","logger":"task"}
{"timestamp":"2025-06-01T15:32:48.287263Z","level":"error","event":"\tfound org.eclipse.jetty#jetty-util-ajax;9.4.43.v20210629 in central","chan":"stderr","logger":"task"}
{"timestamp":"2025-06-01T15:32:48.305566Z","level":"error","event":"\tfound org.eclipse.jetty#jetty-webapp;9.4.43.v20210629 in central","chan":"stderr","logger":"task"}
{"timestamp":"2025-06-01T15:32:48.319936Z","level":"error","event":"\tfound org.eclipse.jetty#jetty-xml;9.4.43.v20210629 in central","chan":"stderr","logger":"task"}
{"timestamp":"2025-06-01T15:32:48.336315Z","level":"error","event":"\tfound com.sun.jersey#jersey-core;1.19 in central","chan":"stderr","logger":"task"}
{"timestamp":"2025-06-01T15:32:48.348869Z","level":"error","event":"\tfound javax.ws.rs#jsr311-api;1.1.1 in central","chan":"stderr","logger":"task"}
{"timestamp":"2025-06-01T15:32:48.360054Z","level":"error","event":"\tfound com.sun.jersey#jersey-servlet;1.19 in central","chan":"stderr","logger":"task"}
{"timestamp":"2025-06-01T15:32:48.370124Z","level":"error","event":"\tfound com.sun.jersey#jersey-server;1.19 in central","chan":"stderr","logger":"task"}
{"timestamp":"2025-06-01T15:32:48.377010Z","level":"error","event":"\tfound com.sun.jersey#jersey-json;1.19 in central","chan":"stderr","logger":"task"}
{"timestamp":"2025-06-01T15:32:48.383384Z","level":"error","event":"\tfound org.codehaus.jettison#jettison;1.1 in central","chan":"stderr","logger":"task"}
{"timestamp":"2025-06-01T15:32:48.394565Z","level":"error","event":"\tfound com.sun.xml.bind#jaxb-impl;2.2.3-1 in central","chan":"stderr","logger":"task"}
{"timestamp":"2025-06-01T15:32:48.404539Z","level":"error","event":"\tfound javax.xml.bind#jaxb-api;2.2.11 in central","chan":"stderr","logger":"task"}
{"timestamp":"2025-06-01T15:32:48.410996Z","level":"error","event":"\tfound org.codehaus.jackson#jackson-core-asl;1.9.13 in central","chan":"stderr","logger":"task"}
{"timestamp":"2025-06-01T15:32:48.421377Z","level":"error","event":"\tfound org.codehaus.jackson#jackson-mapper-asl;1.9.13 in central","chan":"stderr","logger":"task"}
{"timestamp":"2025-06-01T15:32:48.427734Z","level":"error","event":"\tfound org.codehaus.jackson#jackson-jaxrs;1.9.13 in central","chan":"stderr","logger":"task"}
{"timestamp":"2025-06-01T15:32:48.434696Z","level":"error","event":"\tfound org.codehaus.jackson#jackson-xc;1.9.13 in central","chan":"stderr","logger":"task"}
{"timestamp":"2025-06-01T15:32:48.443227Z","level":"error","event":"\tfound ch.qos.reload4j#reload4j;1.2.22 in central","chan":"stderr","logger":"task"}
{"timestamp":"2025-06-01T15:32:48.449983Z","level":"error","event":"\tfound commons-beanutils#commons-beanutils;1.9.4 in central","chan":"stderr","logger":"task"}
{"timestamp":"2025-06-01T15:32:48.457784Z","level":"error","event":"\tfound org.apache.commons#commons-configuration2;2.1.1 in central","chan":"stderr","logger":"task"}
{"timestamp":"2025-06-01T15:32:48.465133Z","level":"error","event":"\tfound org.apache.commons#commons-lang3;3.12.0 in central","chan":"stderr","logger":"task"}
{"timestamp":"2025-06-01T15:32:48.472275Z","level":"error","event":"\tfound org.apache.commons#commons-text;1.4 in central","chan":"stderr","logger":"task"}
{"timestamp":"2025-06-01T15:32:48.480910Z","level":"error","event":"\tfound org.slf4j#slf4j-api;1.7.36 in central","chan":"stderr","logger":"task"}
{"timestamp":"2025-06-01T15:32:48.489024Z","level":"error","event":"\tfound org.slf4j#slf4j-reload4j;1.7.36 in central","chan":"stderr","logger":"task"}
{"timestamp":"2025-06-01T15:32:48.497780Z","level":"error","event":"\tfound org.apache.avro#avro;1.7.7 in central","chan":"stderr","logger":"task"}
{"timestamp":"2025-06-01T15:32:48.511181Z","level":"error","event":"\tfound com.thoughtworks.paranamer#paranamer;2.3 in central","chan":"stderr","logger":"task"}
{"timestamp":"2025-06-01T15:32:48.522284Z","level":"error","event":"\tfound org.xerial.snappy#snappy-java;1.1.8.2 in central","chan":"stderr","logger":"task"}
{"timestamp":"2025-06-01T15:32:48.534494Z","level":"error","event":"\tfound org.apache.commons#commons-compress;1.21 in central","chan":"stderr","logger":"task"}
{"timestamp":"2025-06-01T15:32:48.551936Z","level":"error","event":"\tfound com.google.re2j#re2j;1.1 in central","chan":"stderr","logger":"task"}
{"timestamp":"2025-06-01T15:32:48.558615Z","level":"error","event":"\tfound com.google.protobuf#protobuf-java;2.5.0 in central","chan":"stderr","logger":"task"}
{"timestamp":"2025-06-01T15:32:48.564556Z","level":"error","event":"\tfound com.google.code.gson#gson;2.8.9 in central","chan":"stderr","logger":"task"}
{"timestamp":"2025-06-01T15:32:48.575493Z","level":"error","event":"\tfound org.apache.hadoop#hadoop-auth;3.3.4 in central","chan":"stderr","logger":"task"}
{"timestamp":"2025-06-01T15:32:48.584560Z","level":"error","event":"\tfound com.nimbusds#nimbus-jose-jwt;9.8.1 in central","chan":"stderr","logger":"task"}
{"timestamp":"2025-06-01T15:32:48.591542Z","level":"error","event":"\tfound com.github.stephenc.jcip#jcip-annotations;1.0-1 in central","chan":"stderr","logger":"task"}
{"timestamp":"2025-06-01T15:32:48.597978Z","level":"error","event":"\tfound net.minidev#json-smart;2.4.7 in central","chan":"stderr","logger":"task"}
{"timestamp":"2025-06-01T15:32:48.605336Z","level":"error","event":"\tfound net.minidev#accessors-smart;2.4.7 in central","chan":"stderr","logger":"task"}
{"timestamp":"2025-06-01T15:32:48.613418Z","level":"error","event":"\tfound org.ow2.asm#asm;5.0.4 in central","chan":"stderr","logger":"task"}
{"timestamp":"2025-06-01T15:32:48.620542Z","level":"error","event":"\tfound org.apache.zookeeper#zookeeper;3.5.6 in central","chan":"stderr","logger":"task"}
{"timestamp":"2025-06-01T15:32:48.628121Z","level":"error","event":"\tfound org.apache.zookeeper#zookeeper-jute;3.5.6 in central","chan":"stderr","logger":"task"}
{"timestamp":"2025-06-01T15:32:48.635414Z","level":"error","event":"\tfound org.apache.yetus#audience-annotations;0.5.0 in central","chan":"stderr","logger":"task"}
{"timestamp":"2025-06-01T15:32:48.643020Z","level":"error","event":"\tfound org.apache.curator#curator-framework;4.2.0 in central","chan":"stderr","logger":"task"}
{"timestamp":"2025-06-01T15:32:48.656301Z","level":"error","event":"\tfound org.apache.curator#curator-client;4.2.0 in central","chan":"stderr","logger":"task"}
{"timestamp":"2025-06-01T15:32:48.662614Z","level":"error","event":"\tfound org.apache.kerby#kerb-simplekdc;1.0.1 in central","chan":"stderr","logger":"task"}
{"timestamp":"2025-06-01T15:32:48.670757Z","level":"error","event":"\tfound org.apache.kerby#kerb-client;1.0.1 in central","chan":"stderr","logger":"task"}
{"timestamp":"2025-06-01T15:32:48.677092Z","level":"error","event":"\tfound org.apache.kerby#kerby-config;1.0.1 in central","chan":"stderr","logger":"task"}
{"timestamp":"2025-06-01T15:32:48.687496Z","level":"error","event":"\tfound org.apache.kerby#kerb-core;1.0.1 in central","chan":"stderr","logger":"task"}
{"timestamp":"2025-06-01T15:32:48.696438Z","level":"error","event":"\tfound org.apache.kerby#kerby-pkix;1.0.1 in central","chan":"stderr","logger":"task"}
{"timestamp":"2025-06-01T15:32:48.704194Z","level":"error","event":"\tfound org.apache.kerby#kerby-asn1;1.0.1 in central","chan":"stderr","logger":"task"}
{"timestamp":"2025-06-01T15:32:48.711347Z","level":"error","event":"\tfound org.apache.kerby#kerby-util;1.0.1 in central","chan":"stderr","logger":"task"}
{"timestamp":"2025-06-01T15:32:48.721611Z","level":"error","event":"\tfound org.apache.kerby#kerb-common;1.0.1 in central","chan":"stderr","logger":"task"}
{"timestamp":"2025-06-01T15:32:48.734686Z","level":"error","event":"\tfound org.apache.kerby#kerb-crypto;1.0.1 in central","chan":"stderr","logger":"task"}
{"timestamp":"2025-06-01T15:32:48.752109Z","level":"error","event":"\tfound org.apache.kerby#kerb-util;1.0.1 in central","chan":"stderr","logger":"task"}
{"timestamp":"2025-06-01T15:32:48.764190Z","level":"error","event":"\tfound org.apache.kerby#token-provider;1.0.1 in central","chan":"stderr","logger":"task"}
{"timestamp":"2025-06-01T15:32:48.781512Z","level":"error","event":"\tfound org.apache.kerby#kerb-admin;1.0.1 in central","chan":"stderr","logger":"task"}
{"timestamp":"2025-06-01T15:32:48.790962Z","level":"error","event":"\tfound org.apache.kerby#kerb-server;1.0.1 in central","chan":"stderr","logger":"task"}
{"timestamp":"2025-06-01T15:32:48.798490Z","level":"error","event":"\tfound org.apache.kerby#kerb-identity;1.0.1 in central","chan":"stderr","logger":"task"}
{"timestamp":"2025-06-01T15:32:48.808161Z","level":"error","event":"\tfound org.apache.kerby#kerby-xdr;1.0.1 in central","chan":"stderr","logger":"task"}
{"timestamp":"2025-06-01T15:32:48.818706Z","level":"error","event":"\tfound com.jcraft#jsch;0.1.55 in central","chan":"stderr","logger":"task"}
{"timestamp":"2025-06-01T15:32:48.824961Z","level":"error","event":"\tfound org.apache.curator#curator-recipes;4.2.0 in central","chan":"stderr","logger":"task"}
{"timestamp":"2025-06-01T15:32:48.831545Z","level":"error","event":"\tfound com.fasterxml.jackson.core#jackson-databind;2.12.7 in central","chan":"stderr","logger":"task"}
{"timestamp":"2025-06-01T15:32:48.837534Z","level":"error","event":"\tfound com.fasterxml.jackson.core#jackson-annotations;2.12.7 in central","chan":"stderr","logger":"task"}
{"timestamp":"2025-06-01T15:32:48.844151Z","level":"error","event":"\tfound com.fasterxml.jackson.core#jackson-core;2.12.7 in central","chan":"stderr","logger":"task"}
{"timestamp":"2025-06-01T15:32:48.850373Z","level":"error","event":"\tfound org.codehaus.woodstox#stax2-api;4.2.1 in central","chan":"stderr","logger":"task"}
{"timestamp":"2025-06-01T15:32:48.856839Z","level":"error","event":"\tfound com.fasterxml.woodstox#woodstox-core;5.3.0 in central","chan":"stderr","logger":"task"}
{"timestamp":"2025-06-01T15:32:48.862820Z","level":"error","event":"\tfound dnsjava#dnsjava;2.1.7 in central","chan":"stderr","logger":"task"}
{"timestamp":"2025-06-01T15:32:48.871892Z","level":"error","event":"\tfound jakarta.activation#jakarta.activation-api;1.2.1 in central","chan":"stderr","logger":"task"}
{"timestamp":"2025-06-01T15:32:48.882918Z","level":"error","event":"\tfound javax.servlet.jsp#jsp-api;2.1 in central","chan":"stderr","logger":"task"}
{"timestamp":"2025-06-01T15:32:48.889434Z","level":"error","event":"\tfound com.amazonaws#aws-java-sdk-bundle;1.12.367 in central","chan":"stderr","logger":"task"}
{"timestamp":"2025-06-01T15:32:48.930692Z","level":"error","event":":: resolution report :: resolve 1212ms :: artifacts dl 27ms","chan":"stderr","logger":"task"}
{"timestamp":"2025-06-01T15:32:48.931027Z","level":"error","event":"\t:: modules in use:","chan":"stderr","logger":"task"}
{"timestamp":"2025-06-01T15:32:48.931327Z","level":"error","event":"\tch.qos.reload4j#reload4j;1.2.22 from central in [default]","chan":"stderr","logger":"task"}
{"timestamp":"2025-06-01T15:32:48.931425Z","level":"error","event":"\tcom.amazonaws#aws-java-sdk-bundle;1.12.367 from central in [default]","chan":"stderr","logger":"task"}
{"timestamp":"2025-06-01T15:32:48.931491Z","level":"error","event":"\tcom.fasterxml.jackson.core#jackson-annotations;2.12.7 from central in [default]","chan":"stderr","logger":"task"}
{"timestamp":"2025-06-01T15:32:48.931603Z","level":"error","event":"\tcom.fasterxml.jackson.core#jackson-core;2.12.7 from central in [default]","chan":"stderr","logger":"task"}
{"timestamp":"2025-06-01T15:32:48.931674Z","level":"error","event":"\tcom.fasterxml.jackson.core#jackson-databind;2.12.7 from central in [default]","chan":"stderr","logger":"task"}
{"timestamp":"2025-06-01T15:32:48.931752Z","level":"error","event":"\tcom.fasterxml.woodstox#woodstox-core;5.3.0 from central in [default]","chan":"stderr","logger":"task"}
{"timestamp":"2025-06-01T15:32:48.931807Z","level":"error","event":"\tcom.github.stephenc.jcip#jcip-annotations;1.0-1 from central in [default]","chan":"stderr","logger":"task"}
{"timestamp":"2025-06-01T15:32:48.931857Z","level":"error","event":"\tcom.google.code.findbugs#jsr305;3.0.2 from central in [default]","chan":"stderr","logger":"task"}
{"timestamp":"2025-06-01T15:32:48.931905Z","level":"error","event":"\tcom.google.code.gson#gson;2.8.9 from central in [default]","chan":"stderr","logger":"task"}
{"timestamp":"2025-06-01T15:32:48.931953Z","level":"error","event":"\tcom.google.guava#failureaccess;1.0 from central in [default]","chan":"stderr","logger":"task"}
{"timestamp":"2025-06-01T15:32:48.932021Z","level":"error","event":"\tcom.google.guava#guava;27.0-jre from central in [default]","chan":"stderr","logger":"task"}
{"timestamp":"2025-06-01T15:32:48.932131Z","level":"error","event":"\tcom.google.guava#listenablefuture;9999.0-empty-to-avoid-conflict-with-guava from central in [default]","chan":"stderr","logger":"task"}
{"timestamp":"2025-06-01T15:32:48.932191Z","level":"error","event":"\tcom.google.j2objc#j2objc-annotations;1.1 from central in [default]","chan":"stderr","logger":"task"}
{"timestamp":"2025-06-01T15:32:48.932247Z","level":"error","event":"\tcom.google.protobuf#protobuf-java;2.5.0 from central in [default]","chan":"stderr","logger":"task"}
{"timestamp":"2025-06-01T15:32:48.932299Z","level":"error","event":"\tcom.google.re2j#re2j;1.1 from central in [default]","chan":"stderr","logger":"task"}
{"timestamp":"2025-06-01T15:32:48.932347Z","level":"error","event":"\tcom.jcraft#jsch;0.1.55 from central in [default]","chan":"stderr","logger":"task"}
{"timestamp":"2025-06-01T15:32:48.932394Z","level":"error","event":"\tcom.nimbusds#nimbus-jose-jwt;9.8.1 from central in [default]","chan":"stderr","logger":"task"}
{"timestamp":"2025-06-01T15:32:48.932450Z","level":"error","event":"\tcom.sun.jersey#jersey-core;1.19 from central in [default]","chan":"stderr","logger":"task"}
{"timestamp":"2025-06-01T15:32:48.932500Z","level":"error","event":"\tcom.sun.jersey#jersey-json;1.19 from central in [default]","chan":"stderr","logger":"task"}
{"timestamp":"2025-06-01T15:32:48.932556Z","level":"error","event":"\tcom.sun.jersey#jersey-server;1.19 from central in [default]","chan":"stderr","logger":"task"}
{"timestamp":"2025-06-01T15:32:48.932604Z","level":"error","event":"\tcom.sun.jersey#jersey-servlet;1.19 from central in [default]","chan":"stderr","logger":"task"}
{"timestamp":"2025-06-01T15:32:48.932650Z","level":"error","event":"\tcom.sun.xml.bind#jaxb-impl;2.2.3-1 from central in [default]","chan":"stderr","logger":"task"}
{"timestamp":"2025-06-01T15:32:48.932697Z","level":"error","event":"\tcom.thoughtworks.paranamer#paranamer;2.3 from central in [default]","chan":"stderr","logger":"task"}
{"timestamp":"2025-06-01T15:32:48.932770Z","level":"error","event":"\tcommons-beanutils#commons-beanutils;1.9.4 from central in [default]","chan":"stderr","logger":"task"}
{"timestamp":"2025-06-01T15:32:48.932821Z","level":"error","event":"\tcommons-cli#commons-cli;1.2 from central in [default]","chan":"stderr","logger":"task"}
{"timestamp":"2025-06-01T15:32:48.932869Z","level":"error","event":"\tcommons-codec#commons-codec;1.15 from central in [default]","chan":"stderr","logger":"task"}
{"timestamp":"2025-06-01T15:32:48.933002Z","level":"error","event":"\tcommons-collections#commons-collections;3.2.2 from central in [default]","chan":"stderr","logger":"task"}
{"timestamp":"2025-06-01T15:32:48.933068Z","level":"error","event":"\tcommons-io#commons-io;2.8.0 from central in [default]","chan":"stderr","logger":"task"}
{"timestamp":"2025-06-01T15:32:48.933116Z","level":"error","event":"\tcommons-logging#commons-logging;1.1.3 from central in [default]","chan":"stderr","logger":"task"}
{"timestamp":"2025-06-01T15:32:48.933171Z","level":"error","event":"\tcommons-net#commons-net;3.6 from central in [default]","chan":"stderr","logger":"task"}
{"timestamp":"2025-06-01T15:32:48.933219Z","level":"error","event":"\tdnsjava#dnsjava;2.1.7 from central in [default]","chan":"stderr","logger":"task"}
{"timestamp":"2025-06-01T15:32:48.933267Z","level":"error","event":"\tjakarta.activation#jakarta.activation-api;1.2.1 from central in [default]","chan":"stderr","logger":"task"}
{"timestamp":"2025-06-01T15:32:48.933313Z","level":"error","event":"\tjavax.servlet#javax.servlet-api;3.1.0 from central in [default]","chan":"stderr","logger":"task"}
{"timestamp":"2025-06-01T15:32:48.933358Z","level":"error","event":"\tjavax.servlet.jsp#jsp-api;2.1 from central in [default]","chan":"stderr","logger":"task"}
{"timestamp":"2025-06-01T15:32:48.933440Z","level":"error","event":"\tjavax.ws.rs#jsr311-api;1.1.1 from central in [default]","chan":"stderr","logger":"task"}
{"timestamp":"2025-06-01T15:32:48.933488Z","level":"error","event":"\tjavax.xml.bind#jaxb-api;2.2.11 from central in [default]","chan":"stderr","logger":"task"}
{"timestamp":"2025-06-01T15:32:48.933536Z","level":"error","event":"\tnet.minidev#accessors-smart;2.4.7 from central in [default]","chan":"stderr","logger":"task"}
{"timestamp":"2025-06-01T15:32:48.933591Z","level":"error","event":"\tnet.minidev#json-smart;2.4.7 from central in [default]","chan":"stderr","logger":"task"}
{"timestamp":"2025-06-01T15:32:48.933644Z","level":"error","event":"\torg.apache.avro#avro;1.7.7 from central in [default]","chan":"stderr","logger":"task"}
{"timestamp":"2025-06-01T15:32:48.933693Z","level":"error","event":"\torg.apache.commons#commons-compress;1.21 from central in [default]","chan":"stderr","logger":"task"}
{"timestamp":"2025-06-01T15:32:48.933765Z","level":"error","event":"\torg.apache.commons#commons-configuration2;2.1.1 from central in [default]","chan":"stderr","logger":"task"}
{"timestamp":"2025-06-01T15:32:48.933819Z","level":"error","event":"\torg.apache.commons#commons-lang3;3.12.0 from central in [default]","chan":"stderr","logger":"task"}
{"timestamp":"2025-06-01T15:32:48.933875Z","level":"error","event":"\torg.apache.commons#commons-math3;3.1.1 from central in [default]","chan":"stderr","logger":"task"}
{"timestamp":"2025-06-01T15:32:48.933930Z","level":"error","event":"\torg.apache.commons#commons-text;1.4 from central in [default]","chan":"stderr","logger":"task"}
{"timestamp":"2025-06-01T15:32:48.933978Z","level":"error","event":"\torg.apache.curator#curator-client;4.2.0 from central in [default]","chan":"stderr","logger":"task"}
{"timestamp":"2025-06-01T15:32:48.934042Z","level":"error","event":"\torg.apache.curator#curator-framework;4.2.0 from central in [default]","chan":"stderr","logger":"task"}
{"timestamp":"2025-06-01T15:32:48.934120Z","level":"error","event":"\torg.apache.curator#curator-recipes;4.2.0 from central in [default]","chan":"stderr","logger":"task"}
{"timestamp":"2025-06-01T15:32:48.934176Z","level":"error","event":"\torg.apache.hadoop#hadoop-annotations;3.3.4 from central in [default]","chan":"stderr","logger":"task"}
{"timestamp":"2025-06-01T15:32:48.934225Z","level":"error","event":"\torg.apache.hadoop#hadoop-auth;3.3.4 from central in [default]","chan":"stderr","logger":"task"}
{"timestamp":"2025-06-01T15:32:48.934273Z","level":"error","event":"\torg.apache.hadoop#hadoop-aws;3.3.4 from central in [default]","chan":"stderr","logger":"task"}
{"timestamp":"2025-06-01T15:32:48.934325Z","level":"error","event":"\torg.apache.hadoop#hadoop-common;3.3.4 from central in [default]","chan":"stderr","logger":"task"}
{"timestamp":"2025-06-01T15:32:48.934378Z","level":"error","event":"\torg.apache.hadoop.thirdparty#hadoop-shaded-guava;1.1.1 from central in [default]","chan":"stderr","logger":"task"}
{"timestamp":"2025-06-01T15:32:48.934550Z","level":"error","event":"\torg.apache.hadoop.thirdparty#hadoop-shaded-protobuf_3_7;1.1.1 from central in [default]","chan":"stderr","logger":"task"}
{"timestamp":"2025-06-01T15:32:48.934636Z","level":"error","event":"\torg.apache.httpcomponents#httpclient;4.5.13 from central in [default]","chan":"stderr","logger":"task"}
{"timestamp":"2025-06-01T15:32:48.934704Z","level":"error","event":"\torg.apache.httpcomponents#httpcore;4.4.13 from central in [default]","chan":"stderr","logger":"task"}
{"timestamp":"2025-06-01T15:32:48.934795Z","level":"error","event":"\torg.apache.iceberg#iceberg-spark-runtime-3.5_2.12;1.4.3 from central in [default]","chan":"stderr","logger":"task"}
{"timestamp":"2025-06-01T15:32:48.934856Z","level":"error","event":"\torg.apache.kerby#kerb-admin;1.0.1 from central in [default]","chan":"stderr","logger":"task"}
{"timestamp":"2025-06-01T15:32:48.934918Z","level":"error","event":"\torg.apache.kerby#kerb-client;1.0.1 from central in [default]","chan":"stderr","logger":"task"}
{"timestamp":"2025-06-01T15:32:48.934977Z","level":"error","event":"\torg.apache.kerby#kerb-common;1.0.1 from central in [default]","chan":"stderr","logger":"task"}
{"timestamp":"2025-06-01T15:32:48.935043Z","level":"error","event":"\torg.apache.kerby#kerb-core;1.0.1 from central in [default]","chan":"stderr","logger":"task"}
{"timestamp":"2025-06-01T15:32:48.935090Z","level":"error","event":"\torg.apache.kerby#kerb-crypto;1.0.1 from central in [default]","chan":"stderr","logger":"task"}
{"timestamp":"2025-06-01T15:32:48.935137Z","level":"error","event":"\torg.apache.kerby#kerb-identity;1.0.1 from central in [default]","chan":"stderr","logger":"task"}
{"timestamp":"2025-06-01T15:32:48.935184Z","level":"error","event":"\torg.apache.kerby#kerb-server;1.0.1 from central in [default]","chan":"stderr","logger":"task"}
{"timestamp":"2025-06-01T15:32:48.935229Z","level":"error","event":"\torg.apache.kerby#kerb-simplekdc;1.0.1 from central in [default]","chan":"stderr","logger":"task"}
{"timestamp":"2025-06-01T15:32:48.935274Z","level":"error","event":"\torg.apache.kerby#kerb-util;1.0.1 from central in [default]","chan":"stderr","logger":"task"}
{"timestamp":"2025-06-01T15:32:48.935319Z","level":"error","event":"\torg.apache.kerby#kerby-asn1;1.0.1 from central in [default]","chan":"stderr","logger":"task"}
{"timestamp":"2025-06-01T15:32:48.935366Z","level":"error","event":"\torg.apache.kerby#kerby-config;1.0.1 from central in [default]","chan":"stderr","logger":"task"}
{"timestamp":"2025-06-01T15:32:48.935415Z","level":"error","event":"\torg.apache.kerby#kerby-pkix;1.0.1 from central in [default]","chan":"stderr","logger":"task"}
{"timestamp":"2025-06-01T15:32:48.935463Z","level":"error","event":"\torg.apache.kerby#kerby-util;1.0.1 from central in [default]","chan":"stderr","logger":"task"}
{"timestamp":"2025-06-01T15:32:48.935512Z","level":"error","event":"\torg.apache.kerby#kerby-xdr;1.0.1 from central in [default]","chan":"stderr","logger":"task"}
{"timestamp":"2025-06-01T15:32:48.935561Z","level":"error","event":"\torg.apache.kerby#token-provider;1.0.1 from central in [default]","chan":"stderr","logger":"task"}
{"timestamp":"2025-06-01T15:32:48.935607Z","level":"error","event":"\torg.apache.yetus#audience-annotations;0.5.0 from central in [default]","chan":"stderr","logger":"task"}
{"timestamp":"2025-06-01T15:32:48.935656Z","level":"error","event":"\torg.apache.zookeeper#zookeeper;3.5.6 from central in [default]","chan":"stderr","logger":"task"}
{"timestamp":"2025-06-01T15:32:48.935705Z","level":"error","event":"\torg.apache.zookeeper#zookeeper-jute;3.5.6 from central in [default]","chan":"stderr","logger":"task"}
{"timestamp":"2025-06-01T15:32:48.935779Z","level":"error","event":"\torg.checkerframework#checker-qual;2.5.2 from central in [default]","chan":"stderr","logger":"task"}
{"timestamp":"2025-06-01T15:32:48.935831Z","level":"error","event":"\torg.codehaus.jackson#jackson-core-asl;1.9.13 from central in [default]","chan":"stderr","logger":"task"}
{"timestamp":"2025-06-01T15:32:48.935879Z","level":"error","event":"\torg.codehaus.jackson#jackson-jaxrs;1.9.13 from central in [default]","chan":"stderr","logger":"task"}
{"timestamp":"2025-06-01T15:32:48.935931Z","level":"error","event":"\torg.codehaus.jackson#jackson-mapper-asl;1.9.13 from central in [default]","chan":"stderr","logger":"task"}
{"timestamp":"2025-06-01T15:32:48.935978Z","level":"error","event":"\torg.codehaus.jackson#jackson-xc;1.9.13 from central in [default]","chan":"stderr","logger":"task"}
{"timestamp":"2025-06-01T15:32:48.936023Z","level":"error","event":"\torg.codehaus.jettison#jettison;1.1 from central in [default]","chan":"stderr","logger":"task"}
{"timestamp":"2025-06-01T15:32:48.936068Z","level":"error","event":"\torg.codehaus.mojo#animal-sniffer-annotations;1.17 from central in [default]","chan":"stderr","logger":"task"}
{"timestamp":"2025-06-01T15:32:48.936115Z","level":"error","event":"\torg.codehaus.woodstox#stax2-api;4.2.1 from central in [default]","chan":"stderr","logger":"task"}
{"timestamp":"2025-06-01T15:32:48.936162Z","level":"error","event":"\torg.eclipse.jetty#jetty-http;9.4.43.v20210629 from central in [default]","chan":"stderr","logger":"task"}
{"timestamp":"2025-06-01T15:32:48.936219Z","level":"error","event":"\torg.eclipse.jetty#jetty-io;9.4.43.v20210629 from central in [default]","chan":"stderr","logger":"task"}
{"timestamp":"2025-06-01T15:32:48.936267Z","level":"error","event":"\torg.eclipse.jetty#jetty-security;9.4.43.v20210629 from central in [default]","chan":"stderr","logger":"task"}
{"timestamp":"2025-06-01T15:32:48.936323Z","level":"error","event":"\torg.eclipse.jetty#jetty-server;9.4.43.v20210629 from central in [default]","chan":"stderr","logger":"task"}
{"timestamp":"2025-06-01T15:32:48.936374Z","level":"error","event":"\torg.eclipse.jetty#jetty-servlet;9.4.43.v20210629 from central in [default]","chan":"stderr","logger":"task"}
{"timestamp":"2025-06-01T15:32:48.936420Z","level":"error","event":"\torg.eclipse.jetty#jetty-util;9.4.43.v20210629 from central in [default]","chan":"stderr","logger":"task"}
{"timestamp":"2025-06-01T15:32:48.936466Z","level":"error","event":"\torg.eclipse.jetty#jetty-util-ajax;9.4.43.v20210629 from central in [default]","chan":"stderr","logger":"task"}
{"timestamp":"2025-06-01T15:32:48.936510Z","level":"error","event":"\torg.eclipse.jetty#jetty-webapp;9.4.43.v20210629 from central in [default]","chan":"stderr","logger":"task"}
{"timestamp":"2025-06-01T15:32:48.936558Z","level":"error","event":"\torg.eclipse.jetty#jetty-xml;9.4.43.v20210629 from central in [default]","chan":"stderr","logger":"task"}
{"timestamp":"2025-06-01T15:32:48.936677Z","level":"error","event":"\torg.ow2.asm#asm;5.0.4 from central in [default]","chan":"stderr","logger":"task"}
{"timestamp":"2025-06-01T15:32:48.936777Z","level":"error","event":"\torg.slf4j#slf4j-api;1.7.36 from central in [default]","chan":"stderr","logger":"task"}
{"timestamp":"2025-06-01T15:32:48.936835Z","level":"error","event":"\torg.slf4j#slf4j-reload4j;1.7.36 from central in [default]","chan":"stderr","logger":"task"}
{"timestamp":"2025-06-01T15:32:48.936885Z","level":"error","event":"\torg.wildfly.openssl#wildfly-openssl;1.0.7.Final from central in [default]","chan":"stderr","logger":"task"}
{"timestamp":"2025-06-01T15:32:48.936942Z","level":"error","event":"\torg.xerial.snappy#snappy-java;1.1.8.2 from central in [default]","chan":"stderr","logger":"task"}
{"timestamp":"2025-06-01T15:32:48.936987Z","level":"error","event":"\t:: evicted modules:","chan":"stderr","logger":"task"}
{"timestamp":"2025-06-01T15:32:48.937033Z","level":"error","event":"\tcom.amazonaws#aws-java-sdk-bundle;1.12.262 by [com.amazonaws#aws-java-sdk-bundle;1.12.367] in [default]","chan":"stderr","logger":"task"}
{"timestamp":"2025-06-01T15:32:48.937084Z","level":"error","event":"\t---------------------------------------------------------------------","chan":"stderr","logger":"task"}
{"timestamp":"2025-06-01T15:32:48.937131Z","level":"error","event":"\t|                  |            modules            ||   artifacts   |","chan":"stderr","logger":"task"}
{"timestamp":"2025-06-01T15:32:48.937176Z","level":"error","event":"\t|       conf       | number| search|dwnlded|evicted|| number|dwnlded|","chan":"stderr","logger":"task"}
{"timestamp":"2025-06-01T15:32:48.937220Z","level":"error","event":"\t---------------------------------------------------------------------","chan":"stderr","logger":"task"}
{"timestamp":"2025-06-01T15:32:48.937264Z","level":"error","event":"\t|      default     |   97  |   0   |   0   |   1   ||   96  |   0   |","chan":"stderr","logger":"task"}
{"timestamp":"2025-06-01T15:32:48.937307Z","level":"error","event":"\t---------------------------------------------------------------------","chan":"stderr","logger":"task"}
{"timestamp":"2025-06-01T15:32:48.944164Z","level":"error","event":":: retrieving :: org.apache.spark#spark-submit-parent-72b7631f-3b21-4c07-a1a8-a98f7a861371","chan":"stderr","logger":"task"}
{"timestamp":"2025-06-01T15:32:48.944336Z","level":"error","event":"\tconfs: [default]","chan":"stderr","logger":"task"}
{"timestamp":"2025-06-01T15:32:48.957232Z","level":"error","event":"\t0 artifacts copied, 96 already retrieved (0kB/13ms)","chan":"stderr","logger":"task"}
{"timestamp":"2025-06-01T15:32:49.157449Z","level":"error","event":"25/06/01 10:32:49 WARN NativeCodeLoader: Unable to load native-hadoop library for your platform... using builtin-java classes where applicable","chan":"stderr","logger":"task"}
{"timestamp":"2025-06-01T15:32:49.387045Z","level":"error","event":"Setting default log level to \"WARN\".","chan":"stderr","logger":"task"}
{"timestamp":"2025-06-01T15:32:49.387158Z","level":"error","event":"To adjust logging level use sc.setLogLevel(newLevel). For SparkR, use setLogLevel(newLevel).","chan":"stderr","logger":"task"}
{"timestamp":"2025-06-01T15:32:55.230101Z","level":"error","event":"25/06/01 10:32:55 WARN MetricsConfig: Cannot locate configuration: tried hadoop-metrics2-s3a-file-system.properties,hadoop-metrics2.properties","chan":"stderr","logger":"task"}
{"timestamp":"2025-06-01T15:32:58.996251Z","level":"error","event":"\r[Stage 5:>                                                          (0 + 1) / 1]\r\r[Stage 6:=============================>                         (106 + 8) / 200]\r\r[Stage 6:=======================================>               (144 + 9) / 200]\r\r                                                                                \r25/06/01 10:32:58 WARN HadoopTableOperations: Error reading version hint file s3a://neo/neo_db/gold_asteroids/metadata/version-hint.text","chan":"stderr","logger":"task"}
{"timestamp":"2025-06-01T15:32:58.996437Z","level":"error","event":"java.io.FileNotFoundException: No such file or directory: s3a://neo/neo_db/gold_asteroids/metadata/version-hint.text","chan":"stderr","logger":"task"}
{"timestamp":"2025-06-01T15:32:58.996507Z","level":"error","event":"\tat org.apache.hadoop.fs.s3a.S3AFileSystem.s3GetFileStatus(S3AFileSystem.java:3866)","chan":"stderr","logger":"task"}
{"timestamp":"2025-06-01T15:32:58.996560Z","level":"error","event":"\tat org.apache.hadoop.fs.s3a.S3AFileSystem.innerGetFileStatus(S3AFileSystem.java:3688)","chan":"stderr","logger":"task"}
{"timestamp":"2025-06-01T15:32:58.996608Z","level":"error","event":"\tat org.apache.hadoop.fs.s3a.S3AFileSystem.extractOrFetchSimpleFileStatus(S3AFileSystem.java:5401)","chan":"stderr","logger":"task"}
{"timestamp":"2025-06-01T15:32:58.996654Z","level":"error","event":"\tat org.apache.hadoop.fs.s3a.S3AFileSystem.open(S3AFileSystem.java:1465)","chan":"stderr","logger":"task"}
{"timestamp":"2025-06-01T15:32:58.996700Z","level":"error","event":"\tat org.apache.hadoop.fs.s3a.S3AFileSystem.open(S3AFileSystem.java:1441)","chan":"stderr","logger":"task"}
{"timestamp":"2025-06-01T15:32:58.996770Z","level":"error","event":"\tat org.apache.hadoop.fs.FileSystem.open(FileSystem.java:976)","chan":"stderr","logger":"task"}
{"timestamp":"2025-06-01T15:32:58.996835Z","level":"error","event":"\tat org.apache.iceberg.hadoop.HadoopTableOperations.findVersion(HadoopTableOperations.java:318)","chan":"stderr","logger":"task"}
{"timestamp":"2025-06-01T15:32:58.996885Z","level":"error","event":"\tat org.apache.iceberg.hadoop.HadoopTableOperations.refresh(HadoopTableOperations.java:104)","chan":"stderr","logger":"task"}
{"timestamp":"2025-06-01T15:32:58.996933Z","level":"error","event":"\tat org.apache.iceberg.BaseTransaction.lambda$commitReplaceTransaction$1(BaseTransaction.java:358)","chan":"stderr","logger":"task"}
{"timestamp":"2025-06-01T15:32:58.996979Z","level":"error","event":"\tat org.apache.iceberg.util.Tasks$Builder.runTaskWithRetry(Tasks.java:413)","chan":"stderr","logger":"task"}
{"timestamp":"2025-06-01T15:32:58.997026Z","level":"error","event":"\tat org.apache.iceberg.util.Tasks$Builder.runSingleThreaded(Tasks.java:219)","chan":"stderr","logger":"task"}
{"timestamp":"2025-06-01T15:32:58.997074Z","level":"error","event":"\tat org.apache.iceberg.util.Tasks$Builder.run(Tasks.java:203)","chan":"stderr","logger":"task"}
{"timestamp":"2025-06-01T15:32:58.997121Z","level":"error","event":"\tat org.apache.iceberg.util.Tasks$Builder.run(Tasks.java:196)","chan":"stderr","logger":"task"}
{"timestamp":"2025-06-01T15:32:58.997164Z","level":"error","event":"\tat org.apache.iceberg.BaseTransaction.commitReplaceTransaction(BaseTransaction.java:355)","chan":"stderr","logger":"task"}
{"timestamp":"2025-06-01T15:32:58.997223Z","level":"error","event":"\tat org.apache.iceberg.BaseTransaction.commitTransaction(BaseTransaction.java:304)","chan":"stderr","logger":"task"}
{"timestamp":"2025-06-01T15:32:58.997265Z","level":"error","event":"\tat org.apache.iceberg.CommitCallbackTransaction.commitTransaction(CommitCallbackTransaction.java:121)","chan":"stderr","logger":"task"}
{"timestamp":"2025-06-01T15:32:58.997306Z","level":"error","event":"\tat org.apache.iceberg.spark.source.StagedSparkTable.commitStagedChanges(StagedSparkTable.java:34)","chan":"stderr","logger":"task"}
{"timestamp":"2025-06-01T15:32:58.997346Z","level":"error","event":"\tat org.apache.spark.sql.execution.datasources.v2.V2CreateTableAsSelectBaseExec.$anonfun$writeToTable$1(WriteToDataSourceV2Exec.scala:580)","chan":"stderr","logger":"task"}
{"timestamp":"2025-06-01T15:32:58.997388Z","level":"error","event":"\tat org.apache.spark.util.Utils$.tryWithSafeFinallyAndFailureCallbacks(Utils.scala:1397)","chan":"stderr","logger":"task"}
{"timestamp":"2025-06-01T15:32:58.997430Z","level":"error","event":"\tat org.apache.spark.sql.execution.datasources.v2.V2CreateTableAsSelectBaseExec.writeToTable(WriteToDataSourceV2Exec.scala:573)","chan":"stderr","logger":"task"}
{"timestamp":"2025-06-01T15:32:58.997471Z","level":"error","event":"\tat org.apache.spark.sql.execution.datasources.v2.V2CreateTableAsSelectBaseExec.writeToTable$(WriteToDataSourceV2Exec.scala:567)","chan":"stderr","logger":"task"}
{"timestamp":"2025-06-01T15:32:58.997512Z","level":"error","event":"\tat org.apache.spark.sql.execution.datasources.v2.AtomicReplaceTableAsSelectExec.writeToTable(WriteToDataSourceV2Exec.scala:183)","chan":"stderr","logger":"task"}
{"timestamp":"2025-06-01T15:32:58.997553Z","level":"error","event":"\tat org.apache.spark.sql.execution.datasources.v2.AtomicReplaceTableAsSelectExec.run(WriteToDataSourceV2Exec.scala:216)","chan":"stderr","logger":"task"}
{"timestamp":"2025-06-01T15:32:58.997595Z","level":"error","event":"\tat org.apache.spark.sql.execution.datasources.v2.V2CommandExec.result$lzycompute(V2CommandExec.scala:43)","chan":"stderr","logger":"task"}
{"timestamp":"2025-06-01T15:32:58.997636Z","level":"error","event":"\tat org.apache.spark.sql.execution.datasources.v2.V2CommandExec.result(V2CommandExec.scala:43)","chan":"stderr","logger":"task"}
{"timestamp":"2025-06-01T15:32:58.997678Z","level":"error","event":"\tat org.apache.spark.sql.execution.datasources.v2.V2CommandExec.executeCollect(V2CommandExec.scala:49)","chan":"stderr","logger":"task"}
{"timestamp":"2025-06-01T15:32:58.997736Z","level":"error","event":"\tat org.apache.spark.sql.execution.QueryExecution$$anonfun$eagerlyExecuteCommands$1.$anonfun$applyOrElse$1(QueryExecution.scala:107)","chan":"stderr","logger":"task"}
{"timestamp":"2025-06-01T15:32:58.997784Z","level":"error","event":"\tat org.apache.spark.sql.execution.SQLExecution$.$anonfun$withNewExecutionId$6(SQLExecution.scala:125)","chan":"stderr","logger":"task"}
{"timestamp":"2025-06-01T15:32:58.997923Z","level":"error","event":"\tat org.apache.spark.sql.execution.SQLExecution$.withSQLConfPropagated(SQLExecution.scala:201)","chan":"stderr","logger":"task"}
{"timestamp":"2025-06-01T15:32:58.997978Z","level":"error","event":"\tat org.apache.spark.sql.execution.SQLExecution$.$anonfun$withNewExecutionId$1(SQLExecution.scala:108)","chan":"stderr","logger":"task"}
{"timestamp":"2025-06-01T15:32:58.998023Z","level":"error","event":"\tat org.apache.spark.sql.SparkSession.withActive(SparkSession.scala:900)","chan":"stderr","logger":"task"}
{"timestamp":"2025-06-01T15:32:58.998073Z","level":"error","event":"\tat org.apache.spark.sql.execution.SQLExecution$.withNewExecutionId(SQLExecution.scala:66)","chan":"stderr","logger":"task"}
{"timestamp":"2025-06-01T15:32:58.998115Z","level":"error","event":"\tat org.apache.spark.sql.execution.QueryExecution$$anonfun$eagerlyExecuteCommands$1.applyOrElse(QueryExecution.scala:107)","chan":"stderr","logger":"task"}
{"timestamp":"2025-06-01T15:32:58.998167Z","level":"error","event":"\tat org.apache.spark.sql.execution.QueryExecution$$anonfun$eagerlyExecuteCommands$1.applyOrElse(QueryExecution.scala:98)","chan":"stderr","logger":"task"}
{"timestamp":"2025-06-01T15:32:58.998209Z","level":"error","event":"\tat org.apache.spark.sql.catalyst.trees.TreeNode.$anonfun$transformDownWithPruning$1(TreeNode.scala:461)","chan":"stderr","logger":"task"}
{"timestamp":"2025-06-01T15:32:58.998250Z","level":"error","event":"\tat org.apache.spark.sql.catalyst.trees.CurrentOrigin$.withOrigin(origin.scala:76)","chan":"stderr","logger":"task"}
{"timestamp":"2025-06-01T15:32:58.998291Z","level":"error","event":"\tat org.apache.spark.sql.catalyst.trees.TreeNode.transformDownWithPruning(TreeNode.scala:461)","chan":"stderr","logger":"task"}
{"timestamp":"2025-06-01T15:32:58.998333Z","level":"error","event":"\tat org.apache.spark.sql.catalyst.plans.logical.LogicalPlan.org$apache$spark$sql$catalyst$plans$logical$AnalysisHelper$$super$transformDownWithPruning(LogicalPlan.scala:32)","chan":"stderr","logger":"task"}
{"timestamp":"2025-06-01T15:32:58.998375Z","level":"error","event":"\tat org.apache.spark.sql.catalyst.plans.logical.AnalysisHelper.transformDownWithPruning(AnalysisHelper.scala:267)","chan":"stderr","logger":"task"}
{"timestamp":"2025-06-01T15:32:58.998417Z","level":"error","event":"\tat org.apache.spark.sql.catalyst.plans.logical.AnalysisHelper.transformDownWithPruning$(AnalysisHelper.scala:263)","chan":"stderr","logger":"task"}
{"timestamp":"2025-06-01T15:32:58.998459Z","level":"error","event":"\tat org.apache.spark.sql.catalyst.plans.logical.LogicalPlan.transformDownWithPruning(LogicalPlan.scala:32)","chan":"stderr","logger":"task"}
{"timestamp":"2025-06-01T15:32:58.998501Z","level":"error","event":"\tat org.apache.spark.sql.catalyst.plans.logical.LogicalPlan.transformDownWithPruning(LogicalPlan.scala:32)","chan":"stderr","logger":"task"}
{"timestamp":"2025-06-01T15:32:58.998542Z","level":"error","event":"\tat org.apache.spark.sql.catalyst.trees.TreeNode.transformDown(TreeNode.scala:437)","chan":"stderr","logger":"task"}
{"timestamp":"2025-06-01T15:32:58.998583Z","level":"error","event":"\tat org.apache.spark.sql.execution.QueryExecution.eagerlyExecuteCommands(QueryExecution.scala:98)","chan":"stderr","logger":"task"}
{"timestamp":"2025-06-01T15:32:58.998624Z","level":"error","event":"\tat org.apache.spark.sql.execution.QueryExecution.commandExecuted$lzycompute(QueryExecution.scala:85)","chan":"stderr","logger":"task"}
{"timestamp":"2025-06-01T15:32:58.998665Z","level":"error","event":"\tat org.apache.spark.sql.execution.QueryExecution.commandExecuted(QueryExecution.scala:83)","chan":"stderr","logger":"task"}
{"timestamp":"2025-06-01T15:32:58.998706Z","level":"error","event":"\tat org.apache.spark.sql.execution.QueryExecution.assertCommandExecuted(QueryExecution.scala:142)","chan":"stderr","logger":"task"}
{"timestamp":"2025-06-01T15:32:58.998760Z","level":"error","event":"\tat org.apache.spark.sql.DataFrameWriterV2.runCommand(DataFrameWriterV2.scala:196)","chan":"stderr","logger":"task"}
{"timestamp":"2025-06-01T15:32:58.998801Z","level":"error","event":"\tat org.apache.spark.sql.DataFrameWriterV2.internalReplace(DataFrameWriterV2.scala:208)","chan":"stderr","logger":"task"}
{"timestamp":"2025-06-01T15:32:58.998845Z","level":"error","event":"\tat org.apache.spark.sql.DataFrameWriterV2.createOrReplace(DataFrameWriterV2.scala:134)","chan":"stderr","logger":"task"}
{"timestamp":"2025-06-01T15:32:58.998895Z","level":"error","event":"\tat java.base/jdk.internal.reflect.NativeMethodAccessorImpl.invoke0(Native Method)","chan":"stderr","logger":"task"}
{"timestamp":"2025-06-01T15:32:58.998942Z","level":"error","event":"\tat java.base/jdk.internal.reflect.NativeMethodAccessorImpl.invoke(NativeMethodAccessorImpl.java:77)","chan":"stderr","logger":"task"}
{"timestamp":"2025-06-01T15:32:58.998987Z","level":"error","event":"\tat java.base/jdk.internal.reflect.DelegatingMethodAccessorImpl.invoke(DelegatingMethodAccessorImpl.java:43)","chan":"stderr","logger":"task"}
{"timestamp":"2025-06-01T15:32:58.999042Z","level":"error","event":"\tat java.base/java.lang.reflect.Method.invoke(Method.java:569)","chan":"stderr","logger":"task"}
{"timestamp":"2025-06-01T15:32:58.999088Z","level":"error","event":"\tat py4j.reflection.MethodInvoker.invoke(MethodInvoker.java:244)","chan":"stderr","logger":"task"}
{"timestamp":"2025-06-01T15:32:58.999136Z","level":"error","event":"\tat py4j.reflection.ReflectionEngine.invoke(ReflectionEngine.java:374)","chan":"stderr","logger":"task"}
{"timestamp":"2025-06-01T15:32:58.999176Z","level":"error","event":"\tat py4j.Gateway.invoke(Gateway.java:282)","chan":"stderr","logger":"task"}
{"timestamp":"2025-06-01T15:32:58.999217Z","level":"error","event":"\tat py4j.commands.AbstractCommand.invokeMethod(AbstractCommand.java:132)","chan":"stderr","logger":"task"}
{"timestamp":"2025-06-01T15:32:58.999257Z","level":"error","event":"\tat py4j.commands.CallCommand.execute(CallCommand.java:79)","chan":"stderr","logger":"task"}
{"timestamp":"2025-06-01T15:32:58.999303Z","level":"error","event":"\tat py4j.ClientServerConnection.waitForCommands(ClientServerConnection.java:182)","chan":"stderr","logger":"task"}
{"timestamp":"2025-06-01T15:32:58.999347Z","level":"error","event":"\tat py4j.ClientServerConnection.run(ClientServerConnection.java:106)","chan":"stderr","logger":"task"}
{"timestamp":"2025-06-01T15:32:58.999391Z","level":"error","event":"\tat java.base/java.lang.Thread.run(Thread.java:840)","chan":"stderr","logger":"task"}
{"timestamp":"2025-06-01T15:32:59.032768Z","level":"error","event":"25/06/01 10:32:59 WARN HadoopTableOperations: Error reading version hint file s3a://neo/neo_db/gold_asteroids/metadata/version-hint.text","chan":"stderr","logger":"task"}
{"timestamp":"2025-06-01T15:32:59.033004Z","level":"error","event":"java.io.FileNotFoundException: No such file or directory: s3a://neo/neo_db/gold_asteroids/metadata/version-hint.text","chan":"stderr","logger":"task"}
{"timestamp":"2025-06-01T15:32:59.033107Z","level":"error","event":"\tat org.apache.hadoop.fs.s3a.S3AFileSystem.s3GetFileStatus(S3AFileSystem.java:3866)","chan":"stderr","logger":"task"}
{"timestamp":"2025-06-01T15:32:59.033192Z","level":"error","event":"\tat org.apache.hadoop.fs.s3a.S3AFileSystem.innerGetFileStatus(S3AFileSystem.java:3688)","chan":"stderr","logger":"task"}
{"timestamp":"2025-06-01T15:32:59.033276Z","level":"error","event":"\tat org.apache.hadoop.fs.s3a.S3AFileSystem.extractOrFetchSimpleFileStatus(S3AFileSystem.java:5401)","chan":"stderr","logger":"task"}
{"timestamp":"2025-06-01T15:32:59.033345Z","level":"error","event":"\tat org.apache.hadoop.fs.s3a.S3AFileSystem.open(S3AFileSystem.java:1465)","chan":"stderr","logger":"task"}
{"timestamp":"2025-06-01T15:32:59.033405Z","level":"error","event":"\tat org.apache.hadoop.fs.s3a.S3AFileSystem.open(S3AFileSystem.java:1441)","chan":"stderr","logger":"task"}
{"timestamp":"2025-06-01T15:32:59.033461Z","level":"error","event":"\tat org.apache.hadoop.fs.FileSystem.open(FileSystem.java:976)","chan":"stderr","logger":"task"}
{"timestamp":"2025-06-01T15:32:59.033519Z","level":"error","event":"\tat org.apache.iceberg.hadoop.HadoopTableOperations.findVersion(HadoopTableOperations.java:318)","chan":"stderr","logger":"task"}
{"timestamp":"2025-06-01T15:32:59.033577Z","level":"error","event":"\tat org.apache.iceberg.hadoop.HadoopTableOperations.refresh(HadoopTableOperations.java:104)","chan":"stderr","logger":"task"}
{"timestamp":"2025-06-01T15:32:59.033630Z","level":"error","event":"\tat org.apache.iceberg.hadoop.HadoopTableOperations.current(HadoopTableOperations.java:84)","chan":"stderr","logger":"task"}
{"timestamp":"2025-06-01T15:32:59.033681Z","level":"error","event":"\tat org.apache.iceberg.BaseTransaction.lambda$commitReplaceTransaction$1(BaseTransaction.java:367)","chan":"stderr","logger":"task"}
{"timestamp":"2025-06-01T15:32:59.033760Z","level":"error","event":"\tat org.apache.iceberg.util.Tasks$Builder.runTaskWithRetry(Tasks.java:413)","chan":"stderr","logger":"task"}
{"timestamp":"2025-06-01T15:32:59.033838Z","level":"error","event":"\tat org.apache.iceberg.util.Tasks$Builder.runSingleThreaded(Tasks.java:219)","chan":"stderr","logger":"task"}
{"timestamp":"2025-06-01T15:32:59.033891Z","level":"error","event":"\tat org.apache.iceberg.util.Tasks$Builder.run(Tasks.java:203)","chan":"stderr","logger":"task"}
{"timestamp":"2025-06-01T15:32:59.033943Z","level":"error","event":"\tat org.apache.iceberg.util.Tasks$Builder.run(Tasks.java:196)","chan":"stderr","logger":"task"}
{"timestamp":"2025-06-01T15:32:59.033993Z","level":"error","event":"\tat org.apache.iceberg.BaseTransaction.commitReplaceTransaction(BaseTransaction.java:355)","chan":"stderr","logger":"task"}
{"timestamp":"2025-06-01T15:32:59.034041Z","level":"error","event":"\tat org.apache.iceberg.BaseTransaction.commitTransaction(BaseTransaction.java:304)","chan":"stderr","logger":"task"}
{"timestamp":"2025-06-01T15:32:59.034090Z","level":"error","event":"\tat org.apache.iceberg.CommitCallbackTransaction.commitTransaction(CommitCallbackTransaction.java:121)","chan":"stderr","logger":"task"}
{"timestamp":"2025-06-01T15:32:59.034139Z","level":"error","event":"\tat org.apache.iceberg.spark.source.StagedSparkTable.commitStagedChanges(StagedSparkTable.java:34)","chan":"stderr","logger":"task"}
{"timestamp":"2025-06-01T15:32:59.034188Z","level":"error","event":"\tat org.apache.spark.sql.execution.datasources.v2.V2CreateTableAsSelectBaseExec.$anonfun$writeToTable$1(WriteToDataSourceV2Exec.scala:580)","chan":"stderr","logger":"task"}
{"timestamp":"2025-06-01T15:32:59.034235Z","level":"error","event":"\tat org.apache.spark.util.Utils$.tryWithSafeFinallyAndFailureCallbacks(Utils.scala:1397)","chan":"stderr","logger":"task"}
{"timestamp":"2025-06-01T15:32:59.034284Z","level":"error","event":"\tat org.apache.spark.sql.execution.datasources.v2.V2CreateTableAsSelectBaseExec.writeToTable(WriteToDataSourceV2Exec.scala:573)","chan":"stderr","logger":"task"}
{"timestamp":"2025-06-01T15:32:59.034334Z","level":"error","event":"\tat org.apache.spark.sql.execution.datasources.v2.V2CreateTableAsSelectBaseExec.writeToTable$(WriteToDataSourceV2Exec.scala:567)","chan":"stderr","logger":"task"}
{"timestamp":"2025-06-01T15:32:59.034382Z","level":"error","event":"\tat org.apache.spark.sql.execution.datasources.v2.AtomicReplaceTableAsSelectExec.writeToTable(WriteToDataSourceV2Exec.scala:183)","chan":"stderr","logger":"task"}
{"timestamp":"2025-06-01T15:32:59.034430Z","level":"error","event":"\tat org.apache.spark.sql.execution.datasources.v2.AtomicReplaceTableAsSelectExec.run(WriteToDataSourceV2Exec.scala:216)","chan":"stderr","logger":"task"}
{"timestamp":"2025-06-01T15:32:59.034477Z","level":"error","event":"\tat org.apache.spark.sql.execution.datasources.v2.V2CommandExec.result$lzycompute(V2CommandExec.scala:43)","chan":"stderr","logger":"task"}
{"timestamp":"2025-06-01T15:32:59.034524Z","level":"error","event":"\tat org.apache.spark.sql.execution.datasources.v2.V2CommandExec.result(V2CommandExec.scala:43)","chan":"stderr","logger":"task"}
{"timestamp":"2025-06-01T15:32:59.034570Z","level":"error","event":"\tat org.apache.spark.sql.execution.datasources.v2.V2CommandExec.executeCollect(V2CommandExec.scala:49)","chan":"stderr","logger":"task"}
{"timestamp":"2025-06-01T15:32:59.034616Z","level":"error","event":"\tat org.apache.spark.sql.execution.QueryExecution$$anonfun$eagerlyExecuteCommands$1.$anonfun$applyOrElse$1(QueryExecution.scala:107)","chan":"stderr","logger":"task"}
{"timestamp":"2025-06-01T15:32:59.034815Z","level":"error","event":"\tat org.apache.spark.sql.execution.SQLExecution$.$anonfun$withNewExecutionId$6(SQLExecution.scala:125)","chan":"stderr","logger":"task"}
{"timestamp":"2025-06-01T15:32:59.034906Z","level":"error","event":"\tat org.apache.spark.sql.execution.SQLExecution$.withSQLConfPropagated(SQLExecution.scala:201)","chan":"stderr","logger":"task"}
{"timestamp":"2025-06-01T15:32:59.034963Z","level":"error","event":"\tat org.apache.spark.sql.execution.SQLExecution$.$anonfun$withNewExecutionId$1(SQLExecution.scala:108)","chan":"stderr","logger":"task"}
{"timestamp":"2025-06-01T15:32:59.035034Z","level":"error","event":"\tat org.apache.spark.sql.SparkSession.withActive(SparkSession.scala:900)","chan":"stderr","logger":"task"}
{"timestamp":"2025-06-01T15:32:59.035085Z","level":"error","event":"\tat org.apache.spark.sql.execution.SQLExecution$.withNewExecutionId(SQLExecution.scala:66)","chan":"stderr","logger":"task"}
{"timestamp":"2025-06-01T15:32:59.035132Z","level":"error","event":"\tat org.apache.spark.sql.execution.QueryExecution$$anonfun$eagerlyExecuteCommands$1.applyOrElse(QueryExecution.scala:107)","chan":"stderr","logger":"task"}
{"timestamp":"2025-06-01T15:32:59.035183Z","level":"error","event":"\tat org.apache.spark.sql.execution.QueryExecution$$anonfun$eagerlyExecuteCommands$1.applyOrElse(QueryExecution.scala:98)","chan":"stderr","logger":"task"}
{"timestamp":"2025-06-01T15:32:59.035230Z","level":"error","event":"\tat org.apache.spark.sql.catalyst.trees.TreeNode.$anonfun$transformDownWithPruning$1(TreeNode.scala:461)","chan":"stderr","logger":"task"}
{"timestamp":"2025-06-01T15:32:59.035277Z","level":"error","event":"\tat org.apache.spark.sql.catalyst.trees.CurrentOrigin$.withOrigin(origin.scala:76)","chan":"stderr","logger":"task"}
{"timestamp":"2025-06-01T15:32:59.035324Z","level":"error","event":"\tat org.apache.spark.sql.catalyst.trees.TreeNode.transformDownWithPruning(TreeNode.scala:461)","chan":"stderr","logger":"task"}
{"timestamp":"2025-06-01T15:32:59.035370Z","level":"error","event":"\tat org.apache.spark.sql.catalyst.plans.logical.LogicalPlan.org$apache$spark$sql$catalyst$plans$logical$AnalysisHelper$$super$transformDownWithPruning(LogicalPlan.scala:32)","chan":"stderr","logger":"task"}
{"timestamp":"2025-06-01T15:32:59.035418Z","level":"error","event":"\tat org.apache.spark.sql.catalyst.plans.logical.AnalysisHelper.transformDownWithPruning(AnalysisHelper.scala:267)","chan":"stderr","logger":"task"}
{"timestamp":"2025-06-01T15:32:59.035464Z","level":"error","event":"\tat org.apache.spark.sql.catalyst.plans.logical.AnalysisHelper.transformDownWithPruning$(AnalysisHelper.scala:263)","chan":"stderr","logger":"task"}
{"timestamp":"2025-06-01T15:32:59.035511Z","level":"error","event":"\tat org.apache.spark.sql.catalyst.plans.logical.LogicalPlan.transformDownWithPruning(LogicalPlan.scala:32)","chan":"stderr","logger":"task"}
{"timestamp":"2025-06-01T15:32:59.035557Z","level":"error","event":"\tat org.apache.spark.sql.catalyst.plans.logical.LogicalPlan.transformDownWithPruning(LogicalPlan.scala:32)","chan":"stderr","logger":"task"}
{"timestamp":"2025-06-01T15:32:59.035603Z","level":"error","event":"\tat org.apache.spark.sql.catalyst.trees.TreeNode.transformDown(TreeNode.scala:437)","chan":"stderr","logger":"task"}
{"timestamp":"2025-06-01T15:32:59.035648Z","level":"error","event":"\tat org.apache.spark.sql.execution.QueryExecution.eagerlyExecuteCommands(QueryExecution.scala:98)","chan":"stderr","logger":"task"}
{"timestamp":"2025-06-01T15:32:59.035694Z","level":"error","event":"\tat org.apache.spark.sql.execution.QueryExecution.commandExecuted$lzycompute(QueryExecution.scala:85)","chan":"stderr","logger":"task"}
{"timestamp":"2025-06-01T15:32:59.035843Z","level":"error","event":"\tat org.apache.spark.sql.execution.QueryExecution.commandExecuted(QueryExecution.scala:83)","chan":"stderr","logger":"task"}
{"timestamp":"2025-06-01T15:32:59.035899Z","level":"error","event":"\tat org.apache.spark.sql.execution.QueryExecution.assertCommandExecuted(QueryExecution.scala:142)","chan":"stderr","logger":"task"}
{"timestamp":"2025-06-01T15:32:59.035927Z","level":"error","event":"\tat org.apache.spark.sql.DataFrameWriterV2.runCommand(DataFrameWriterV2.scala:196)","chan":"stderr","logger":"task"}
{"timestamp":"2025-06-01T15:32:59.035951Z","level":"error","event":"\tat org.apache.spark.sql.DataFrameWriterV2.internalReplace(DataFrameWriterV2.scala:208)","chan":"stderr","logger":"task"}
{"timestamp":"2025-06-01T15:32:59.035972Z","level":"error","event":"\tat org.apache.spark.sql.DataFrameWriterV2.createOrReplace(DataFrameWriterV2.scala:134)","chan":"stderr","logger":"task"}
{"timestamp":"2025-06-01T15:32:59.036006Z","level":"error","event":"\tat java.base/jdk.internal.reflect.NativeMethodAccessorImpl.invoke0(Native Method)","chan":"stderr","logger":"task"}
{"timestamp":"2025-06-01T15:32:59.036026Z","level":"error","event":"\tat java.base/jdk.internal.reflect.NativeMethodAccessorImpl.invoke(NativeMethodAccessorImpl.java:77)","chan":"stderr","logger":"task"}
{"timestamp":"2025-06-01T15:32:59.036045Z","level":"error","event":"\tat java.base/jdk.internal.reflect.DelegatingMethodAccessorImpl.invoke(DelegatingMethodAccessorImpl.java:43)","chan":"stderr","logger":"task"}
{"timestamp":"2025-06-01T15:32:59.036067Z","level":"error","event":"\tat java.base/java.lang.reflect.Method.invoke(Method.java:569)","chan":"stderr","logger":"task"}
{"timestamp":"2025-06-01T15:32:59.036089Z","level":"error","event":"\tat py4j.reflection.MethodInvoker.invoke(MethodInvoker.java:244)","chan":"stderr","logger":"task"}
{"timestamp":"2025-06-01T15:32:59.036110Z","level":"error","event":"\tat py4j.reflection.ReflectionEngine.invoke(ReflectionEngine.java:374)","chan":"stderr","logger":"task"}
{"timestamp":"2025-06-01T15:32:59.036131Z","level":"error","event":"\tat py4j.Gateway.invoke(Gateway.java:282)","chan":"stderr","logger":"task"}
{"timestamp":"2025-06-01T15:32:59.036153Z","level":"error","event":"\tat py4j.commands.AbstractCommand.invokeMethod(AbstractCommand.java:132)","chan":"stderr","logger":"task"}
{"timestamp":"2025-06-01T15:32:59.036173Z","level":"error","event":"\tat py4j.commands.CallCommand.execute(CallCommand.java:79)","chan":"stderr","logger":"task"}
{"timestamp":"2025-06-01T15:32:59.036194Z","level":"error","event":"\tat py4j.ClientServerConnection.waitForCommands(ClientServerConnection.java:182)","chan":"stderr","logger":"task"}
{"timestamp":"2025-06-01T15:32:59.036214Z","level":"error","event":"\tat py4j.ClientServerConnection.run(ClientServerConnection.java:106)","chan":"stderr","logger":"task"}
{"timestamp":"2025-06-01T15:32:59.036234Z","level":"error","event":"\tat java.base/java.lang.Thread.run(Thread.java:840)","chan":"stderr","logger":"task"}
{"timestamp":"2025-06-01T15:33:01.975193Z","level":"error","event":"\rExecuting: 100%|██████████| 9/9 [00:13<00:00,  1.68s/cell]\rExecuting: 100%|██████████| 9/9 [00:16<00:00,  1.82s/cell]","chan":"stderr","logger":"task"}
{"timestamp":"2025-06-01T15:33:01.988892","level":"info","event":"Completed gold layer processing","logger":"root"}
{"timestamp":"2025-06-01T15:33:01.989040","level":"info","event":"Done. Returned value was: gold_processed","logger":"airflow.task.operators.airflow.providers.standard.operators.python.PythonOperator"}
{"timestamp":"2025-06-01T15:33:01.989207","level":"info","event":"Pushing xcom","ti":"RuntimeTaskInstance(id=UUID('01972c1d-a45d-7ff8-ab61-67e06524c896'), task_id='process_gold_data', dag_id='NeoAPIPipeline2', run_id='manual__2025-06-01T15:30:29.571950+00:00', try_number=1, map_index=-1, hostname='newlife', context_carrier=None, task=<Task(PythonOperator): process_gold_data>, bundle_instance=LocalDagBundle(name=dags-folder), max_tries=0, start_date=datetime.datetime(2025, 6, 1, 15, 32, 43, 923005, tzinfo=TzInfo(UTC)), end_date=None, state=<TaskInstanceState.RUNNING: 'running'>, is_mapped=False, rendered_map_index=None)","logger":"task"}
