{"timestamp":"2025-06-01T01:44:55.864449","level":"info","event":"DAG bundles loaded: dags-folder","logger":"airflow.dag_processing.bundles.manager.DagBundlesManager"}
{"timestamp":"2025-06-01T01:44:55.867335","level":"info","event":"Filling up the DagBag from /home/fastnnefarious/Projects/PycharmProjects/nasa_neo_pipeline/airflow/dags/daily_nasa_neo_etl_pipeline.py","logger":"airflow.models.dagbag.DagBag"}
{"timestamp":"2025-06-01T01:44:57.059700","level":"info","event":"Creating MinIO client for endpoint: localhost:9000","logger":"src.minio_client"}
{"timestamp":"2025-06-01T01:44:57.059930","level":"info","event":"Validating MinIO connection...","logger":"src.minio_client"}
{"timestamp":"2025-06-01T01:44:57.063055","level":"info","event":"MinIO connection validated successfully","logger":"src.minio_client"}
{"timestamp":"2025-06-01T01:44:57.085757Z","level":"info","event":"[('2025-05-01', '2025-05-07')]","chan":"stdout","logger":"task"}
{"timestamp":"2025-06-01T01:44:57.090430","level":"info","event":"Input Notebook:  /home/fastnnefarious/Projects/PycharmProjects/nasa_neo_pipeline/notebooks/NeoApiClient.ipynb","logger":"papermill"}
{"timestamp":"2025-06-01T01:44:57.090499","level":"info","event":"Output Notebook: /home/fastnnefarious/Projects/PycharmProjects/nasa_neo_pipeline/notebooks/tmp/gold/2025-05-31 20:44:57-OUT_NeoApiClient.ipynb","logger":"papermill"}
{"timestamp":"2025-06-01T01:44:58.012108","level":"info","event":"Executing notebook with kernel: nasa_spark_kernel","logger":"papermill"}
{"timestamp":"2025-06-01T01:44:59.356406Z","level":"error","event":"25/05/31 20:44:59 WARN Utils: Your hostname, newlife resolves to a loopback address: 127.0.1.1; using 192.168.0.196 instead (on interface wlp0s20f3)","chan":"stderr","logger":"task"}
{"timestamp":"2025-06-01T01:44:59.357486Z","level":"error","event":"25/05/31 20:44:59 WARN Utils: Set SPARK_LOCAL_IP if you need to bind to another address","chan":"stderr","logger":"task"}
{"timestamp":"2025-06-01T01:44:59.487182Z","level":"info","event":":: loading settings :: url = jar:file:/home/fastnnefarious/Projects/PycharmProjects/nasa_neo_pipeline/.venv/lib/python3.12/site-packages/pyspark/jars/ivy-2.5.1.jar!/org/apache/ivy/core/settings/ivysettings.xml","chan":"stdout","logger":"task"}
{"timestamp":"2025-06-01T01:44:59.544310Z","level":"error","event":"Ivy Default Cache set to: /home/fastnnefarious/.ivy2/cache","chan":"stderr","logger":"task"}
{"timestamp":"2025-06-01T01:44:59.544468Z","level":"error","event":"The jars for the packages stored in: /home/fastnnefarious/.ivy2/jars","chan":"stderr","logger":"task"}
{"timestamp":"2025-06-01T01:44:59.548647Z","level":"error","event":"org.apache.iceberg#iceberg-spark-runtime-3.5_2.12 added as a dependency","chan":"stderr","logger":"task"}
{"timestamp":"2025-06-01T01:44:59.548849Z","level":"error","event":"org.apache.hadoop#hadoop-aws added as a dependency","chan":"stderr","logger":"task"}
{"timestamp":"2025-06-01T01:44:59.548911Z","level":"error","event":"org.apache.hadoop#hadoop-common added as a dependency","chan":"stderr","logger":"task"}
{"timestamp":"2025-06-01T01:44:59.549017Z","level":"error","event":"com.amazonaws#aws-java-sdk-bundle added as a dependency","chan":"stderr","logger":"task"}
{"timestamp":"2025-06-01T01:44:59.549718Z","level":"error","event":":: resolving dependencies :: org.apache.spark#spark-submit-parent-ef460915-3bda-4b53-af0b-3be151953b50;1.0","chan":"stderr","logger":"task"}
{"timestamp":"2025-06-01T01:44:59.549825Z","level":"error","event":"\tconfs: [default]","chan":"stderr","logger":"task"}
{"timestamp":"2025-06-01T01:44:59.651407Z","level":"error","event":"\tfound org.apache.iceberg#iceberg-spark-runtime-3.5_2.12;1.4.3 in central","chan":"stderr","logger":"task"}
{"timestamp":"2025-06-01T01:44:59.693948Z","level":"error","event":"\tfound org.apache.hadoop#hadoop-aws;3.3.4 in central","chan":"stderr","logger":"task"}
{"timestamp":"2025-06-01T01:44:59.712627Z","level":"error","event":"\tfound org.wildfly.openssl#wildfly-openssl;1.0.7.Final in central","chan":"stderr","logger":"task"}
{"timestamp":"2025-06-01T01:44:59.739237Z","level":"error","event":"\tfound org.apache.hadoop#hadoop-common;3.3.4 in central","chan":"stderr","logger":"task"}
{"timestamp":"2025-06-01T01:44:59.774315Z","level":"error","event":"\tfound org.apache.hadoop.thirdparty#hadoop-shaded-protobuf_3_7;1.1.1 in central","chan":"stderr","logger":"task"}
{"timestamp":"2025-06-01T01:44:59.806205Z","level":"error","event":"\tfound org.apache.hadoop#hadoop-annotations;3.3.4 in central","chan":"stderr","logger":"task"}
{"timestamp":"2025-06-01T01:44:59.820878Z","level":"error","event":"\tfound org.apache.hadoop.thirdparty#hadoop-shaded-guava;1.1.1 in central","chan":"stderr","logger":"task"}
{"timestamp":"2025-06-01T01:44:59.834495Z","level":"error","event":"\tfound com.google.guava#guava;27.0-jre in central","chan":"stderr","logger":"task"}
{"timestamp":"2025-06-01T01:44:59.849122Z","level":"error","event":"\tfound com.google.guava#failureaccess;1.0 in central","chan":"stderr","logger":"task"}
{"timestamp":"2025-06-01T01:44:59.864048Z","level":"error","event":"\tfound com.google.guava#listenablefuture;9999.0-empty-to-avoid-conflict-with-guava in central","chan":"stderr","logger":"task"}
{"timestamp":"2025-06-01T01:44:59.875599Z","level":"error","event":"\tfound com.google.code.findbugs#jsr305;3.0.2 in central","chan":"stderr","logger":"task"}
{"timestamp":"2025-06-01T01:44:59.893952Z","level":"error","event":"\tfound org.checkerframework#checker-qual;2.5.2 in central","chan":"stderr","logger":"task"}
{"timestamp":"2025-06-01T01:44:59.907377Z","level":"error","event":"\tfound com.google.j2objc#j2objc-annotations;1.1 in central","chan":"stderr","logger":"task"}
{"timestamp":"2025-06-01T01:44:59.923912Z","level":"error","event":"\tfound org.codehaus.mojo#animal-sniffer-annotations;1.17 in central","chan":"stderr","logger":"task"}
{"timestamp":"2025-06-01T01:44:59.941505Z","level":"error","event":"\tfound commons-cli#commons-cli;1.2 in central","chan":"stderr","logger":"task"}
{"timestamp":"2025-06-01T01:44:59.958016Z","level":"error","event":"\tfound org.apache.commons#commons-math3;3.1.1 in central","chan":"stderr","logger":"task"}
{"timestamp":"2025-06-01T01:44:59.973683Z","level":"error","event":"\tfound org.apache.httpcomponents#httpclient;4.5.13 in central","chan":"stderr","logger":"task"}
{"timestamp":"2025-06-01T01:44:59.992874Z","level":"error","event":"\tfound org.apache.httpcomponents#httpcore;4.4.13 in central","chan":"stderr","logger":"task"}
{"timestamp":"2025-06-01T01:45:00.010483Z","level":"error","event":"\tfound commons-logging#commons-logging;1.1.3 in central","chan":"stderr","logger":"task"}
{"timestamp":"2025-06-01T01:45:00.028435Z","level":"error","event":"\tfound commons-codec#commons-codec;1.15 in central","chan":"stderr","logger":"task"}
{"timestamp":"2025-06-01T01:45:00.055951Z","level":"error","event":"\tfound commons-io#commons-io;2.8.0 in central","chan":"stderr","logger":"task"}
{"timestamp":"2025-06-01T01:45:00.069274Z","level":"error","event":"\tfound commons-net#commons-net;3.6 in central","chan":"stderr","logger":"task"}
{"timestamp":"2025-06-01T01:45:00.080398Z","level":"error","event":"\tfound commons-collections#commons-collections;3.2.2 in central","chan":"stderr","logger":"task"}
{"timestamp":"2025-06-01T01:45:00.089090Z","level":"error","event":"\tfound javax.servlet#javax.servlet-api;3.1.0 in central","chan":"stderr","logger":"task"}
{"timestamp":"2025-06-01T01:45:00.105375Z","level":"error","event":"\tfound org.eclipse.jetty#jetty-server;9.4.43.v20210629 in central","chan":"stderr","logger":"task"}
{"timestamp":"2025-06-01T01:45:00.119660Z","level":"error","event":"\tfound org.eclipse.jetty#jetty-http;9.4.43.v20210629 in central","chan":"stderr","logger":"task"}
{"timestamp":"2025-06-01T01:45:00.130617Z","level":"error","event":"\tfound org.eclipse.jetty#jetty-util;9.4.43.v20210629 in central","chan":"stderr","logger":"task"}
{"timestamp":"2025-06-01T01:45:00.144077Z","level":"error","event":"\tfound org.eclipse.jetty#jetty-io;9.4.43.v20210629 in central","chan":"stderr","logger":"task"}
{"timestamp":"2025-06-01T01:45:00.159576Z","level":"error","event":"\tfound org.eclipse.jetty#jetty-servlet;9.4.43.v20210629 in central","chan":"stderr","logger":"task"}
{"timestamp":"2025-06-01T01:45:00.177369Z","level":"error","event":"\tfound org.eclipse.jetty#jetty-security;9.4.43.v20210629 in central","chan":"stderr","logger":"task"}
{"timestamp":"2025-06-01T01:45:00.186109Z","level":"error","event":"\tfound org.eclipse.jetty#jetty-util-ajax;9.4.43.v20210629 in central","chan":"stderr","logger":"task"}
{"timestamp":"2025-06-01T01:45:00.194195Z","level":"error","event":"\tfound org.eclipse.jetty#jetty-webapp;9.4.43.v20210629 in central","chan":"stderr","logger":"task"}
{"timestamp":"2025-06-01T01:45:00.201304Z","level":"error","event":"\tfound org.eclipse.jetty#jetty-xml;9.4.43.v20210629 in central","chan":"stderr","logger":"task"}
{"timestamp":"2025-06-01T01:45:00.209554Z","level":"error","event":"\tfound com.sun.jersey#jersey-core;1.19 in central","chan":"stderr","logger":"task"}
{"timestamp":"2025-06-01T01:45:00.218024Z","level":"error","event":"\tfound javax.ws.rs#jsr311-api;1.1.1 in central","chan":"stderr","logger":"task"}
{"timestamp":"2025-06-01T01:45:00.233637Z","level":"error","event":"\tfound com.sun.jersey#jersey-servlet;1.19 in central","chan":"stderr","logger":"task"}
{"timestamp":"2025-06-01T01:45:00.248985Z","level":"error","event":"\tfound com.sun.jersey#jersey-server;1.19 in central","chan":"stderr","logger":"task"}
{"timestamp":"2025-06-01T01:45:00.265730Z","level":"error","event":"\tfound com.sun.jersey#jersey-json;1.19 in central","chan":"stderr","logger":"task"}
{"timestamp":"2025-06-01T01:45:00.280994Z","level":"error","event":"\tfound org.codehaus.jettison#jettison;1.1 in central","chan":"stderr","logger":"task"}
{"timestamp":"2025-06-01T01:45:00.300401Z","level":"error","event":"\tfound com.sun.xml.bind#jaxb-impl;2.2.3-1 in central","chan":"stderr","logger":"task"}
{"timestamp":"2025-06-01T01:45:00.315413Z","level":"error","event":"\tfound javax.xml.bind#jaxb-api;2.2.11 in central","chan":"stderr","logger":"task"}
{"timestamp":"2025-06-01T01:45:00.328399Z","level":"error","event":"\tfound org.codehaus.jackson#jackson-core-asl;1.9.13 in central","chan":"stderr","logger":"task"}
{"timestamp":"2025-06-01T01:45:00.342053Z","level":"error","event":"\tfound org.codehaus.jackson#jackson-mapper-asl;1.9.13 in central","chan":"stderr","logger":"task"}
{"timestamp":"2025-06-01T01:45:00.357417Z","level":"error","event":"\tfound org.codehaus.jackson#jackson-jaxrs;1.9.13 in central","chan":"stderr","logger":"task"}
{"timestamp":"2025-06-01T01:45:00.370038Z","level":"error","event":"\tfound org.codehaus.jackson#jackson-xc;1.9.13 in central","chan":"stderr","logger":"task"}
{"timestamp":"2025-06-01T01:45:00.383179Z","level":"error","event":"\tfound ch.qos.reload4j#reload4j;1.2.22 in central","chan":"stderr","logger":"task"}
{"timestamp":"2025-06-01T01:45:00.393824Z","level":"error","event":"\tfound commons-beanutils#commons-beanutils;1.9.4 in central","chan":"stderr","logger":"task"}
{"timestamp":"2025-06-01T01:45:00.406967Z","level":"error","event":"\tfound org.apache.commons#commons-configuration2;2.1.1 in central","chan":"stderr","logger":"task"}
{"timestamp":"2025-06-01T01:45:00.419784Z","level":"error","event":"\tfound org.apache.commons#commons-lang3;3.12.0 in central","chan":"stderr","logger":"task"}
{"timestamp":"2025-06-01T01:45:00.430209Z","level":"error","event":"\tfound org.apache.commons#commons-text;1.4 in central","chan":"stderr","logger":"task"}
{"timestamp":"2025-06-01T01:45:00.440547Z","level":"error","event":"\tfound org.slf4j#slf4j-api;1.7.36 in central","chan":"stderr","logger":"task"}
{"timestamp":"2025-06-01T01:45:00.451414Z","level":"error","event":"\tfound org.slf4j#slf4j-reload4j;1.7.36 in central","chan":"stderr","logger":"task"}
{"timestamp":"2025-06-01T01:45:00.466022Z","level":"error","event":"\tfound org.apache.avro#avro;1.7.7 in central","chan":"stderr","logger":"task"}
{"timestamp":"2025-06-01T01:45:00.485138Z","level":"error","event":"\tfound com.thoughtworks.paranamer#paranamer;2.3 in central","chan":"stderr","logger":"task"}
{"timestamp":"2025-06-01T01:45:00.495005Z","level":"error","event":"\tfound org.xerial.snappy#snappy-java;1.1.8.2 in central","chan":"stderr","logger":"task"}
{"timestamp":"2025-06-01T01:45:00.509605Z","level":"error","event":"\tfound org.apache.commons#commons-compress;1.21 in central","chan":"stderr","logger":"task"}
{"timestamp":"2025-06-01T01:45:00.522681Z","level":"error","event":"\tfound com.google.re2j#re2j;1.1 in central","chan":"stderr","logger":"task"}
{"timestamp":"2025-06-01T01:45:00.534286Z","level":"error","event":"\tfound com.google.protobuf#protobuf-java;2.5.0 in central","chan":"stderr","logger":"task"}
{"timestamp":"2025-06-01T01:45:00.545008Z","level":"error","event":"\tfound com.google.code.gson#gson;2.8.9 in central","chan":"stderr","logger":"task"}
{"timestamp":"2025-06-01T01:45:00.562768Z","level":"error","event":"\tfound org.apache.hadoop#hadoop-auth;3.3.4 in central","chan":"stderr","logger":"task"}
{"timestamp":"2025-06-01T01:45:00.576476Z","level":"error","event":"\tfound com.nimbusds#nimbus-jose-jwt;9.8.1 in central","chan":"stderr","logger":"task"}
{"timestamp":"2025-06-01T01:45:00.588250Z","level":"error","event":"\tfound com.github.stephenc.jcip#jcip-annotations;1.0-1 in central","chan":"stderr","logger":"task"}
{"timestamp":"2025-06-01T01:45:00.598354Z","level":"error","event":"\tfound net.minidev#json-smart;2.4.7 in central","chan":"stderr","logger":"task"}
{"timestamp":"2025-06-01T01:45:00.606349Z","level":"error","event":"\tfound net.minidev#accessors-smart;2.4.7 in central","chan":"stderr","logger":"task"}
{"timestamp":"2025-06-01T01:45:00.612440Z","level":"error","event":"\tfound org.ow2.asm#asm;5.0.4 in central","chan":"stderr","logger":"task"}
{"timestamp":"2025-06-01T01:45:00.622604Z","level":"error","event":"\tfound org.apache.zookeeper#zookeeper;3.5.6 in central","chan":"stderr","logger":"task"}
{"timestamp":"2025-06-01T01:45:00.639687Z","level":"error","event":"\tfound org.apache.zookeeper#zookeeper-jute;3.5.6 in central","chan":"stderr","logger":"task"}
{"timestamp":"2025-06-01T01:45:00.651111Z","level":"error","event":"\tfound org.apache.yetus#audience-annotations;0.5.0 in central","chan":"stderr","logger":"task"}
{"timestamp":"2025-06-01T01:45:00.664766Z","level":"error","event":"\tfound org.apache.curator#curator-framework;4.2.0 in central","chan":"stderr","logger":"task"}
{"timestamp":"2025-06-01T01:45:00.677259Z","level":"error","event":"\tfound org.apache.curator#curator-client;4.2.0 in central","chan":"stderr","logger":"task"}
{"timestamp":"2025-06-01T01:45:00.688538Z","level":"error","event":"\tfound org.apache.kerby#kerb-simplekdc;1.0.1 in central","chan":"stderr","logger":"task"}
{"timestamp":"2025-06-01T01:45:00.698805Z","level":"error","event":"\tfound org.apache.kerby#kerb-client;1.0.1 in central","chan":"stderr","logger":"task"}
{"timestamp":"2025-06-01T01:45:00.709360Z","level":"error","event":"\tfound org.apache.kerby#kerby-config;1.0.1 in central","chan":"stderr","logger":"task"}
{"timestamp":"2025-06-01T01:45:00.721026Z","level":"error","event":"\tfound org.apache.kerby#kerb-core;1.0.1 in central","chan":"stderr","logger":"task"}
{"timestamp":"2025-06-01T01:45:00.730500Z","level":"error","event":"\tfound org.apache.kerby#kerby-pkix;1.0.1 in central","chan":"stderr","logger":"task"}
{"timestamp":"2025-06-01T01:45:00.740914Z","level":"error","event":"\tfound org.apache.kerby#kerby-asn1;1.0.1 in central","chan":"stderr","logger":"task"}
{"timestamp":"2025-06-01T01:45:00.752073Z","level":"error","event":"\tfound org.apache.kerby#kerby-util;1.0.1 in central","chan":"stderr","logger":"task"}
{"timestamp":"2025-06-01T01:45:00.764203Z","level":"error","event":"\tfound org.apache.kerby#kerb-common;1.0.1 in central","chan":"stderr","logger":"task"}
{"timestamp":"2025-06-01T01:45:00.774838Z","level":"error","event":"\tfound org.apache.kerby#kerb-crypto;1.0.1 in central","chan":"stderr","logger":"task"}
{"timestamp":"2025-06-01T01:45:00.789018Z","level":"error","event":"\tfound org.apache.kerby#kerb-util;1.0.1 in central","chan":"stderr","logger":"task"}
{"timestamp":"2025-06-01T01:45:00.796416Z","level":"error","event":"\tfound org.apache.kerby#token-provider;1.0.1 in central","chan":"stderr","logger":"task"}
{"timestamp":"2025-06-01T01:45:00.804206Z","level":"error","event":"\tfound org.apache.kerby#kerb-admin;1.0.1 in central","chan":"stderr","logger":"task"}
{"timestamp":"2025-06-01T01:45:00.811736Z","level":"error","event":"\tfound org.apache.kerby#kerb-server;1.0.1 in central","chan":"stderr","logger":"task"}
{"timestamp":"2025-06-01T01:45:00.818772Z","level":"error","event":"\tfound org.apache.kerby#kerb-identity;1.0.1 in central","chan":"stderr","logger":"task"}
{"timestamp":"2025-06-01T01:45:00.825493Z","level":"error","event":"\tfound org.apache.kerby#kerby-xdr;1.0.1 in central","chan":"stderr","logger":"task"}
{"timestamp":"2025-06-01T01:45:00.835937Z","level":"error","event":"\tfound com.jcraft#jsch;0.1.55 in central","chan":"stderr","logger":"task"}
{"timestamp":"2025-06-01T01:45:00.842474Z","level":"error","event":"\tfound org.apache.curator#curator-recipes;4.2.0 in central","chan":"stderr","logger":"task"}
{"timestamp":"2025-06-01T01:45:00.849062Z","level":"error","event":"\tfound com.fasterxml.jackson.core#jackson-databind;2.12.7 in central","chan":"stderr","logger":"task"}
{"timestamp":"2025-06-01T01:45:00.855903Z","level":"error","event":"\tfound com.fasterxml.jackson.core#jackson-annotations;2.12.7 in central","chan":"stderr","logger":"task"}
{"timestamp":"2025-06-01T01:45:00.863572Z","level":"error","event":"\tfound com.fasterxml.jackson.core#jackson-core;2.12.7 in central","chan":"stderr","logger":"task"}
{"timestamp":"2025-06-01T01:45:00.872485Z","level":"error","event":"\tfound org.codehaus.woodstox#stax2-api;4.2.1 in central","chan":"stderr","logger":"task"}
{"timestamp":"2025-06-01T01:45:00.890369Z","level":"error","event":"\tfound com.fasterxml.woodstox#woodstox-core;5.3.0 in central","chan":"stderr","logger":"task"}
{"timestamp":"2025-06-01T01:45:00.902964Z","level":"error","event":"\tfound dnsjava#dnsjava;2.1.7 in central","chan":"stderr","logger":"task"}
{"timestamp":"2025-06-01T01:45:00.917770Z","level":"error","event":"\tfound jakarta.activation#jakarta.activation-api;1.2.1 in central","chan":"stderr","logger":"task"}
{"timestamp":"2025-06-01T01:45:00.925925Z","level":"error","event":"\tfound javax.servlet.jsp#jsp-api;2.1 in central","chan":"stderr","logger":"task"}
{"timestamp":"2025-06-01T01:45:00.931783Z","level":"error","event":"\tfound com.amazonaws#aws-java-sdk-bundle;1.12.367 in central","chan":"stderr","logger":"task"}
{"timestamp":"2025-06-01T01:45:00.968260Z","level":"error","event":":: resolution report :: resolve 1396ms :: artifacts dl 22ms","chan":"stderr","logger":"task"}
{"timestamp":"2025-06-01T01:45:00.968494Z","level":"error","event":"\t:: modules in use:","chan":"stderr","logger":"task"}
{"timestamp":"2025-06-01T01:45:00.968657Z","level":"error","event":"\tch.qos.reload4j#reload4j;1.2.22 from central in [default]","chan":"stderr","logger":"task"}
{"timestamp":"2025-06-01T01:45:00.968756Z","level":"error","event":"\tcom.amazonaws#aws-java-sdk-bundle;1.12.367 from central in [default]","chan":"stderr","logger":"task"}
{"timestamp":"2025-06-01T01:45:00.968859Z","level":"error","event":"\tcom.fasterxml.jackson.core#jackson-annotations;2.12.7 from central in [default]","chan":"stderr","logger":"task"}
{"timestamp":"2025-06-01T01:45:00.968926Z","level":"error","event":"\tcom.fasterxml.jackson.core#jackson-core;2.12.7 from central in [default]","chan":"stderr","logger":"task"}
{"timestamp":"2025-06-01T01:45:00.968983Z","level":"error","event":"\tcom.fasterxml.jackson.core#jackson-databind;2.12.7 from central in [default]","chan":"stderr","logger":"task"}
{"timestamp":"2025-06-01T01:45:00.969037Z","level":"error","event":"\tcom.fasterxml.woodstox#woodstox-core;5.3.0 from central in [default]","chan":"stderr","logger":"task"}
{"timestamp":"2025-06-01T01:45:00.969087Z","level":"error","event":"\tcom.github.stephenc.jcip#jcip-annotations;1.0-1 from central in [default]","chan":"stderr","logger":"task"}
{"timestamp":"2025-06-01T01:45:00.969172Z","level":"error","event":"\tcom.google.code.findbugs#jsr305;3.0.2 from central in [default]","chan":"stderr","logger":"task"}
{"timestamp":"2025-06-01T01:45:00.969252Z","level":"error","event":"\tcom.google.code.gson#gson;2.8.9 from central in [default]","chan":"stderr","logger":"task"}
{"timestamp":"2025-06-01T01:45:00.969328Z","level":"error","event":"\tcom.google.guava#failureaccess;1.0 from central in [default]","chan":"stderr","logger":"task"}
{"timestamp":"2025-06-01T01:45:00.969380Z","level":"error","event":"\tcom.google.guava#guava;27.0-jre from central in [default]","chan":"stderr","logger":"task"}
{"timestamp":"2025-06-01T01:45:00.969429Z","level":"error","event":"\tcom.google.guava#listenablefuture;9999.0-empty-to-avoid-conflict-with-guava from central in [default]","chan":"stderr","logger":"task"}
{"timestamp":"2025-06-01T01:45:00.969480Z","level":"error","event":"\tcom.google.j2objc#j2objc-annotations;1.1 from central in [default]","chan":"stderr","logger":"task"}
{"timestamp":"2025-06-01T01:45:00.969532Z","level":"error","event":"\tcom.google.protobuf#protobuf-java;2.5.0 from central in [default]","chan":"stderr","logger":"task"}
{"timestamp":"2025-06-01T01:45:00.969580Z","level":"error","event":"\tcom.google.re2j#re2j;1.1 from central in [default]","chan":"stderr","logger":"task"}
{"timestamp":"2025-06-01T01:45:00.969678Z","level":"error","event":"\tcom.jcraft#jsch;0.1.55 from central in [default]","chan":"stderr","logger":"task"}
{"timestamp":"2025-06-01T01:45:00.969774Z","level":"error","event":"\tcom.nimbusds#nimbus-jose-jwt;9.8.1 from central in [default]","chan":"stderr","logger":"task"}
{"timestamp":"2025-06-01T01:45:00.969827Z","level":"error","event":"\tcom.sun.jersey#jersey-core;1.19 from central in [default]","chan":"stderr","logger":"task"}
{"timestamp":"2025-06-01T01:45:00.969878Z","level":"error","event":"\tcom.sun.jersey#jersey-json;1.19 from central in [default]","chan":"stderr","logger":"task"}
{"timestamp":"2025-06-01T01:45:00.969929Z","level":"error","event":"\tcom.sun.jersey#jersey-server;1.19 from central in [default]","chan":"stderr","logger":"task"}
{"timestamp":"2025-06-01T01:45:00.969979Z","level":"error","event":"\tcom.sun.jersey#jersey-servlet;1.19 from central in [default]","chan":"stderr","logger":"task"}
{"timestamp":"2025-06-01T01:45:00.970029Z","level":"error","event":"\tcom.sun.xml.bind#jaxb-impl;2.2.3-1 from central in [default]","chan":"stderr","logger":"task"}
{"timestamp":"2025-06-01T01:45:00.970080Z","level":"error","event":"\tcom.thoughtworks.paranamer#paranamer;2.3 from central in [default]","chan":"stderr","logger":"task"}
{"timestamp":"2025-06-01T01:45:00.970133Z","level":"error","event":"\tcommons-beanutils#commons-beanutils;1.9.4 from central in [default]","chan":"stderr","logger":"task"}
{"timestamp":"2025-06-01T01:45:00.970184Z","level":"error","event":"\tcommons-cli#commons-cli;1.2 from central in [default]","chan":"stderr","logger":"task"}
{"timestamp":"2025-06-01T01:45:00.970240Z","level":"error","event":"\tcommons-codec#commons-codec;1.15 from central in [default]","chan":"stderr","logger":"task"}
{"timestamp":"2025-06-01T01:45:00.970292Z","level":"error","event":"\tcommons-collections#commons-collections;3.2.2 from central in [default]","chan":"stderr","logger":"task"}
{"timestamp":"2025-06-01T01:45:00.970346Z","level":"error","event":"\tcommons-io#commons-io;2.8.0 from central in [default]","chan":"stderr","logger":"task"}
{"timestamp":"2025-06-01T01:45:00.970409Z","level":"error","event":"\tcommons-logging#commons-logging;1.1.3 from central in [default]","chan":"stderr","logger":"task"}
{"timestamp":"2025-06-01T01:45:00.970524Z","level":"error","event":"\tcommons-net#commons-net;3.6 from central in [default]","chan":"stderr","logger":"task"}
{"timestamp":"2025-06-01T01:45:00.970590Z","level":"error","event":"\tdnsjava#dnsjava;2.1.7 from central in [default]","chan":"stderr","logger":"task"}
{"timestamp":"2025-06-01T01:45:00.970658Z","level":"error","event":"\tjakarta.activation#jakarta.activation-api;1.2.1 from central in [default]","chan":"stderr","logger":"task"}
{"timestamp":"2025-06-01T01:45:00.970738Z","level":"error","event":"\tjavax.servlet#javax.servlet-api;3.1.0 from central in [default]","chan":"stderr","logger":"task"}
{"timestamp":"2025-06-01T01:45:00.970804Z","level":"error","event":"\tjavax.servlet.jsp#jsp-api;2.1 from central in [default]","chan":"stderr","logger":"task"}
{"timestamp":"2025-06-01T01:45:00.970856Z","level":"error","event":"\tjavax.ws.rs#jsr311-api;1.1.1 from central in [default]","chan":"stderr","logger":"task"}
{"timestamp":"2025-06-01T01:45:00.970906Z","level":"error","event":"\tjavax.xml.bind#jaxb-api;2.2.11 from central in [default]","chan":"stderr","logger":"task"}
{"timestamp":"2025-06-01T01:45:00.970955Z","level":"error","event":"\tnet.minidev#accessors-smart;2.4.7 from central in [default]","chan":"stderr","logger":"task"}
{"timestamp":"2025-06-01T01:45:00.971002Z","level":"error","event":"\tnet.minidev#json-smart;2.4.7 from central in [default]","chan":"stderr","logger":"task"}
{"timestamp":"2025-06-01T01:45:00.971055Z","level":"error","event":"\torg.apache.avro#avro;1.7.7 from central in [default]","chan":"stderr","logger":"task"}
{"timestamp":"2025-06-01T01:45:00.971104Z","level":"error","event":"\torg.apache.commons#commons-compress;1.21 from central in [default]","chan":"stderr","logger":"task"}
{"timestamp":"2025-06-01T01:45:00.971152Z","level":"error","event":"\torg.apache.commons#commons-configuration2;2.1.1 from central in [default]","chan":"stderr","logger":"task"}
{"timestamp":"2025-06-01T01:45:00.971202Z","level":"error","event":"\torg.apache.commons#commons-lang3;3.12.0 from central in [default]","chan":"stderr","logger":"task"}
{"timestamp":"2025-06-01T01:45:00.971249Z","level":"error","event":"\torg.apache.commons#commons-math3;3.1.1 from central in [default]","chan":"stderr","logger":"task"}
{"timestamp":"2025-06-01T01:45:00.971297Z","level":"error","event":"\torg.apache.commons#commons-text;1.4 from central in [default]","chan":"stderr","logger":"task"}
{"timestamp":"2025-06-01T01:45:00.971351Z","level":"error","event":"\torg.apache.curator#curator-client;4.2.0 from central in [default]","chan":"stderr","logger":"task"}
{"timestamp":"2025-06-01T01:45:00.971401Z","level":"error","event":"\torg.apache.curator#curator-framework;4.2.0 from central in [default]","chan":"stderr","logger":"task"}
{"timestamp":"2025-06-01T01:45:00.971455Z","level":"error","event":"\torg.apache.curator#curator-recipes;4.2.0 from central in [default]","chan":"stderr","logger":"task"}
{"timestamp":"2025-06-01T01:45:00.971507Z","level":"error","event":"\torg.apache.hadoop#hadoop-annotations;3.3.4 from central in [default]","chan":"stderr","logger":"task"}
{"timestamp":"2025-06-01T01:45:00.971557Z","level":"error","event":"\torg.apache.hadoop#hadoop-auth;3.3.4 from central in [default]","chan":"stderr","logger":"task"}
{"timestamp":"2025-06-01T01:45:00.971630Z","level":"error","event":"\torg.apache.hadoop#hadoop-aws;3.3.4 from central in [default]","chan":"stderr","logger":"task"}
{"timestamp":"2025-06-01T01:45:00.971682Z","level":"error","event":"\torg.apache.hadoop#hadoop-common;3.3.4 from central in [default]","chan":"stderr","logger":"task"}
{"timestamp":"2025-06-01T01:45:00.971754Z","level":"error","event":"\torg.apache.hadoop.thirdparty#hadoop-shaded-guava;1.1.1 from central in [default]","chan":"stderr","logger":"task"}
{"timestamp":"2025-06-01T01:45:00.971808Z","level":"error","event":"\torg.apache.hadoop.thirdparty#hadoop-shaded-protobuf_3_7;1.1.1 from central in [default]","chan":"stderr","logger":"task"}
{"timestamp":"2025-06-01T01:45:00.971859Z","level":"error","event":"\torg.apache.httpcomponents#httpclient;4.5.13 from central in [default]","chan":"stderr","logger":"task"}
{"timestamp":"2025-06-01T01:45:00.971910Z","level":"error","event":"\torg.apache.httpcomponents#httpcore;4.4.13 from central in [default]","chan":"stderr","logger":"task"}
{"timestamp":"2025-06-01T01:45:00.971960Z","level":"error","event":"\torg.apache.iceberg#iceberg-spark-runtime-3.5_2.12;1.4.3 from central in [default]","chan":"stderr","logger":"task"}
{"timestamp":"2025-06-01T01:45:00.972019Z","level":"error","event":"\torg.apache.kerby#kerb-admin;1.0.1 from central in [default]","chan":"stderr","logger":"task"}
{"timestamp":"2025-06-01T01:45:00.972068Z","level":"error","event":"\torg.apache.kerby#kerb-client;1.0.1 from central in [default]","chan":"stderr","logger":"task"}
{"timestamp":"2025-06-01T01:45:00.972185Z","level":"error","event":"\torg.apache.kerby#kerb-common;1.0.1 from central in [default]","chan":"stderr","logger":"task"}
{"timestamp":"2025-06-01T01:45:00.972245Z","level":"error","event":"\torg.apache.kerby#kerb-core;1.0.1 from central in [default]","chan":"stderr","logger":"task"}
{"timestamp":"2025-06-01T01:45:00.972300Z","level":"error","event":"\torg.apache.kerby#kerb-crypto;1.0.1 from central in [default]","chan":"stderr","logger":"task"}
{"timestamp":"2025-06-01T01:45:00.972350Z","level":"error","event":"\torg.apache.kerby#kerb-identity;1.0.1 from central in [default]","chan":"stderr","logger":"task"}
{"timestamp":"2025-06-01T01:45:00.972400Z","level":"error","event":"\torg.apache.kerby#kerb-server;1.0.1 from central in [default]","chan":"stderr","logger":"task"}
{"timestamp":"2025-06-01T01:45:00.972448Z","level":"error","event":"\torg.apache.kerby#kerb-simplekdc;1.0.1 from central in [default]","chan":"stderr","logger":"task"}
{"timestamp":"2025-06-01T01:45:00.972496Z","level":"error","event":"\torg.apache.kerby#kerb-util;1.0.1 from central in [default]","chan":"stderr","logger":"task"}
{"timestamp":"2025-06-01T01:45:00.972543Z","level":"error","event":"\torg.apache.kerby#kerby-asn1;1.0.1 from central in [default]","chan":"stderr","logger":"task"}
{"timestamp":"2025-06-01T01:45:00.972591Z","level":"error","event":"\torg.apache.kerby#kerby-config;1.0.1 from central in [default]","chan":"stderr","logger":"task"}
{"timestamp":"2025-06-01T01:45:00.972642Z","level":"error","event":"\torg.apache.kerby#kerby-pkix;1.0.1 from central in [default]","chan":"stderr","logger":"task"}
{"timestamp":"2025-06-01T01:45:00.972698Z","level":"error","event":"\torg.apache.kerby#kerby-util;1.0.1 from central in [default]","chan":"stderr","logger":"task"}
{"timestamp":"2025-06-01T01:45:00.972793Z","level":"error","event":"\torg.apache.kerby#kerby-xdr;1.0.1 from central in [default]","chan":"stderr","logger":"task"}
{"timestamp":"2025-06-01T01:45:00.972852Z","level":"error","event":"\torg.apache.kerby#token-provider;1.0.1 from central in [default]","chan":"stderr","logger":"task"}
{"timestamp":"2025-06-01T01:45:00.972904Z","level":"error","event":"\torg.apache.yetus#audience-annotations;0.5.0 from central in [default]","chan":"stderr","logger":"task"}
{"timestamp":"2025-06-01T01:45:00.972955Z","level":"error","event":"\torg.apache.zookeeper#zookeeper;3.5.6 from central in [default]","chan":"stderr","logger":"task"}
{"timestamp":"2025-06-01T01:45:00.973012Z","level":"error","event":"\torg.apache.zookeeper#zookeeper-jute;3.5.6 from central in [default]","chan":"stderr","logger":"task"}
{"timestamp":"2025-06-01T01:45:00.973067Z","level":"error","event":"\torg.checkerframework#checker-qual;2.5.2 from central in [default]","chan":"stderr","logger":"task"}
{"timestamp":"2025-06-01T01:45:00.973122Z","level":"error","event":"\torg.codehaus.jackson#jackson-core-asl;1.9.13 from central in [default]","chan":"stderr","logger":"task"}
{"timestamp":"2025-06-01T01:45:00.973176Z","level":"error","event":"\torg.codehaus.jackson#jackson-jaxrs;1.9.13 from central in [default]","chan":"stderr","logger":"task"}
{"timestamp":"2025-06-01T01:45:00.973231Z","level":"error","event":"\torg.codehaus.jackson#jackson-mapper-asl;1.9.13 from central in [default]","chan":"stderr","logger":"task"}
{"timestamp":"2025-06-01T01:45:00.973282Z","level":"error","event":"\torg.codehaus.jackson#jackson-xc;1.9.13 from central in [default]","chan":"stderr","logger":"task"}
{"timestamp":"2025-06-01T01:45:00.973331Z","level":"error","event":"\torg.codehaus.jettison#jettison;1.1 from central in [default]","chan":"stderr","logger":"task"}
{"timestamp":"2025-06-01T01:45:00.973379Z","level":"error","event":"\torg.codehaus.mojo#animal-sniffer-annotations;1.17 from central in [default]","chan":"stderr","logger":"task"}
{"timestamp":"2025-06-01T01:45:00.973445Z","level":"error","event":"\torg.codehaus.woodstox#stax2-api;4.2.1 from central in [default]","chan":"stderr","logger":"task"}
{"timestamp":"2025-06-01T01:45:00.973496Z","level":"error","event":"\torg.eclipse.jetty#jetty-http;9.4.43.v20210629 from central in [default]","chan":"stderr","logger":"task"}
{"timestamp":"2025-06-01T01:45:00.973546Z","level":"error","event":"\torg.eclipse.jetty#jetty-io;9.4.43.v20210629 from central in [default]","chan":"stderr","logger":"task"}
{"timestamp":"2025-06-01T01:45:00.973596Z","level":"error","event":"\torg.eclipse.jetty#jetty-security;9.4.43.v20210629 from central in [default]","chan":"stderr","logger":"task"}
{"timestamp":"2025-06-01T01:45:00.973645Z","level":"error","event":"\torg.eclipse.jetty#jetty-server;9.4.43.v20210629 from central in [default]","chan":"stderr","logger":"task"}
{"timestamp":"2025-06-01T01:45:00.973695Z","level":"error","event":"\torg.eclipse.jetty#jetty-servlet;9.4.43.v20210629 from central in [default]","chan":"stderr","logger":"task"}
{"timestamp":"2025-06-01T01:45:00.973768Z","level":"error","event":"\torg.eclipse.jetty#jetty-util;9.4.43.v20210629 from central in [default]","chan":"stderr","logger":"task"}
{"timestamp":"2025-06-01T01:45:00.973821Z","level":"error","event":"\torg.eclipse.jetty#jetty-util-ajax;9.4.43.v20210629 from central in [default]","chan":"stderr","logger":"task"}
{"timestamp":"2025-06-01T01:45:00.973883Z","level":"error","event":"\torg.eclipse.jetty#jetty-webapp;9.4.43.v20210629 from central in [default]","chan":"stderr","logger":"task"}
{"timestamp":"2025-06-01T01:45:00.973942Z","level":"error","event":"\torg.eclipse.jetty#jetty-xml;9.4.43.v20210629 from central in [default]","chan":"stderr","logger":"task"}
{"timestamp":"2025-06-01T01:45:00.973999Z","level":"error","event":"\torg.ow2.asm#asm;5.0.4 from central in [default]","chan":"stderr","logger":"task"}
{"timestamp":"2025-06-01T01:45:00.974064Z","level":"error","event":"\torg.slf4j#slf4j-api;1.7.36 from central in [default]","chan":"stderr","logger":"task"}
{"timestamp":"2025-06-01T01:45:00.974127Z","level":"error","event":"\torg.slf4j#slf4j-reload4j;1.7.36 from central in [default]","chan":"stderr","logger":"task"}
{"timestamp":"2025-06-01T01:45:00.974184Z","level":"error","event":"\torg.wildfly.openssl#wildfly-openssl;1.0.7.Final from central in [default]","chan":"stderr","logger":"task"}
{"timestamp":"2025-06-01T01:45:00.974239Z","level":"error","event":"\torg.xerial.snappy#snappy-java;1.1.8.2 from central in [default]","chan":"stderr","logger":"task"}
{"timestamp":"2025-06-01T01:45:00.974302Z","level":"error","event":"\t:: evicted modules:","chan":"stderr","logger":"task"}
{"timestamp":"2025-06-01T01:45:00.974358Z","level":"error","event":"\tcom.amazonaws#aws-java-sdk-bundle;1.12.262 by [com.amazonaws#aws-java-sdk-bundle;1.12.367] in [default]","chan":"stderr","logger":"task"}
{"timestamp":"2025-06-01T01:45:00.974438Z","level":"error","event":"\t---------------------------------------------------------------------","chan":"stderr","logger":"task"}
{"timestamp":"2025-06-01T01:45:00.974492Z","level":"error","event":"\t|                  |            modules            ||   artifacts   |","chan":"stderr","logger":"task"}
{"timestamp":"2025-06-01T01:45:00.974545Z","level":"error","event":"\t|       conf       | number| search|dwnlded|evicted|| number|dwnlded|","chan":"stderr","logger":"task"}
{"timestamp":"2025-06-01T01:45:00.974599Z","level":"error","event":"\t---------------------------------------------------------------------","chan":"stderr","logger":"task"}
{"timestamp":"2025-06-01T01:45:00.974651Z","level":"error","event":"\t|      default     |   97  |   0   |   0   |   1   ||   96  |   0   |","chan":"stderr","logger":"task"}
{"timestamp":"2025-06-01T01:45:00.974702Z","level":"error","event":"\t---------------------------------------------------------------------","chan":"stderr","logger":"task"}
{"timestamp":"2025-06-01T01:45:00.981699Z","level":"error","event":":: retrieving :: org.apache.spark#spark-submit-parent-ef460915-3bda-4b53-af0b-3be151953b50","chan":"stderr","logger":"task"}
{"timestamp":"2025-06-01T01:45:00.981991Z","level":"error","event":"\tconfs: [default]","chan":"stderr","logger":"task"}
{"timestamp":"2025-06-01T01:45:00.993041Z","level":"error","event":"\t0 artifacts copied, 96 already retrieved (0kB/11ms)","chan":"stderr","logger":"task"}
{"timestamp":"2025-06-01T01:45:01.223644Z","level":"error","event":"25/05/31 20:45:01 WARN NativeCodeLoader: Unable to load native-hadoop library for your platform... using builtin-java classes where applicable","chan":"stderr","logger":"task"}
{"timestamp":"2025-06-01T01:45:01.486031Z","level":"error","event":"Setting default log level to \"WARN\".","chan":"stderr","logger":"task"}
{"timestamp":"2025-06-01T01:45:01.486222Z","level":"error","event":"To adjust logging level use sc.setLogLevel(newLevel). For SparkR, use setLogLevel(newLevel).","chan":"stderr","logger":"task"}
{"timestamp":"2025-06-01T01:45:16.390327Z","level":"error","event":"25/05/31 20:45:16 WARN MetricsConfig: Cannot locate configuration: tried hadoop-metrics2-s3a-file-system.properties,hadoop-metrics2.properties","chan":"stderr","logger":"task"}
{"timestamp":"2025-06-01T01:45:21.176024Z","level":"error","event":"\r[Stage 5:>                                                          (0 + 1) / 1]\r\r[Stage 6:===================================>                   (130 + 9) / 200]\r\r[Stage 6:==================================================>    (184 + 8) / 200]\r\r[Stage 6:======================================================>(197 + 3) / 200]\r\r                                                                                \r25/05/31 20:45:21 WARN HadoopTableOperations: Error reading version hint file s3a://neo/neo_db/gold_asteroids/metadata/version-hint.text","chan":"stderr","logger":"task"}
{"timestamp":"2025-06-01T01:45:21.176178Z","level":"error","event":"java.io.FileNotFoundException: No such file or directory: s3a://neo/neo_db/gold_asteroids/metadata/version-hint.text","chan":"stderr","logger":"task"}
{"timestamp":"2025-06-01T01:45:21.176210Z","level":"error","event":"\tat org.apache.hadoop.fs.s3a.S3AFileSystem.s3GetFileStatus(S3AFileSystem.java:3866)","chan":"stderr","logger":"task"}
{"timestamp":"2025-06-01T01:45:21.176233Z","level":"error","event":"\tat org.apache.hadoop.fs.s3a.S3AFileSystem.innerGetFileStatus(S3AFileSystem.java:3688)","chan":"stderr","logger":"task"}
{"timestamp":"2025-06-01T01:45:21.176254Z","level":"error","event":"\tat org.apache.hadoop.fs.s3a.S3AFileSystem.extractOrFetchSimpleFileStatus(S3AFileSystem.java:5401)","chan":"stderr","logger":"task"}
{"timestamp":"2025-06-01T01:45:21.176275Z","level":"error","event":"\tat org.apache.hadoop.fs.s3a.S3AFileSystem.open(S3AFileSystem.java:1465)","chan":"stderr","logger":"task"}
{"timestamp":"2025-06-01T01:45:21.176297Z","level":"error","event":"\tat org.apache.hadoop.fs.s3a.S3AFileSystem.open(S3AFileSystem.java:1441)","chan":"stderr","logger":"task"}
{"timestamp":"2025-06-01T01:45:21.176317Z","level":"error","event":"\tat org.apache.hadoop.fs.FileSystem.open(FileSystem.java:976)","chan":"stderr","logger":"task"}
{"timestamp":"2025-06-01T01:45:21.176346Z","level":"error","event":"\tat org.apache.iceberg.hadoop.HadoopTableOperations.findVersion(HadoopTableOperations.java:318)","chan":"stderr","logger":"task"}
{"timestamp":"2025-06-01T01:45:21.176365Z","level":"error","event":"\tat org.apache.iceberg.hadoop.HadoopTableOperations.refresh(HadoopTableOperations.java:104)","chan":"stderr","logger":"task"}
{"timestamp":"2025-06-01T01:45:21.176431Z","level":"error","event":"\tat org.apache.iceberg.BaseTransaction.lambda$commitReplaceTransaction$1(BaseTransaction.java:358)","chan":"stderr","logger":"task"}
{"timestamp":"2025-06-01T01:45:21.176457Z","level":"error","event":"\tat org.apache.iceberg.util.Tasks$Builder.runTaskWithRetry(Tasks.java:413)","chan":"stderr","logger":"task"}
{"timestamp":"2025-06-01T01:45:21.176479Z","level":"error","event":"\tat org.apache.iceberg.util.Tasks$Builder.runSingleThreaded(Tasks.java:219)","chan":"stderr","logger":"task"}
{"timestamp":"2025-06-01T01:45:21.176507Z","level":"error","event":"\tat org.apache.iceberg.util.Tasks$Builder.run(Tasks.java:203)","chan":"stderr","logger":"task"}
{"timestamp":"2025-06-01T01:45:21.176527Z","level":"error","event":"\tat org.apache.iceberg.util.Tasks$Builder.run(Tasks.java:196)","chan":"stderr","logger":"task"}
{"timestamp":"2025-06-01T01:45:21.176546Z","level":"error","event":"\tat org.apache.iceberg.BaseTransaction.commitReplaceTransaction(BaseTransaction.java:355)","chan":"stderr","logger":"task"}
{"timestamp":"2025-06-01T01:45:21.176566Z","level":"error","event":"\tat org.apache.iceberg.BaseTransaction.commitTransaction(BaseTransaction.java:304)","chan":"stderr","logger":"task"}
{"timestamp":"2025-06-01T01:45:21.176584Z","level":"error","event":"\tat org.apache.iceberg.CommitCallbackTransaction.commitTransaction(CommitCallbackTransaction.java:121)","chan":"stderr","logger":"task"}
{"timestamp":"2025-06-01T01:45:21.176604Z","level":"error","event":"\tat org.apache.iceberg.spark.source.StagedSparkTable.commitStagedChanges(StagedSparkTable.java:34)","chan":"stderr","logger":"task"}
{"timestamp":"2025-06-01T01:45:21.176622Z","level":"error","event":"\tat org.apache.spark.sql.execution.datasources.v2.V2CreateTableAsSelectBaseExec.$anonfun$writeToTable$1(WriteToDataSourceV2Exec.scala:580)","chan":"stderr","logger":"task"}
{"timestamp":"2025-06-01T01:45:21.176641Z","level":"error","event":"\tat org.apache.spark.util.Utils$.tryWithSafeFinallyAndFailureCallbacks(Utils.scala:1397)","chan":"stderr","logger":"task"}
{"timestamp":"2025-06-01T01:45:21.176659Z","level":"error","event":"\tat org.apache.spark.sql.execution.datasources.v2.V2CreateTableAsSelectBaseExec.writeToTable(WriteToDataSourceV2Exec.scala:573)","chan":"stderr","logger":"task"}
{"timestamp":"2025-06-01T01:45:21.176679Z","level":"error","event":"\tat org.apache.spark.sql.execution.datasources.v2.V2CreateTableAsSelectBaseExec.writeToTable$(WriteToDataSourceV2Exec.scala:567)","chan":"stderr","logger":"task"}
{"timestamp":"2025-06-01T01:45:21.176699Z","level":"error","event":"\tat org.apache.spark.sql.execution.datasources.v2.AtomicReplaceTableAsSelectExec.writeToTable(WriteToDataSourceV2Exec.scala:183)","chan":"stderr","logger":"task"}
{"timestamp":"2025-06-01T01:45:21.176730Z","level":"error","event":"\tat org.apache.spark.sql.execution.datasources.v2.AtomicReplaceTableAsSelectExec.run(WriteToDataSourceV2Exec.scala:216)","chan":"stderr","logger":"task"}
{"timestamp":"2025-06-01T01:45:21.176750Z","level":"error","event":"\tat org.apache.spark.sql.execution.datasources.v2.V2CommandExec.result$lzycompute(V2CommandExec.scala:43)","chan":"stderr","logger":"task"}
{"timestamp":"2025-06-01T01:45:21.176769Z","level":"error","event":"\tat org.apache.spark.sql.execution.datasources.v2.V2CommandExec.result(V2CommandExec.scala:43)","chan":"stderr","logger":"task"}
{"timestamp":"2025-06-01T01:45:21.176787Z","level":"error","event":"\tat org.apache.spark.sql.execution.datasources.v2.V2CommandExec.executeCollect(V2CommandExec.scala:49)","chan":"stderr","logger":"task"}
{"timestamp":"2025-06-01T01:45:21.176807Z","level":"error","event":"\tat org.apache.spark.sql.execution.QueryExecution$$anonfun$eagerlyExecuteCommands$1.$anonfun$applyOrElse$1(QueryExecution.scala:107)","chan":"stderr","logger":"task"}
{"timestamp":"2025-06-01T01:45:21.176825Z","level":"error","event":"\tat org.apache.spark.sql.execution.SQLExecution$.$anonfun$withNewExecutionId$6(SQLExecution.scala:125)","chan":"stderr","logger":"task"}
{"timestamp":"2025-06-01T01:45:21.176844Z","level":"error","event":"\tat org.apache.spark.sql.execution.SQLExecution$.withSQLConfPropagated(SQLExecution.scala:201)","chan":"stderr","logger":"task"}
{"timestamp":"2025-06-01T01:45:21.176863Z","level":"error","event":"\tat org.apache.spark.sql.execution.SQLExecution$.$anonfun$withNewExecutionId$1(SQLExecution.scala:108)","chan":"stderr","logger":"task"}
{"timestamp":"2025-06-01T01:45:21.176881Z","level":"error","event":"\tat org.apache.spark.sql.SparkSession.withActive(SparkSession.scala:900)","chan":"stderr","logger":"task"}
{"timestamp":"2025-06-01T01:45:21.176902Z","level":"error","event":"\tat org.apache.spark.sql.execution.SQLExecution$.withNewExecutionId(SQLExecution.scala:66)","chan":"stderr","logger":"task"}
{"timestamp":"2025-06-01T01:45:21.176921Z","level":"error","event":"\tat org.apache.spark.sql.execution.QueryExecution$$anonfun$eagerlyExecuteCommands$1.applyOrElse(QueryExecution.scala:107)","chan":"stderr","logger":"task"}
{"timestamp":"2025-06-01T01:45:21.176939Z","level":"error","event":"\tat org.apache.spark.sql.execution.QueryExecution$$anonfun$eagerlyExecuteCommands$1.applyOrElse(QueryExecution.scala:98)","chan":"stderr","logger":"task"}
{"timestamp":"2025-06-01T01:45:21.176957Z","level":"error","event":"\tat org.apache.spark.sql.catalyst.trees.TreeNode.$anonfun$transformDownWithPruning$1(TreeNode.scala:461)","chan":"stderr","logger":"task"}
{"timestamp":"2025-06-01T01:45:21.176975Z","level":"error","event":"\tat org.apache.spark.sql.catalyst.trees.CurrentOrigin$.withOrigin(origin.scala:76)","chan":"stderr","logger":"task"}
{"timestamp":"2025-06-01T01:45:21.176993Z","level":"error","event":"\tat org.apache.spark.sql.catalyst.trees.TreeNode.transformDownWithPruning(TreeNode.scala:461)","chan":"stderr","logger":"task"}
{"timestamp":"2025-06-01T01:45:21.177012Z","level":"error","event":"\tat org.apache.spark.sql.catalyst.plans.logical.LogicalPlan.org$apache$spark$sql$catalyst$plans$logical$AnalysisHelper$$super$transformDownWithPruning(LogicalPlan.scala:32)","chan":"stderr","logger":"task"}
{"timestamp":"2025-06-01T01:45:21.177031Z","level":"error","event":"\tat org.apache.spark.sql.catalyst.plans.logical.AnalysisHelper.transformDownWithPruning(AnalysisHelper.scala:267)","chan":"stderr","logger":"task"}
{"timestamp":"2025-06-01T01:45:21.177049Z","level":"error","event":"\tat org.apache.spark.sql.catalyst.plans.logical.AnalysisHelper.transformDownWithPruning$(AnalysisHelper.scala:263)","chan":"stderr","logger":"task"}
{"timestamp":"2025-06-01T01:45:21.177068Z","level":"error","event":"\tat org.apache.spark.sql.catalyst.plans.logical.LogicalPlan.transformDownWithPruning(LogicalPlan.scala:32)","chan":"stderr","logger":"task"}
{"timestamp":"2025-06-01T01:45:21.177086Z","level":"error","event":"\tat org.apache.spark.sql.catalyst.plans.logical.LogicalPlan.transformDownWithPruning(LogicalPlan.scala:32)","chan":"stderr","logger":"task"}
{"timestamp":"2025-06-01T01:45:21.177104Z","level":"error","event":"\tat org.apache.spark.sql.catalyst.trees.TreeNode.transformDown(TreeNode.scala:437)","chan":"stderr","logger":"task"}
{"timestamp":"2025-06-01T01:45:21.177122Z","level":"error","event":"\tat org.apache.spark.sql.execution.QueryExecution.eagerlyExecuteCommands(QueryExecution.scala:98)","chan":"stderr","logger":"task"}
{"timestamp":"2025-06-01T01:45:21.177140Z","level":"error","event":"\tat org.apache.spark.sql.execution.QueryExecution.commandExecuted$lzycompute(QueryExecution.scala:85)","chan":"stderr","logger":"task"}
{"timestamp":"2025-06-01T01:45:21.177159Z","level":"error","event":"\tat org.apache.spark.sql.execution.QueryExecution.commandExecuted(QueryExecution.scala:83)","chan":"stderr","logger":"task"}
{"timestamp":"2025-06-01T01:45:21.177177Z","level":"error","event":"\tat org.apache.spark.sql.execution.QueryExecution.assertCommandExecuted(QueryExecution.scala:142)","chan":"stderr","logger":"task"}
{"timestamp":"2025-06-01T01:45:21.177196Z","level":"error","event":"\tat org.apache.spark.sql.DataFrameWriterV2.runCommand(DataFrameWriterV2.scala:196)","chan":"stderr","logger":"task"}
{"timestamp":"2025-06-01T01:45:21.177214Z","level":"error","event":"\tat org.apache.spark.sql.DataFrameWriterV2.internalReplace(DataFrameWriterV2.scala:208)","chan":"stderr","logger":"task"}
{"timestamp":"2025-06-01T01:45:21.177253Z","level":"error","event":"\tat org.apache.spark.sql.DataFrameWriterV2.createOrReplace(DataFrameWriterV2.scala:134)","chan":"stderr","logger":"task"}
{"timestamp":"2025-06-01T01:45:21.177277Z","level":"error","event":"\tat java.base/jdk.internal.reflect.NativeMethodAccessorImpl.invoke0(Native Method)","chan":"stderr","logger":"task"}
{"timestamp":"2025-06-01T01:45:21.177298Z","level":"error","event":"\tat java.base/jdk.internal.reflect.NativeMethodAccessorImpl.invoke(NativeMethodAccessorImpl.java:77)","chan":"stderr","logger":"task"}
{"timestamp":"2025-06-01T01:45:21.177319Z","level":"error","event":"\tat java.base/jdk.internal.reflect.DelegatingMethodAccessorImpl.invoke(DelegatingMethodAccessorImpl.java:43)","chan":"stderr","logger":"task"}
{"timestamp":"2025-06-01T01:45:21.177338Z","level":"error","event":"\tat java.base/java.lang.reflect.Method.invoke(Method.java:569)","chan":"stderr","logger":"task"}
{"timestamp":"2025-06-01T01:45:21.177356Z","level":"error","event":"\tat py4j.reflection.MethodInvoker.invoke(MethodInvoker.java:244)","chan":"stderr","logger":"task"}
{"timestamp":"2025-06-01T01:45:21.177375Z","level":"error","event":"\tat py4j.reflection.ReflectionEngine.invoke(ReflectionEngine.java:374)","chan":"stderr","logger":"task"}
{"timestamp":"2025-06-01T01:45:21.177394Z","level":"error","event":"\tat py4j.Gateway.invoke(Gateway.java:282)","chan":"stderr","logger":"task"}
{"timestamp":"2025-06-01T01:45:21.177413Z","level":"error","event":"\tat py4j.commands.AbstractCommand.invokeMethod(AbstractCommand.java:132)","chan":"stderr","logger":"task"}
{"timestamp":"2025-06-01T01:45:21.177432Z","level":"error","event":"\tat py4j.commands.CallCommand.execute(CallCommand.java:79)","chan":"stderr","logger":"task"}
{"timestamp":"2025-06-01T01:45:21.177451Z","level":"error","event":"\tat py4j.ClientServerConnection.waitForCommands(ClientServerConnection.java:182)","chan":"stderr","logger":"task"}
{"timestamp":"2025-06-01T01:45:21.177469Z","level":"error","event":"\tat py4j.ClientServerConnection.run(ClientServerConnection.java:106)","chan":"stderr","logger":"task"}
{"timestamp":"2025-06-01T01:45:21.177490Z","level":"error","event":"\tat java.base/java.lang.Thread.run(Thread.java:840)","chan":"stderr","logger":"task"}
{"timestamp":"2025-06-01T01:45:21.209972Z","level":"error","event":"25/05/31 20:45:21 WARN HadoopTableOperations: Error reading version hint file s3a://neo/neo_db/gold_asteroids/metadata/version-hint.text","chan":"stderr","logger":"task"}
{"timestamp":"2025-06-01T01:45:21.210158Z","level":"error","event":"java.io.FileNotFoundException: No such file or directory: s3a://neo/neo_db/gold_asteroids/metadata/version-hint.text","chan":"stderr","logger":"task"}
{"timestamp":"2025-06-01T01:45:21.210245Z","level":"error","event":"\tat org.apache.hadoop.fs.s3a.S3AFileSystem.s3GetFileStatus(S3AFileSystem.java:3866)","chan":"stderr","logger":"task"}
{"timestamp":"2025-06-01T01:45:21.210317Z","level":"error","event":"\tat org.apache.hadoop.fs.s3a.S3AFileSystem.innerGetFileStatus(S3AFileSystem.java:3688)","chan":"stderr","logger":"task"}
{"timestamp":"2025-06-01T01:45:21.210386Z","level":"error","event":"\tat org.apache.hadoop.fs.s3a.S3AFileSystem.extractOrFetchSimpleFileStatus(S3AFileSystem.java:5401)","chan":"stderr","logger":"task"}
{"timestamp":"2025-06-01T01:45:21.210443Z","level":"error","event":"\tat org.apache.hadoop.fs.s3a.S3AFileSystem.open(S3AFileSystem.java:1465)","chan":"stderr","logger":"task"}
{"timestamp":"2025-06-01T01:45:21.210491Z","level":"error","event":"\tat org.apache.hadoop.fs.s3a.S3AFileSystem.open(S3AFileSystem.java:1441)","chan":"stderr","logger":"task"}
{"timestamp":"2025-06-01T01:45:21.210538Z","level":"error","event":"\tat org.apache.hadoop.fs.FileSystem.open(FileSystem.java:976)","chan":"stderr","logger":"task"}
{"timestamp":"2025-06-01T01:45:21.210582Z","level":"error","event":"\tat org.apache.iceberg.hadoop.HadoopTableOperations.findVersion(HadoopTableOperations.java:318)","chan":"stderr","logger":"task"}
{"timestamp":"2025-06-01T01:45:21.210625Z","level":"error","event":"\tat org.apache.iceberg.hadoop.HadoopTableOperations.refresh(HadoopTableOperations.java:104)","chan":"stderr","logger":"task"}
{"timestamp":"2025-06-01T01:45:21.210737Z","level":"error","event":"\tat org.apache.iceberg.hadoop.HadoopTableOperations.current(HadoopTableOperations.java:84)","chan":"stderr","logger":"task"}
{"timestamp":"2025-06-01T01:45:21.210810Z","level":"error","event":"\tat org.apache.iceberg.BaseTransaction.lambda$commitReplaceTransaction$1(BaseTransaction.java:367)","chan":"stderr","logger":"task"}
{"timestamp":"2025-06-01T01:45:21.210860Z","level":"error","event":"\tat org.apache.iceberg.util.Tasks$Builder.runTaskWithRetry(Tasks.java:413)","chan":"stderr","logger":"task"}
{"timestamp":"2025-06-01T01:45:21.210908Z","level":"error","event":"\tat org.apache.iceberg.util.Tasks$Builder.runSingleThreaded(Tasks.java:219)","chan":"stderr","logger":"task"}
{"timestamp":"2025-06-01T01:45:21.210966Z","level":"error","event":"\tat org.apache.iceberg.util.Tasks$Builder.run(Tasks.java:203)","chan":"stderr","logger":"task"}
{"timestamp":"2025-06-01T01:45:21.211012Z","level":"error","event":"\tat org.apache.iceberg.util.Tasks$Builder.run(Tasks.java:196)","chan":"stderr","logger":"task"}
{"timestamp":"2025-06-01T01:45:21.211055Z","level":"error","event":"\tat org.apache.iceberg.BaseTransaction.commitReplaceTransaction(BaseTransaction.java:355)","chan":"stderr","logger":"task"}
{"timestamp":"2025-06-01T01:45:21.211095Z","level":"error","event":"\tat org.apache.iceberg.BaseTransaction.commitTransaction(BaseTransaction.java:304)","chan":"stderr","logger":"task"}
{"timestamp":"2025-06-01T01:45:21.211141Z","level":"error","event":"\tat org.apache.iceberg.CommitCallbackTransaction.commitTransaction(CommitCallbackTransaction.java:121)","chan":"stderr","logger":"task"}
{"timestamp":"2025-06-01T01:45:21.211188Z","level":"error","event":"\tat org.apache.iceberg.spark.source.StagedSparkTable.commitStagedChanges(StagedSparkTable.java:34)","chan":"stderr","logger":"task"}
{"timestamp":"2025-06-01T01:45:21.211229Z","level":"error","event":"\tat org.apache.spark.sql.execution.datasources.v2.V2CreateTableAsSelectBaseExec.$anonfun$writeToTable$1(WriteToDataSourceV2Exec.scala:580)","chan":"stderr","logger":"task"}
{"timestamp":"2025-06-01T01:45:21.211269Z","level":"error","event":"\tat org.apache.spark.util.Utils$.tryWithSafeFinallyAndFailureCallbacks(Utils.scala:1397)","chan":"stderr","logger":"task"}
{"timestamp":"2025-06-01T01:45:21.211309Z","level":"error","event":"\tat org.apache.spark.sql.execution.datasources.v2.V2CreateTableAsSelectBaseExec.writeToTable(WriteToDataSourceV2Exec.scala:573)","chan":"stderr","logger":"task"}
{"timestamp":"2025-06-01T01:45:21.211354Z","level":"error","event":"\tat org.apache.spark.sql.execution.datasources.v2.V2CreateTableAsSelectBaseExec.writeToTable$(WriteToDataSourceV2Exec.scala:567)","chan":"stderr","logger":"task"}
{"timestamp":"2025-06-01T01:45:21.211394Z","level":"error","event":"\tat org.apache.spark.sql.execution.datasources.v2.AtomicReplaceTableAsSelectExec.writeToTable(WriteToDataSourceV2Exec.scala:183)","chan":"stderr","logger":"task"}
{"timestamp":"2025-06-01T01:45:21.211435Z","level":"error","event":"\tat org.apache.spark.sql.execution.datasources.v2.AtomicReplaceTableAsSelectExec.run(WriteToDataSourceV2Exec.scala:216)","chan":"stderr","logger":"task"}
{"timestamp":"2025-06-01T01:45:21.211475Z","level":"error","event":"\tat org.apache.spark.sql.execution.datasources.v2.V2CommandExec.result$lzycompute(V2CommandExec.scala:43)","chan":"stderr","logger":"task"}
{"timestamp":"2025-06-01T01:45:21.211518Z","level":"error","event":"\tat org.apache.spark.sql.execution.datasources.v2.V2CommandExec.result(V2CommandExec.scala:43)","chan":"stderr","logger":"task"}
{"timestamp":"2025-06-01T01:45:21.211563Z","level":"error","event":"\tat org.apache.spark.sql.execution.datasources.v2.V2CommandExec.executeCollect(V2CommandExec.scala:49)","chan":"stderr","logger":"task"}
{"timestamp":"2025-06-01T01:45:21.211603Z","level":"error","event":"\tat org.apache.spark.sql.execution.QueryExecution$$anonfun$eagerlyExecuteCommands$1.$anonfun$applyOrElse$1(QueryExecution.scala:107)","chan":"stderr","logger":"task"}
{"timestamp":"2025-06-01T01:45:21.211641Z","level":"error","event":"\tat org.apache.spark.sql.execution.SQLExecution$.$anonfun$withNewExecutionId$6(SQLExecution.scala:125)","chan":"stderr","logger":"task"}
{"timestamp":"2025-06-01T01:45:21.211694Z","level":"error","event":"\tat org.apache.spark.sql.execution.SQLExecution$.withSQLConfPropagated(SQLExecution.scala:201)","chan":"stderr","logger":"task"}
{"timestamp":"2025-06-01T01:45:21.211762Z","level":"error","event":"\tat org.apache.spark.sql.execution.SQLExecution$.$anonfun$withNewExecutionId$1(SQLExecution.scala:108)","chan":"stderr","logger":"task"}
{"timestamp":"2025-06-01T01:45:21.211808Z","level":"error","event":"\tat org.apache.spark.sql.SparkSession.withActive(SparkSession.scala:900)","chan":"stderr","logger":"task"}
{"timestamp":"2025-06-01T01:45:21.211852Z","level":"error","event":"\tat org.apache.spark.sql.execution.SQLExecution$.withNewExecutionId(SQLExecution.scala:66)","chan":"stderr","logger":"task"}
{"timestamp":"2025-06-01T01:45:21.211903Z","level":"error","event":"\tat org.apache.spark.sql.execution.QueryExecution$$anonfun$eagerlyExecuteCommands$1.applyOrElse(QueryExecution.scala:107)","chan":"stderr","logger":"task"}
{"timestamp":"2025-06-01T01:45:21.211947Z","level":"error","event":"\tat org.apache.spark.sql.execution.QueryExecution$$anonfun$eagerlyExecuteCommands$1.applyOrElse(QueryExecution.scala:98)","chan":"stderr","logger":"task"}
{"timestamp":"2025-06-01T01:45:21.211989Z","level":"error","event":"\tat org.apache.spark.sql.catalyst.trees.TreeNode.$anonfun$transformDownWithPruning$1(TreeNode.scala:461)","chan":"stderr","logger":"task"}
{"timestamp":"2025-06-01T01:45:21.212031Z","level":"error","event":"\tat org.apache.spark.sql.catalyst.trees.CurrentOrigin$.withOrigin(origin.scala:76)","chan":"stderr","logger":"task"}
{"timestamp":"2025-06-01T01:45:21.212070Z","level":"error","event":"\tat org.apache.spark.sql.catalyst.trees.TreeNode.transformDownWithPruning(TreeNode.scala:461)","chan":"stderr","logger":"task"}
{"timestamp":"2025-06-01T01:45:21.212108Z","level":"error","event":"\tat org.apache.spark.sql.catalyst.plans.logical.LogicalPlan.org$apache$spark$sql$catalyst$plans$logical$AnalysisHelper$$super$transformDownWithPruning(LogicalPlan.scala:32)","chan":"stderr","logger":"task"}
{"timestamp":"2025-06-01T01:45:21.212148Z","level":"error","event":"\tat org.apache.spark.sql.catalyst.plans.logical.AnalysisHelper.transformDownWithPruning(AnalysisHelper.scala:267)","chan":"stderr","logger":"task"}
{"timestamp":"2025-06-01T01:45:21.212192Z","level":"error","event":"\tat org.apache.spark.sql.catalyst.plans.logical.AnalysisHelper.transformDownWithPruning$(AnalysisHelper.scala:263)","chan":"stderr","logger":"task"}
{"timestamp":"2025-06-01T01:45:21.212232Z","level":"error","event":"\tat org.apache.spark.sql.catalyst.plans.logical.LogicalPlan.transformDownWithPruning(LogicalPlan.scala:32)","chan":"stderr","logger":"task"}
{"timestamp":"2025-06-01T01:45:21.212270Z","level":"error","event":"\tat org.apache.spark.sql.catalyst.plans.logical.LogicalPlan.transformDownWithPruning(LogicalPlan.scala:32)","chan":"stderr","logger":"task"}
{"timestamp":"2025-06-01T01:45:21.212309Z","level":"error","event":"\tat org.apache.spark.sql.catalyst.trees.TreeNode.transformDown(TreeNode.scala:437)","chan":"stderr","logger":"task"}
{"timestamp":"2025-06-01T01:45:21.212347Z","level":"error","event":"\tat org.apache.spark.sql.execution.QueryExecution.eagerlyExecuteCommands(QueryExecution.scala:98)","chan":"stderr","logger":"task"}
{"timestamp":"2025-06-01T01:45:21.212385Z","level":"error","event":"\tat org.apache.spark.sql.execution.QueryExecution.commandExecuted$lzycompute(QueryExecution.scala:85)","chan":"stderr","logger":"task"}
{"timestamp":"2025-06-01T01:45:21.212425Z","level":"error","event":"\tat org.apache.spark.sql.execution.QueryExecution.commandExecuted(QueryExecution.scala:83)","chan":"stderr","logger":"task"}
{"timestamp":"2025-06-01T01:45:21.212463Z","level":"error","event":"\tat org.apache.spark.sql.execution.QueryExecution.assertCommandExecuted(QueryExecution.scala:142)","chan":"stderr","logger":"task"}
{"timestamp":"2025-06-01T01:45:21.212502Z","level":"error","event":"\tat org.apache.spark.sql.DataFrameWriterV2.runCommand(DataFrameWriterV2.scala:196)","chan":"stderr","logger":"task"}
{"timestamp":"2025-06-01T01:45:21.212597Z","level":"error","event":"\tat org.apache.spark.sql.DataFrameWriterV2.internalReplace(DataFrameWriterV2.scala:208)","chan":"stderr","logger":"task"}
{"timestamp":"2025-06-01T01:45:21.212646Z","level":"error","event":"\tat org.apache.spark.sql.DataFrameWriterV2.createOrReplace(DataFrameWriterV2.scala:134)","chan":"stderr","logger":"task"}
{"timestamp":"2025-06-01T01:45:21.212691Z","level":"error","event":"\tat java.base/jdk.internal.reflect.NativeMethodAccessorImpl.invoke0(Native Method)","chan":"stderr","logger":"task"}
{"timestamp":"2025-06-01T01:45:21.212742Z","level":"error","event":"\tat java.base/jdk.internal.reflect.NativeMethodAccessorImpl.invoke(NativeMethodAccessorImpl.java:77)","chan":"stderr","logger":"task"}
{"timestamp":"2025-06-01T01:45:21.212787Z","level":"error","event":"\tat java.base/jdk.internal.reflect.DelegatingMethodAccessorImpl.invoke(DelegatingMethodAccessorImpl.java:43)","chan":"stderr","logger":"task"}
{"timestamp":"2025-06-01T01:45:21.212831Z","level":"error","event":"\tat java.base/java.lang.reflect.Method.invoke(Method.java:569)","chan":"stderr","logger":"task"}
{"timestamp":"2025-06-01T01:45:21.212877Z","level":"error","event":"\tat py4j.reflection.MethodInvoker.invoke(MethodInvoker.java:244)","chan":"stderr","logger":"task"}
{"timestamp":"2025-06-01T01:45:21.212922Z","level":"error","event":"\tat py4j.reflection.ReflectionEngine.invoke(ReflectionEngine.java:374)","chan":"stderr","logger":"task"}
{"timestamp":"2025-06-01T01:45:21.212969Z","level":"error","event":"\tat py4j.Gateway.invoke(Gateway.java:282)","chan":"stderr","logger":"task"}
{"timestamp":"2025-06-01T01:45:21.213018Z","level":"error","event":"\tat py4j.commands.AbstractCommand.invokeMethod(AbstractCommand.java:132)","chan":"stderr","logger":"task"}
{"timestamp":"2025-06-01T01:45:21.213063Z","level":"error","event":"\tat py4j.commands.CallCommand.execute(CallCommand.java:79)","chan":"stderr","logger":"task"}
{"timestamp":"2025-06-01T01:45:21.213108Z","level":"error","event":"\tat py4j.ClientServerConnection.waitForCommands(ClientServerConnection.java:182)","chan":"stderr","logger":"task"}
{"timestamp":"2025-06-01T01:45:21.213152Z","level":"error","event":"\tat py4j.ClientServerConnection.run(ClientServerConnection.java:106)","chan":"stderr","logger":"task"}
{"timestamp":"2025-06-01T01:45:21.213198Z","level":"error","event":"\tat java.base/java.lang.Thread.run(Thread.java:840)","chan":"stderr","logger":"task"}
{"timestamp":"2025-06-01T01:45:24.245559","level":"info","event":"Pushing xcom","ti":"RuntimeTaskInstance(id=UUID('01972929-5bef-74aa-a3e9-0315cddf7f9d'), task_id='Curate_analytical_dataset', dag_id='NeoAPIPipeline', run_id='manual__2025-06-01T01:44:25.789172+00:00', try_number=1, map_index=-1, hostname='newlife', context_carrier=None, task=<Task(PapermillOperator): Curate_analytical_dataset>, bundle_instance=LocalDagBundle(name=dags-folder), max_tries=0, start_date=datetime.datetime(2025, 6, 1, 1, 44, 55, 573959, tzinfo=TzInfo(UTC)), end_date=None, state=<TaskInstanceState.RUNNING: 'running'>, is_mapped=False, rendered_map_index=None)","logger":"task"}
