{"timestamp":"2025-06-01T00:55:43.429573","level":"info","event":"DAG bundles loaded: dags-folder","logger":"airflow.dag_processing.bundles.manager.DagBundlesManager"}
{"timestamp":"2025-06-01T00:55:43.430745","level":"info","event":"Filling up the DagBag from /home/fastnnefarious/Projects/PycharmProjects/nasa_neo_pipeline/airflow/dags/daily_nasa_neo_etl_pipeline.py","logger":"airflow.models.dagbag.DagBag"}
{"timestamp":"2025-06-01T00:55:44.149914","level":"info","event":"Creating MinIO client for endpoint: localhost:9000","logger":"src.minio_client"}
{"timestamp":"2025-06-01T00:55:44.150130","level":"info","event":"Validating MinIO connection...","logger":"src.minio_client"}
{"timestamp":"2025-06-01T00:55:44.152234","level":"info","event":"MinIO connection validated successfully","logger":"src.minio_client"}
{"timestamp":"2025-06-01T00:55:44.168958Z","level":"info","event":"[('2025-05-01', '2025-05-07')]","chan":"stdout","logger":"task"}
{"timestamp":"2025-06-01T00:55:44.173037","level":"info","event":"Input Notebook:  /home/fastnnefarious/Projects/PycharmProjects/nasa_neo_pipeline/notebooks/NeoApiClient.ipynb","logger":"papermill"}
{"timestamp":"2025-06-01T00:55:44.173101","level":"info","event":"Output Notebook: /home/fastnnefarious/Projects/PycharmProjects/nasa_neo_pipeline/notebooks/tmp/gold/2025-05-31 19:55:44-OUT_NeoApiClient.ipynb","logger":"papermill"}
{"timestamp":"2025-06-01T00:55:44.968572","level":"info","event":"Executing notebook with kernel: nasa_spark_kernel","logger":"papermill"}
{"timestamp":"2025-06-01T00:55:46.382432Z","level":"error","event":"25/05/31 19:55:46 WARN Utils: Your hostname, newlife resolves to a loopback address: 127.0.1.1; using 192.168.0.196 instead (on interface wlp0s20f3)","chan":"stderr","logger":"task"}
{"timestamp":"2025-06-01T00:55:46.384626Z","level":"error","event":"25/05/31 19:55:46 WARN Utils: Set SPARK_LOCAL_IP if you need to bind to another address","chan":"stderr","logger":"task"}
{"timestamp":"2025-06-01T00:55:46.523731Z","level":"info","event":":: loading settings :: url = jar:file:/home/fastnnefarious/Projects/PycharmProjects/nasa_neo_pipeline/.venv/lib/python3.12/site-packages/pyspark/jars/ivy-2.5.1.jar!/org/apache/ivy/core/settings/ivysettings.xml","chan":"stdout","logger":"task"}
{"timestamp":"2025-06-01T00:55:46.584999Z","level":"error","event":"Ivy Default Cache set to: /home/fastnnefarious/.ivy2/cache","chan":"stderr","logger":"task"}
{"timestamp":"2025-06-01T00:55:46.585314Z","level":"error","event":"The jars for the packages stored in: /home/fastnnefarious/.ivy2/jars","chan":"stderr","logger":"task"}
{"timestamp":"2025-06-01T00:55:46.594853Z","level":"error","event":"org.apache.iceberg#iceberg-spark-runtime-3.5_2.12 added as a dependency","chan":"stderr","logger":"task"}
{"timestamp":"2025-06-01T00:55:46.595116Z","level":"error","event":"org.apache.hadoop#hadoop-aws added as a dependency","chan":"stderr","logger":"task"}
{"timestamp":"2025-06-01T00:55:46.595197Z","level":"error","event":"org.apache.hadoop#hadoop-common added as a dependency","chan":"stderr","logger":"task"}
{"timestamp":"2025-06-01T00:55:46.595266Z","level":"error","event":"com.amazonaws#aws-java-sdk-bundle added as a dependency","chan":"stderr","logger":"task"}
{"timestamp":"2025-06-01T00:55:46.596319Z","level":"error","event":":: resolving dependencies :: org.apache.spark#spark-submit-parent-5ab87cb4-4b55-48c4-9e10-8d800accade7;1.0","chan":"stderr","logger":"task"}
{"timestamp":"2025-06-01T00:55:46.596806Z","level":"error","event":"\tconfs: [default]","chan":"stderr","logger":"task"}
{"timestamp":"2025-06-01T00:55:46.968406Z","level":"error","event":"\tfound org.apache.iceberg#iceberg-spark-runtime-3.5_2.12;1.4.3 in central","chan":"stderr","logger":"task"}
{"timestamp":"2025-06-01T00:55:47.041052Z","level":"error","event":"\tfound org.apache.hadoop#hadoop-aws;3.3.4 in central","chan":"stderr","logger":"task"}
{"timestamp":"2025-06-01T00:55:47.058075Z","level":"error","event":"\tfound org.wildfly.openssl#wildfly-openssl;1.0.7.Final in central","chan":"stderr","logger":"task"}
{"timestamp":"2025-06-01T00:55:47.097705Z","level":"error","event":"\tfound org.apache.hadoop#hadoop-common;3.3.4 in central","chan":"stderr","logger":"task"}
{"timestamp":"2025-06-01T00:55:47.145365Z","level":"error","event":"\tfound org.apache.hadoop.thirdparty#hadoop-shaded-protobuf_3_7;1.1.1 in central","chan":"stderr","logger":"task"}
{"timestamp":"2025-06-01T00:55:47.174640Z","level":"error","event":"\tfound org.apache.hadoop#hadoop-annotations;3.3.4 in central","chan":"stderr","logger":"task"}
{"timestamp":"2025-06-01T00:55:47.190696Z","level":"error","event":"\tfound org.apache.hadoop.thirdparty#hadoop-shaded-guava;1.1.1 in central","chan":"stderr","logger":"task"}
{"timestamp":"2025-06-01T00:55:47.202988Z","level":"error","event":"\tfound com.google.guava#guava;27.0-jre in central","chan":"stderr","logger":"task"}
{"timestamp":"2025-06-01T00:55:47.217769Z","level":"error","event":"\tfound com.google.guava#failureaccess;1.0 in central","chan":"stderr","logger":"task"}
{"timestamp":"2025-06-01T00:55:47.234232Z","level":"error","event":"\tfound com.google.guava#listenablefuture;9999.0-empty-to-avoid-conflict-with-guava in central","chan":"stderr","logger":"task"}
{"timestamp":"2025-06-01T00:55:47.248967Z","level":"error","event":"\tfound com.google.code.findbugs#jsr305;3.0.2 in central","chan":"stderr","logger":"task"}
{"timestamp":"2025-06-01T00:55:47.265853Z","level":"error","event":"\tfound org.checkerframework#checker-qual;2.5.2 in central","chan":"stderr","logger":"task"}
{"timestamp":"2025-06-01T00:55:47.283489Z","level":"error","event":"\tfound com.google.j2objc#j2objc-annotations;1.1 in central","chan":"stderr","logger":"task"}
{"timestamp":"2025-06-01T00:55:47.293677Z","level":"error","event":"\tfound org.codehaus.mojo#animal-sniffer-annotations;1.17 in central","chan":"stderr","logger":"task"}
{"timestamp":"2025-06-01T00:55:47.303215Z","level":"error","event":"\tfound commons-cli#commons-cli;1.2 in central","chan":"stderr","logger":"task"}
{"timestamp":"2025-06-01T00:55:47.313372Z","level":"error","event":"\tfound org.apache.commons#commons-math3;3.1.1 in central","chan":"stderr","logger":"task"}
{"timestamp":"2025-06-01T00:55:47.322286Z","level":"error","event":"\tfound org.apache.httpcomponents#httpclient;4.5.13 in central","chan":"stderr","logger":"task"}
{"timestamp":"2025-06-01T00:55:47.331978Z","level":"error","event":"\tfound org.apache.httpcomponents#httpcore;4.4.13 in central","chan":"stderr","logger":"task"}
{"timestamp":"2025-06-01T00:55:47.341871Z","level":"error","event":"\tfound commons-logging#commons-logging;1.1.3 in central","chan":"stderr","logger":"task"}
{"timestamp":"2025-06-01T00:55:47.350017Z","level":"error","event":"\tfound commons-codec#commons-codec;1.15 in central","chan":"stderr","logger":"task"}
{"timestamp":"2025-06-01T00:55:47.368378Z","level":"error","event":"\tfound commons-io#commons-io;2.8.0 in central","chan":"stderr","logger":"task"}
{"timestamp":"2025-06-01T00:55:47.383072Z","level":"error","event":"\tfound commons-net#commons-net;3.6 in central","chan":"stderr","logger":"task"}
{"timestamp":"2025-06-01T00:55:47.401398Z","level":"error","event":"\tfound commons-collections#commons-collections;3.2.2 in central","chan":"stderr","logger":"task"}
{"timestamp":"2025-06-01T00:55:47.411622Z","level":"error","event":"\tfound javax.servlet#javax.servlet-api;3.1.0 in central","chan":"stderr","logger":"task"}
{"timestamp":"2025-06-01T00:55:47.421304Z","level":"error","event":"\tfound org.eclipse.jetty#jetty-server;9.4.43.v20210629 in central","chan":"stderr","logger":"task"}
{"timestamp":"2025-06-01T00:55:47.430837Z","level":"error","event":"\tfound org.eclipse.jetty#jetty-http;9.4.43.v20210629 in central","chan":"stderr","logger":"task"}
{"timestamp":"2025-06-01T00:55:47.438752Z","level":"error","event":"\tfound org.eclipse.jetty#jetty-util;9.4.43.v20210629 in central","chan":"stderr","logger":"task"}
{"timestamp":"2025-06-01T00:55:47.451236Z","level":"error","event":"\tfound org.eclipse.jetty#jetty-io;9.4.43.v20210629 in central","chan":"stderr","logger":"task"}
{"timestamp":"2025-06-01T00:55:47.468434Z","level":"error","event":"\tfound org.eclipse.jetty#jetty-servlet;9.4.43.v20210629 in central","chan":"stderr","logger":"task"}
{"timestamp":"2025-06-01T00:55:47.483166Z","level":"error","event":"\tfound org.eclipse.jetty#jetty-security;9.4.43.v20210629 in central","chan":"stderr","logger":"task"}
{"timestamp":"2025-06-01T00:55:47.491432Z","level":"error","event":"\tfound org.eclipse.jetty#jetty-util-ajax;9.4.43.v20210629 in central","chan":"stderr","logger":"task"}
{"timestamp":"2025-06-01T00:55:47.500340Z","level":"error","event":"\tfound org.eclipse.jetty#jetty-webapp;9.4.43.v20210629 in central","chan":"stderr","logger":"task"}
{"timestamp":"2025-06-01T00:55:47.507885Z","level":"error","event":"\tfound org.eclipse.jetty#jetty-xml;9.4.43.v20210629 in central","chan":"stderr","logger":"task"}
{"timestamp":"2025-06-01T00:55:47.515525Z","level":"error","event":"\tfound com.sun.jersey#jersey-core;1.19 in central","chan":"stderr","logger":"task"}
{"timestamp":"2025-06-01T00:55:47.522312Z","level":"error","event":"\tfound javax.ws.rs#jsr311-api;1.1.1 in central","chan":"stderr","logger":"task"}
{"timestamp":"2025-06-01T00:55:47.534411Z","level":"error","event":"\tfound com.sun.jersey#jersey-servlet;1.19 in central","chan":"stderr","logger":"task"}
{"timestamp":"2025-06-01T00:55:47.544704Z","level":"error","event":"\tfound com.sun.jersey#jersey-server;1.19 in central","chan":"stderr","logger":"task"}
{"timestamp":"2025-06-01T00:55:47.551830Z","level":"error","event":"\tfound com.sun.jersey#jersey-json;1.19 in central","chan":"stderr","logger":"task"}
{"timestamp":"2025-06-01T00:55:47.558779Z","level":"error","event":"\tfound org.codehaus.jettison#jettison;1.1 in central","chan":"stderr","logger":"task"}
{"timestamp":"2025-06-01T00:55:47.568544Z","level":"error","event":"\tfound com.sun.xml.bind#jaxb-impl;2.2.3-1 in central","chan":"stderr","logger":"task"}
{"timestamp":"2025-06-01T00:55:47.577017Z","level":"error","event":"\tfound javax.xml.bind#jaxb-api;2.2.11 in central","chan":"stderr","logger":"task"}
{"timestamp":"2025-06-01T00:55:47.583414Z","level":"error","event":"\tfound org.codehaus.jackson#jackson-core-asl;1.9.13 in central","chan":"stderr","logger":"task"}
{"timestamp":"2025-06-01T00:55:47.591176Z","level":"error","event":"\tfound org.codehaus.jackson#jackson-mapper-asl;1.9.13 in central","chan":"stderr","logger":"task"}
{"timestamp":"2025-06-01T00:55:47.602628Z","level":"error","event":"\tfound org.codehaus.jackson#jackson-jaxrs;1.9.13 in central","chan":"stderr","logger":"task"}
{"timestamp":"2025-06-01T00:55:47.610802Z","level":"error","event":"\tfound org.codehaus.jackson#jackson-xc;1.9.13 in central","chan":"stderr","logger":"task"}
{"timestamp":"2025-06-01T00:55:47.619120Z","level":"error","event":"\tfound ch.qos.reload4j#reload4j;1.2.22 in central","chan":"stderr","logger":"task"}
{"timestamp":"2025-06-01T00:55:47.629561Z","level":"error","event":"\tfound commons-beanutils#commons-beanutils;1.9.4 in central","chan":"stderr","logger":"task"}
{"timestamp":"2025-06-01T00:55:47.642417Z","level":"error","event":"\tfound org.apache.commons#commons-configuration2;2.1.1 in central","chan":"stderr","logger":"task"}
{"timestamp":"2025-06-01T00:55:47.657689Z","level":"error","event":"\tfound org.apache.commons#commons-lang3;3.12.0 in central","chan":"stderr","logger":"task"}
{"timestamp":"2025-06-01T00:55:47.667934Z","level":"error","event":"\tfound org.apache.commons#commons-text;1.4 in central","chan":"stderr","logger":"task"}
{"timestamp":"2025-06-01T00:55:47.678163Z","level":"error","event":"\tfound org.slf4j#slf4j-api;1.7.36 in central","chan":"stderr","logger":"task"}
{"timestamp":"2025-06-01T00:55:47.686673Z","level":"error","event":"\tfound org.slf4j#slf4j-reload4j;1.7.36 in central","chan":"stderr","logger":"task"}
{"timestamp":"2025-06-01T00:55:47.697015Z","level":"error","event":"\tfound org.apache.avro#avro;1.7.7 in central","chan":"stderr","logger":"task"}
{"timestamp":"2025-06-01T00:55:47.706765Z","level":"error","event":"\tfound com.thoughtworks.paranamer#paranamer;2.3 in central","chan":"stderr","logger":"task"}
{"timestamp":"2025-06-01T00:55:47.714688Z","level":"error","event":"\tfound org.xerial.snappy#snappy-java;1.1.8.2 in central","chan":"stderr","logger":"task"}
{"timestamp":"2025-06-01T00:55:47.721823Z","level":"error","event":"\tfound org.apache.commons#commons-compress;1.21 in central","chan":"stderr","logger":"task"}
{"timestamp":"2025-06-01T00:55:47.728961Z","level":"error","event":"\tfound com.google.re2j#re2j;1.1 in central","chan":"stderr","logger":"task"}
{"timestamp":"2025-06-01T00:55:47.734488Z","level":"error","event":"\tfound com.google.protobuf#protobuf-java;2.5.0 in central","chan":"stderr","logger":"task"}
{"timestamp":"2025-06-01T00:55:47.740690Z","level":"error","event":"\tfound com.google.code.gson#gson;2.8.9 in central","chan":"stderr","logger":"task"}
{"timestamp":"2025-06-01T00:55:47.750013Z","level":"error","event":"\tfound org.apache.hadoop#hadoop-auth;3.3.4 in central","chan":"stderr","logger":"task"}
{"timestamp":"2025-06-01T00:55:47.757209Z","level":"error","event":"\tfound com.nimbusds#nimbus-jose-jwt;9.8.1 in central","chan":"stderr","logger":"task"}
{"timestamp":"2025-06-01T00:55:47.763535Z","level":"error","event":"\tfound com.github.stephenc.jcip#jcip-annotations;1.0-1 in central","chan":"stderr","logger":"task"}
{"timestamp":"2025-06-01T00:55:47.770264Z","level":"error","event":"\tfound net.minidev#json-smart;2.4.7 in central","chan":"stderr","logger":"task"}
{"timestamp":"2025-06-01T00:55:47.786052Z","level":"error","event":"\tfound net.minidev#accessors-smart;2.4.7 in central","chan":"stderr","logger":"task"}
{"timestamp":"2025-06-01T00:55:47.797150Z","level":"error","event":"\tfound org.ow2.asm#asm;5.0.4 in central","chan":"stderr","logger":"task"}
{"timestamp":"2025-06-01T00:55:47.808140Z","level":"error","event":"\tfound org.apache.zookeeper#zookeeper;3.5.6 in central","chan":"stderr","logger":"task"}
{"timestamp":"2025-06-01T00:55:47.819633Z","level":"error","event":"\tfound org.apache.zookeeper#zookeeper-jute;3.5.6 in central","chan":"stderr","logger":"task"}
{"timestamp":"2025-06-01T00:55:47.830179Z","level":"error","event":"\tfound org.apache.yetus#audience-annotations;0.5.0 in central","chan":"stderr","logger":"task"}
{"timestamp":"2025-06-01T00:55:47.844160Z","level":"error","event":"\tfound org.apache.curator#curator-framework;4.2.0 in central","chan":"stderr","logger":"task"}
{"timestamp":"2025-06-01T00:55:47.857280Z","level":"error","event":"\tfound org.apache.curator#curator-client;4.2.0 in central","chan":"stderr","logger":"task"}
{"timestamp":"2025-06-01T00:55:47.868785Z","level":"error","event":"\tfound org.apache.kerby#kerb-simplekdc;1.0.1 in central","chan":"stderr","logger":"task"}
{"timestamp":"2025-06-01T00:55:47.878790Z","level":"error","event":"\tfound org.apache.kerby#kerb-client;1.0.1 in central","chan":"stderr","logger":"task"}
{"timestamp":"2025-06-01T00:55:47.890154Z","level":"error","event":"\tfound org.apache.kerby#kerby-config;1.0.1 in central","chan":"stderr","logger":"task"}
{"timestamp":"2025-06-01T00:55:47.901038Z","level":"error","event":"\tfound org.apache.kerby#kerb-core;1.0.1 in central","chan":"stderr","logger":"task"}
{"timestamp":"2025-06-01T00:55:47.911438Z","level":"error","event":"\tfound org.apache.kerby#kerby-pkix;1.0.1 in central","chan":"stderr","logger":"task"}
{"timestamp":"2025-06-01T00:55:47.923468Z","level":"error","event":"\tfound org.apache.kerby#kerby-asn1;1.0.1 in central","chan":"stderr","logger":"task"}
{"timestamp":"2025-06-01T00:55:47.945165Z","level":"error","event":"\tfound org.apache.kerby#kerby-util;1.0.1 in central","chan":"stderr","logger":"task"}
{"timestamp":"2025-06-01T00:55:47.957196Z","level":"error","event":"\tfound org.apache.kerby#kerb-common;1.0.1 in central","chan":"stderr","logger":"task"}
{"timestamp":"2025-06-01T00:55:47.968078Z","level":"error","event":"\tfound org.apache.kerby#kerb-crypto;1.0.1 in central","chan":"stderr","logger":"task"}
{"timestamp":"2025-06-01T00:55:47.980257Z","level":"error","event":"\tfound org.apache.kerby#kerb-util;1.0.1 in central","chan":"stderr","logger":"task"}
{"timestamp":"2025-06-01T00:55:47.991924Z","level":"error","event":"\tfound org.apache.kerby#token-provider;1.0.1 in central","chan":"stderr","logger":"task"}
{"timestamp":"2025-06-01T00:55:48.002081Z","level":"error","event":"\tfound org.apache.kerby#kerb-admin;1.0.1 in central","chan":"stderr","logger":"task"}
{"timestamp":"2025-06-01T00:55:48.011557Z","level":"error","event":"\tfound org.apache.kerby#kerb-server;1.0.1 in central","chan":"stderr","logger":"task"}
{"timestamp":"2025-06-01T00:55:48.021331Z","level":"error","event":"\tfound org.apache.kerby#kerb-identity;1.0.1 in central","chan":"stderr","logger":"task"}
{"timestamp":"2025-06-01T00:55:48.031272Z","level":"error","event":"\tfound org.apache.kerby#kerby-xdr;1.0.1 in central","chan":"stderr","logger":"task"}
{"timestamp":"2025-06-01T00:55:48.045830Z","level":"error","event":"\tfound com.jcraft#jsch;0.1.55 in central","chan":"stderr","logger":"task"}
{"timestamp":"2025-06-01T00:55:48.055664Z","level":"error","event":"\tfound org.apache.curator#curator-recipes;4.2.0 in central","chan":"stderr","logger":"task"}
{"timestamp":"2025-06-01T00:55:48.065897Z","level":"error","event":"\tfound com.fasterxml.jackson.core#jackson-databind;2.12.7 in central","chan":"stderr","logger":"task"}
{"timestamp":"2025-06-01T00:55:48.074360Z","level":"error","event":"\tfound com.fasterxml.jackson.core#jackson-annotations;2.12.7 in central","chan":"stderr","logger":"task"}
{"timestamp":"2025-06-01T00:55:48.089751Z","level":"error","event":"\tfound com.fasterxml.jackson.core#jackson-core;2.12.7 in central","chan":"stderr","logger":"task"}
{"timestamp":"2025-06-01T00:55:48.098897Z","level":"error","event":"\tfound org.codehaus.woodstox#stax2-api;4.2.1 in central","chan":"stderr","logger":"task"}
{"timestamp":"2025-06-01T00:55:48.107951Z","level":"error","event":"\tfound com.fasterxml.woodstox#woodstox-core;5.3.0 in central","chan":"stderr","logger":"task"}
{"timestamp":"2025-06-01T00:55:48.116064Z","level":"error","event":"\tfound dnsjava#dnsjava;2.1.7 in central","chan":"stderr","logger":"task"}
{"timestamp":"2025-06-01T00:55:48.126679Z","level":"error","event":"\tfound jakarta.activation#jakarta.activation-api;1.2.1 in central","chan":"stderr","logger":"task"}
{"timestamp":"2025-06-01T00:55:48.137080Z","level":"error","event":"\tfound javax.servlet.jsp#jsp-api;2.1 in central","chan":"stderr","logger":"task"}
{"timestamp":"2025-06-01T00:55:48.150592Z","level":"error","event":"\tfound com.amazonaws#aws-java-sdk-bundle;1.12.367 in central","chan":"stderr","logger":"task"}
{"timestamp":"2025-06-01T00:55:48.209037Z","level":"error","event":":: resolution report :: resolve 1580ms :: artifacts dl 33ms","chan":"stderr","logger":"task"}
{"timestamp":"2025-06-01T00:55:48.209395Z","level":"error","event":"\t:: modules in use:","chan":"stderr","logger":"task"}
{"timestamp":"2025-06-01T00:55:48.209533Z","level":"error","event":"\tch.qos.reload4j#reload4j;1.2.22 from central in [default]","chan":"stderr","logger":"task"}
{"timestamp":"2025-06-01T00:55:48.209610Z","level":"error","event":"\tcom.amazonaws#aws-java-sdk-bundle;1.12.367 from central in [default]","chan":"stderr","logger":"task"}
{"timestamp":"2025-06-01T00:55:48.209668Z","level":"error","event":"\tcom.fasterxml.jackson.core#jackson-annotations;2.12.7 from central in [default]","chan":"stderr","logger":"task"}
{"timestamp":"2025-06-01T00:55:48.209739Z","level":"error","event":"\tcom.fasterxml.jackson.core#jackson-core;2.12.7 from central in [default]","chan":"stderr","logger":"task"}
{"timestamp":"2025-06-01T00:55:48.209798Z","level":"error","event":"\tcom.fasterxml.jackson.core#jackson-databind;2.12.7 from central in [default]","chan":"stderr","logger":"task"}
{"timestamp":"2025-06-01T00:55:48.209903Z","level":"error","event":"\tcom.fasterxml.woodstox#woodstox-core;5.3.0 from central in [default]","chan":"stderr","logger":"task"}
{"timestamp":"2025-06-01T00:55:48.209966Z","level":"error","event":"\tcom.github.stephenc.jcip#jcip-annotations;1.0-1 from central in [default]","chan":"stderr","logger":"task"}
{"timestamp":"2025-06-01T00:55:48.210018Z","level":"error","event":"\tcom.google.code.findbugs#jsr305;3.0.2 from central in [default]","chan":"stderr","logger":"task"}
{"timestamp":"2025-06-01T00:55:48.210088Z","level":"error","event":"\tcom.google.code.gson#gson;2.8.9 from central in [default]","chan":"stderr","logger":"task"}
{"timestamp":"2025-06-01T00:55:48.210140Z","level":"error","event":"\tcom.google.guava#failureaccess;1.0 from central in [default]","chan":"stderr","logger":"task"}
{"timestamp":"2025-06-01T00:55:48.210194Z","level":"error","event":"\tcom.google.guava#guava;27.0-jre from central in [default]","chan":"stderr","logger":"task"}
{"timestamp":"2025-06-01T00:55:48.210246Z","level":"error","event":"\tcom.google.guava#listenablefuture;9999.0-empty-to-avoid-conflict-with-guava from central in [default]","chan":"stderr","logger":"task"}
{"timestamp":"2025-06-01T00:55:48.210295Z","level":"error","event":"\tcom.google.j2objc#j2objc-annotations;1.1 from central in [default]","chan":"stderr","logger":"task"}
{"timestamp":"2025-06-01T00:55:48.210345Z","level":"error","event":"\tcom.google.protobuf#protobuf-java;2.5.0 from central in [default]","chan":"stderr","logger":"task"}
{"timestamp":"2025-06-01T00:55:48.210424Z","level":"error","event":"\tcom.google.re2j#re2j;1.1 from central in [default]","chan":"stderr","logger":"task"}
{"timestamp":"2025-06-01T00:55:48.210485Z","level":"error","event":"\tcom.jcraft#jsch;0.1.55 from central in [default]","chan":"stderr","logger":"task"}
{"timestamp":"2025-06-01T00:55:48.210540Z","level":"error","event":"\tcom.nimbusds#nimbus-jose-jwt;9.8.1 from central in [default]","chan":"stderr","logger":"task"}
{"timestamp":"2025-06-01T00:55:48.210590Z","level":"error","event":"\tcom.sun.jersey#jersey-core;1.19 from central in [default]","chan":"stderr","logger":"task"}
{"timestamp":"2025-06-01T00:55:48.210639Z","level":"error","event":"\tcom.sun.jersey#jersey-json;1.19 from central in [default]","chan":"stderr","logger":"task"}
{"timestamp":"2025-06-01T00:55:48.210688Z","level":"error","event":"\tcom.sun.jersey#jersey-server;1.19 from central in [default]","chan":"stderr","logger":"task"}
{"timestamp":"2025-06-01T00:55:48.210769Z","level":"error","event":"\tcom.sun.jersey#jersey-servlet;1.19 from central in [default]","chan":"stderr","logger":"task"}
{"timestamp":"2025-06-01T00:55:48.210913Z","level":"error","event":"\tcom.sun.xml.bind#jaxb-impl;2.2.3-1 from central in [default]","chan":"stderr","logger":"task"}
{"timestamp":"2025-06-01T00:55:48.210992Z","level":"error","event":"\tcom.thoughtworks.paranamer#paranamer;2.3 from central in [default]","chan":"stderr","logger":"task"}
{"timestamp":"2025-06-01T00:55:48.211049Z","level":"error","event":"\tcommons-beanutils#commons-beanutils;1.9.4 from central in [default]","chan":"stderr","logger":"task"}
{"timestamp":"2025-06-01T00:55:48.211103Z","level":"error","event":"\tcommons-cli#commons-cli;1.2 from central in [default]","chan":"stderr","logger":"task"}
{"timestamp":"2025-06-01T00:55:48.211163Z","level":"error","event":"\tcommons-codec#commons-codec;1.15 from central in [default]","chan":"stderr","logger":"task"}
{"timestamp":"2025-06-01T00:55:48.211221Z","level":"error","event":"\tcommons-collections#commons-collections;3.2.2 from central in [default]","chan":"stderr","logger":"task"}
{"timestamp":"2025-06-01T00:55:48.211287Z","level":"error","event":"\tcommons-io#commons-io;2.8.0 from central in [default]","chan":"stderr","logger":"task"}
{"timestamp":"2025-06-01T00:55:48.211349Z","level":"error","event":"\tcommons-logging#commons-logging;1.1.3 from central in [default]","chan":"stderr","logger":"task"}
{"timestamp":"2025-06-01T00:55:48.211406Z","level":"error","event":"\tcommons-net#commons-net;3.6 from central in [default]","chan":"stderr","logger":"task"}
{"timestamp":"2025-06-01T00:55:48.211461Z","level":"error","event":"\tdnsjava#dnsjava;2.1.7 from central in [default]","chan":"stderr","logger":"task"}
{"timestamp":"2025-06-01T00:55:48.211522Z","level":"error","event":"\tjakarta.activation#jakarta.activation-api;1.2.1 from central in [default]","chan":"stderr","logger":"task"}
{"timestamp":"2025-06-01T00:55:48.211600Z","level":"error","event":"\tjavax.servlet#javax.servlet-api;3.1.0 from central in [default]","chan":"stderr","logger":"task"}
{"timestamp":"2025-06-01T00:55:48.211678Z","level":"error","event":"\tjavax.servlet.jsp#jsp-api;2.1 from central in [default]","chan":"stderr","logger":"task"}
{"timestamp":"2025-06-01T00:55:48.211760Z","level":"error","event":"\tjavax.ws.rs#jsr311-api;1.1.1 from central in [default]","chan":"stderr","logger":"task"}
{"timestamp":"2025-06-01T00:55:48.211815Z","level":"error","event":"\tjavax.xml.bind#jaxb-api;2.2.11 from central in [default]","chan":"stderr","logger":"task"}
{"timestamp":"2025-06-01T00:55:48.211870Z","level":"error","event":"\tnet.minidev#accessors-smart;2.4.7 from central in [default]","chan":"stderr","logger":"task"}
{"timestamp":"2025-06-01T00:55:48.211927Z","level":"error","event":"\tnet.minidev#json-smart;2.4.7 from central in [default]","chan":"stderr","logger":"task"}
{"timestamp":"2025-06-01T00:55:48.211983Z","level":"error","event":"\torg.apache.avro#avro;1.7.7 from central in [default]","chan":"stderr","logger":"task"}
{"timestamp":"2025-06-01T00:55:48.212043Z","level":"error","event":"\torg.apache.commons#commons-compress;1.21 from central in [default]","chan":"stderr","logger":"task"}
{"timestamp":"2025-06-01T00:55:48.212105Z","level":"error","event":"\torg.apache.commons#commons-configuration2;2.1.1 from central in [default]","chan":"stderr","logger":"task"}
{"timestamp":"2025-06-01T00:55:48.212158Z","level":"error","event":"\torg.apache.commons#commons-lang3;3.12.0 from central in [default]","chan":"stderr","logger":"task"}
{"timestamp":"2025-06-01T00:55:48.212208Z","level":"error","event":"\torg.apache.commons#commons-math3;3.1.1 from central in [default]","chan":"stderr","logger":"task"}
{"timestamp":"2025-06-01T00:55:48.212261Z","level":"error","event":"\torg.apache.commons#commons-text;1.4 from central in [default]","chan":"stderr","logger":"task"}
{"timestamp":"2025-06-01T00:55:48.212313Z","level":"error","event":"\torg.apache.curator#curator-client;4.2.0 from central in [default]","chan":"stderr","logger":"task"}
{"timestamp":"2025-06-01T00:55:48.212366Z","level":"error","event":"\torg.apache.curator#curator-framework;4.2.0 from central in [default]","chan":"stderr","logger":"task"}
{"timestamp":"2025-06-01T00:55:48.212419Z","level":"error","event":"\torg.apache.curator#curator-recipes;4.2.0 from central in [default]","chan":"stderr","logger":"task"}
{"timestamp":"2025-06-01T00:55:48.212470Z","level":"error","event":"\torg.apache.hadoop#hadoop-annotations;3.3.4 from central in [default]","chan":"stderr","logger":"task"}
{"timestamp":"2025-06-01T00:55:48.212519Z","level":"error","event":"\torg.apache.hadoop#hadoop-auth;3.3.4 from central in [default]","chan":"stderr","logger":"task"}
{"timestamp":"2025-06-01T00:55:48.212568Z","level":"error","event":"\torg.apache.hadoop#hadoop-aws;3.3.4 from central in [default]","chan":"stderr","logger":"task"}
{"timestamp":"2025-06-01T00:55:48.212623Z","level":"error","event":"\torg.apache.hadoop#hadoop-common;3.3.4 from central in [default]","chan":"stderr","logger":"task"}
{"timestamp":"2025-06-01T00:55:48.212678Z","level":"error","event":"\torg.apache.hadoop.thirdparty#hadoop-shaded-guava;1.1.1 from central in [default]","chan":"stderr","logger":"task"}
{"timestamp":"2025-06-01T00:55:48.212754Z","level":"error","event":"\torg.apache.hadoop.thirdparty#hadoop-shaded-protobuf_3_7;1.1.1 from central in [default]","chan":"stderr","logger":"task"}
{"timestamp":"2025-06-01T00:55:48.212815Z","level":"error","event":"\torg.apache.httpcomponents#httpclient;4.5.13 from central in [default]","chan":"stderr","logger":"task"}
{"timestamp":"2025-06-01T00:55:48.212869Z","level":"error","event":"\torg.apache.httpcomponents#httpcore;4.4.13 from central in [default]","chan":"stderr","logger":"task"}
{"timestamp":"2025-06-01T00:55:48.212920Z","level":"error","event":"\torg.apache.iceberg#iceberg-spark-runtime-3.5_2.12;1.4.3 from central in [default]","chan":"stderr","logger":"task"}
{"timestamp":"2025-06-01T00:55:48.213014Z","level":"error","event":"\torg.apache.kerby#kerb-admin;1.0.1 from central in [default]","chan":"stderr","logger":"task"}
{"timestamp":"2025-06-01T00:55:48.213075Z","level":"error","event":"\torg.apache.kerby#kerb-client;1.0.1 from central in [default]","chan":"stderr","logger":"task"}
{"timestamp":"2025-06-01T00:55:48.213133Z","level":"error","event":"\torg.apache.kerby#kerb-common;1.0.1 from central in [default]","chan":"stderr","logger":"task"}
{"timestamp":"2025-06-01T00:55:48.213192Z","level":"error","event":"\torg.apache.kerby#kerb-core;1.0.1 from central in [default]","chan":"stderr","logger":"task"}
{"timestamp":"2025-06-01T00:55:48.213247Z","level":"error","event":"\torg.apache.kerby#kerb-crypto;1.0.1 from central in [default]","chan":"stderr","logger":"task"}
{"timestamp":"2025-06-01T00:55:48.213314Z","level":"error","event":"\torg.apache.kerby#kerb-identity;1.0.1 from central in [default]","chan":"stderr","logger":"task"}
{"timestamp":"2025-06-01T00:55:48.213369Z","level":"error","event":"\torg.apache.kerby#kerb-server;1.0.1 from central in [default]","chan":"stderr","logger":"task"}
{"timestamp":"2025-06-01T00:55:48.213422Z","level":"error","event":"\torg.apache.kerby#kerb-simplekdc;1.0.1 from central in [default]","chan":"stderr","logger":"task"}
{"timestamp":"2025-06-01T00:55:48.213481Z","level":"error","event":"\torg.apache.kerby#kerb-util;1.0.1 from central in [default]","chan":"stderr","logger":"task"}
{"timestamp":"2025-06-01T00:55:48.213534Z","level":"error","event":"\torg.apache.kerby#kerby-asn1;1.0.1 from central in [default]","chan":"stderr","logger":"task"}
{"timestamp":"2025-06-01T00:55:48.213588Z","level":"error","event":"\torg.apache.kerby#kerby-config;1.0.1 from central in [default]","chan":"stderr","logger":"task"}
{"timestamp":"2025-06-01T00:55:48.213638Z","level":"error","event":"\torg.apache.kerby#kerby-pkix;1.0.1 from central in [default]","chan":"stderr","logger":"task"}
{"timestamp":"2025-06-01T00:55:48.213685Z","level":"error","event":"\torg.apache.kerby#kerby-util;1.0.1 from central in [default]","chan":"stderr","logger":"task"}
{"timestamp":"2025-06-01T00:55:48.213762Z","level":"error","event":"\torg.apache.kerby#kerby-xdr;1.0.1 from central in [default]","chan":"stderr","logger":"task"}
{"timestamp":"2025-06-01T00:55:48.213815Z","level":"error","event":"\torg.apache.kerby#token-provider;1.0.1 from central in [default]","chan":"stderr","logger":"task"}
{"timestamp":"2025-06-01T00:55:48.213864Z","level":"error","event":"\torg.apache.yetus#audience-annotations;0.5.0 from central in [default]","chan":"stderr","logger":"task"}
{"timestamp":"2025-06-01T00:55:48.214031Z","level":"error","event":"\torg.apache.zookeeper#zookeeper;3.5.6 from central in [default]","chan":"stderr","logger":"task"}
{"timestamp":"2025-06-01T00:55:48.214107Z","level":"error","event":"\torg.apache.zookeeper#zookeeper-jute;3.5.6 from central in [default]","chan":"stderr","logger":"task"}
{"timestamp":"2025-06-01T00:55:48.214164Z","level":"error","event":"\torg.checkerframework#checker-qual;2.5.2 from central in [default]","chan":"stderr","logger":"task"}
{"timestamp":"2025-06-01T00:55:48.214222Z","level":"error","event":"\torg.codehaus.jackson#jackson-core-asl;1.9.13 from central in [default]","chan":"stderr","logger":"task"}
{"timestamp":"2025-06-01T00:55:48.214281Z","level":"error","event":"\torg.codehaus.jackson#jackson-jaxrs;1.9.13 from central in [default]","chan":"stderr","logger":"task"}
{"timestamp":"2025-06-01T00:55:48.214334Z","level":"error","event":"\torg.codehaus.jackson#jackson-mapper-asl;1.9.13 from central in [default]","chan":"stderr","logger":"task"}
{"timestamp":"2025-06-01T00:55:48.214386Z","level":"error","event":"\torg.codehaus.jackson#jackson-xc;1.9.13 from central in [default]","chan":"stderr","logger":"task"}
{"timestamp":"2025-06-01T00:55:48.214435Z","level":"error","event":"\torg.codehaus.jettison#jettison;1.1 from central in [default]","chan":"stderr","logger":"task"}
{"timestamp":"2025-06-01T00:55:48.214483Z","level":"error","event":"\torg.codehaus.mojo#animal-sniffer-annotations;1.17 from central in [default]","chan":"stderr","logger":"task"}
{"timestamp":"2025-06-01T00:55:48.214544Z","level":"error","event":"\torg.codehaus.woodstox#stax2-api;4.2.1 from central in [default]","chan":"stderr","logger":"task"}
{"timestamp":"2025-06-01T00:55:48.214593Z","level":"error","event":"\torg.eclipse.jetty#jetty-http;9.4.43.v20210629 from central in [default]","chan":"stderr","logger":"task"}
{"timestamp":"2025-06-01T00:55:48.214641Z","level":"error","event":"\torg.eclipse.jetty#jetty-io;9.4.43.v20210629 from central in [default]","chan":"stderr","logger":"task"}
{"timestamp":"2025-06-01T00:55:48.214689Z","level":"error","event":"\torg.eclipse.jetty#jetty-security;9.4.43.v20210629 from central in [default]","chan":"stderr","logger":"task"}
{"timestamp":"2025-06-01T00:55:48.214762Z","level":"error","event":"\torg.eclipse.jetty#jetty-server;9.4.43.v20210629 from central in [default]","chan":"stderr","logger":"task"}
{"timestamp":"2025-06-01T00:55:48.214811Z","level":"error","event":"\torg.eclipse.jetty#jetty-servlet;9.4.43.v20210629 from central in [default]","chan":"stderr","logger":"task"}
{"timestamp":"2025-06-01T00:55:48.214858Z","level":"error","event":"\torg.eclipse.jetty#jetty-util;9.4.43.v20210629 from central in [default]","chan":"stderr","logger":"task"}
{"timestamp":"2025-06-01T00:55:48.214905Z","level":"error","event":"\torg.eclipse.jetty#jetty-util-ajax;9.4.43.v20210629 from central in [default]","chan":"stderr","logger":"task"}
{"timestamp":"2025-06-01T00:55:48.214953Z","level":"error","event":"\torg.eclipse.jetty#jetty-webapp;9.4.43.v20210629 from central in [default]","chan":"stderr","logger":"task"}
{"timestamp":"2025-06-01T00:55:48.215007Z","level":"error","event":"\torg.eclipse.jetty#jetty-xml;9.4.43.v20210629 from central in [default]","chan":"stderr","logger":"task"}
{"timestamp":"2025-06-01T00:55:48.215058Z","level":"error","event":"\torg.ow2.asm#asm;5.0.4 from central in [default]","chan":"stderr","logger":"task"}
{"timestamp":"2025-06-01T00:55:48.215108Z","level":"error","event":"\torg.slf4j#slf4j-api;1.7.36 from central in [default]","chan":"stderr","logger":"task"}
{"timestamp":"2025-06-01T00:55:48.215157Z","level":"error","event":"\torg.slf4j#slf4j-reload4j;1.7.36 from central in [default]","chan":"stderr","logger":"task"}
{"timestamp":"2025-06-01T00:55:48.215206Z","level":"error","event":"\torg.wildfly.openssl#wildfly-openssl;1.0.7.Final from central in [default]","chan":"stderr","logger":"task"}
{"timestamp":"2025-06-01T00:55:48.215255Z","level":"error","event":"\torg.xerial.snappy#snappy-java;1.1.8.2 from central in [default]","chan":"stderr","logger":"task"}
{"timestamp":"2025-06-01T00:55:48.215302Z","level":"error","event":"\t:: evicted modules:","chan":"stderr","logger":"task"}
{"timestamp":"2025-06-01T00:55:48.215351Z","level":"error","event":"\tcom.amazonaws#aws-java-sdk-bundle;1.12.262 by [com.amazonaws#aws-java-sdk-bundle;1.12.367] in [default]","chan":"stderr","logger":"task"}
{"timestamp":"2025-06-01T00:55:48.215411Z","level":"error","event":"\t---------------------------------------------------------------------","chan":"stderr","logger":"task"}
{"timestamp":"2025-06-01T00:55:48.215460Z","level":"error","event":"\t|                  |            modules            ||   artifacts   |","chan":"stderr","logger":"task"}
{"timestamp":"2025-06-01T00:55:48.215507Z","level":"error","event":"\t|       conf       | number| search|dwnlded|evicted|| number|dwnlded|","chan":"stderr","logger":"task"}
{"timestamp":"2025-06-01T00:55:48.215553Z","level":"error","event":"\t---------------------------------------------------------------------","chan":"stderr","logger":"task"}
{"timestamp":"2025-06-01T00:55:48.215599Z","level":"error","event":"\t|      default     |   97  |   0   |   0   |   1   ||   96  |   0   |","chan":"stderr","logger":"task"}
{"timestamp":"2025-06-01T00:55:48.215645Z","level":"error","event":"\t---------------------------------------------------------------------","chan":"stderr","logger":"task"}
{"timestamp":"2025-06-01T00:55:48.221857Z","level":"error","event":":: retrieving :: org.apache.spark#spark-submit-parent-5ab87cb4-4b55-48c4-9e10-8d800accade7","chan":"stderr","logger":"task"}
{"timestamp":"2025-06-01T00:55:48.222133Z","level":"error","event":"\tconfs: [default]","chan":"stderr","logger":"task"}
{"timestamp":"2025-06-01T00:55:48.245081Z","level":"error","event":"\t0 artifacts copied, 96 already retrieved (0kB/23ms)","chan":"stderr","logger":"task"}
{"timestamp":"2025-06-01T00:55:48.482526Z","level":"error","event":"25/05/31 19:55:48 WARN NativeCodeLoader: Unable to load native-hadoop library for your platform... using builtin-java classes where applicable","chan":"stderr","logger":"task"}
{"timestamp":"2025-06-01T00:55:48.719894Z","level":"error","event":"Setting default log level to \"WARN\".","chan":"stderr","logger":"task"}
{"timestamp":"2025-06-01T00:55:48.720068Z","level":"error","event":"To adjust logging level use sc.setLogLevel(newLevel). For SparkR, use setLogLevel(newLevel).","chan":"stderr","logger":"task"}
{"timestamp":"2025-06-01T00:55:54.457690Z","level":"error","event":"25/05/31 19:55:54 WARN MetricsConfig: Cannot locate configuration: tried hadoop-metrics2-s3a-file-system.properties,hadoop-metrics2.properties","chan":"stderr","logger":"task"}
{"timestamp":"2025-06-01T00:55:58.598775Z","level":"error","event":"\r[Stage 5:>                                                          (0 + 2) / 2]\r\r[Stage 6:===========>                                            (41 + 9) / 200]\r\r[Stage 6:============================>                         (104 + 11) / 200]\r\r[Stage 6:==========================================>            (156 + 8) / 200]\r\r                                                                                \r25/05/31 19:55:58 WARN HadoopTableOperations: Error reading version hint file s3a://neo/neo_db/gold_asteroids/metadata/version-hint.text","chan":"stderr","logger":"task"}
{"timestamp":"2025-06-01T00:55:58.598984Z","level":"error","event":"java.io.FileNotFoundException: No such file or directory: s3a://neo/neo_db/gold_asteroids/metadata/version-hint.text","chan":"stderr","logger":"task"}
{"timestamp":"2025-06-01T00:55:58.599067Z","level":"error","event":"\tat org.apache.hadoop.fs.s3a.S3AFileSystem.s3GetFileStatus(S3AFileSystem.java:3866)","chan":"stderr","logger":"task"}
{"timestamp":"2025-06-01T00:55:58.599144Z","level":"error","event":"\tat org.apache.hadoop.fs.s3a.S3AFileSystem.innerGetFileStatus(S3AFileSystem.java:3688)","chan":"stderr","logger":"task"}
{"timestamp":"2025-06-01T00:55:58.599205Z","level":"error","event":"\tat org.apache.hadoop.fs.s3a.S3AFileSystem.extractOrFetchSimpleFileStatus(S3AFileSystem.java:5401)","chan":"stderr","logger":"task"}
{"timestamp":"2025-06-01T00:55:58.599262Z","level":"error","event":"\tat org.apache.hadoop.fs.s3a.S3AFileSystem.open(S3AFileSystem.java:1465)","chan":"stderr","logger":"task"}
{"timestamp":"2025-06-01T00:55:58.599327Z","level":"error","event":"\tat org.apache.hadoop.fs.s3a.S3AFileSystem.open(S3AFileSystem.java:1441)","chan":"stderr","logger":"task"}
{"timestamp":"2025-06-01T00:55:58.599383Z","level":"error","event":"\tat org.apache.hadoop.fs.FileSystem.open(FileSystem.java:976)","chan":"stderr","logger":"task"}
{"timestamp":"2025-06-01T00:55:58.599443Z","level":"error","event":"\tat org.apache.iceberg.hadoop.HadoopTableOperations.findVersion(HadoopTableOperations.java:318)","chan":"stderr","logger":"task"}
{"timestamp":"2025-06-01T00:55:58.599495Z","level":"error","event":"\tat org.apache.iceberg.hadoop.HadoopTableOperations.refresh(HadoopTableOperations.java:104)","chan":"stderr","logger":"task"}
{"timestamp":"2025-06-01T00:55:58.599614Z","level":"error","event":"\tat org.apache.iceberg.BaseTransaction.lambda$commitReplaceTransaction$1(BaseTransaction.java:358)","chan":"stderr","logger":"task"}
{"timestamp":"2025-06-01T00:55:58.599675Z","level":"error","event":"\tat org.apache.iceberg.util.Tasks$Builder.runTaskWithRetry(Tasks.java:413)","chan":"stderr","logger":"task"}
{"timestamp":"2025-06-01T00:55:58.599738Z","level":"error","event":"\tat org.apache.iceberg.util.Tasks$Builder.runSingleThreaded(Tasks.java:219)","chan":"stderr","logger":"task"}
{"timestamp":"2025-06-01T00:55:58.599803Z","level":"error","event":"\tat org.apache.iceberg.util.Tasks$Builder.run(Tasks.java:203)","chan":"stderr","logger":"task"}
{"timestamp":"2025-06-01T00:55:58.599854Z","level":"error","event":"\tat org.apache.iceberg.util.Tasks$Builder.run(Tasks.java:196)","chan":"stderr","logger":"task"}
{"timestamp":"2025-06-01T00:55:58.599900Z","level":"error","event":"\tat org.apache.iceberg.BaseTransaction.commitReplaceTransaction(BaseTransaction.java:355)","chan":"stderr","logger":"task"}
{"timestamp":"2025-06-01T00:55:58.599949Z","level":"error","event":"\tat org.apache.iceberg.BaseTransaction.commitTransaction(BaseTransaction.java:304)","chan":"stderr","logger":"task"}
{"timestamp":"2025-06-01T00:55:58.599999Z","level":"error","event":"\tat org.apache.iceberg.CommitCallbackTransaction.commitTransaction(CommitCallbackTransaction.java:121)","chan":"stderr","logger":"task"}
{"timestamp":"2025-06-01T00:55:58.600044Z","level":"error","event":"\tat org.apache.iceberg.spark.source.StagedSparkTable.commitStagedChanges(StagedSparkTable.java:34)","chan":"stderr","logger":"task"}
{"timestamp":"2025-06-01T00:55:58.600091Z","level":"error","event":"\tat org.apache.spark.sql.execution.datasources.v2.V2CreateTableAsSelectBaseExec.$anonfun$writeToTable$1(WriteToDataSourceV2Exec.scala:580)","chan":"stderr","logger":"task"}
{"timestamp":"2025-06-01T00:55:58.600136Z","level":"error","event":"\tat org.apache.spark.util.Utils$.tryWithSafeFinallyAndFailureCallbacks(Utils.scala:1397)","chan":"stderr","logger":"task"}
{"timestamp":"2025-06-01T00:55:58.600183Z","level":"error","event":"\tat org.apache.spark.sql.execution.datasources.v2.V2CreateTableAsSelectBaseExec.writeToTable(WriteToDataSourceV2Exec.scala:573)","chan":"stderr","logger":"task"}
{"timestamp":"2025-06-01T00:55:58.600229Z","level":"error","event":"\tat org.apache.spark.sql.execution.datasources.v2.V2CreateTableAsSelectBaseExec.writeToTable$(WriteToDataSourceV2Exec.scala:567)","chan":"stderr","logger":"task"}
{"timestamp":"2025-06-01T00:55:58.600275Z","level":"error","event":"\tat org.apache.spark.sql.execution.datasources.v2.AtomicReplaceTableAsSelectExec.writeToTable(WriteToDataSourceV2Exec.scala:183)","chan":"stderr","logger":"task"}
{"timestamp":"2025-06-01T00:55:58.600320Z","level":"error","event":"\tat org.apache.spark.sql.execution.datasources.v2.AtomicReplaceTableAsSelectExec.run(WriteToDataSourceV2Exec.scala:216)","chan":"stderr","logger":"task"}
{"timestamp":"2025-06-01T00:55:58.600365Z","level":"error","event":"\tat org.apache.spark.sql.execution.datasources.v2.V2CommandExec.result$lzycompute(V2CommandExec.scala:43)","chan":"stderr","logger":"task"}
{"timestamp":"2025-06-01T00:55:58.600410Z","level":"error","event":"\tat org.apache.spark.sql.execution.datasources.v2.V2CommandExec.result(V2CommandExec.scala:43)","chan":"stderr","logger":"task"}
{"timestamp":"2025-06-01T00:55:58.600455Z","level":"error","event":"\tat org.apache.spark.sql.execution.datasources.v2.V2CommandExec.executeCollect(V2CommandExec.scala:49)","chan":"stderr","logger":"task"}
{"timestamp":"2025-06-01T00:55:58.600501Z","level":"error","event":"\tat org.apache.spark.sql.execution.QueryExecution$$anonfun$eagerlyExecuteCommands$1.$anonfun$applyOrElse$1(QueryExecution.scala:107)","chan":"stderr","logger":"task"}
{"timestamp":"2025-06-01T00:55:58.600547Z","level":"error","event":"\tat org.apache.spark.sql.execution.SQLExecution$.$anonfun$withNewExecutionId$6(SQLExecution.scala:125)","chan":"stderr","logger":"task"}
{"timestamp":"2025-06-01T00:55:58.600592Z","level":"error","event":"\tat org.apache.spark.sql.execution.SQLExecution$.withSQLConfPropagated(SQLExecution.scala:201)","chan":"stderr","logger":"task"}
{"timestamp":"2025-06-01T00:55:58.600637Z","level":"error","event":"\tat org.apache.spark.sql.execution.SQLExecution$.$anonfun$withNewExecutionId$1(SQLExecution.scala:108)","chan":"stderr","logger":"task"}
{"timestamp":"2025-06-01T00:55:58.600682Z","level":"error","event":"\tat org.apache.spark.sql.SparkSession.withActive(SparkSession.scala:900)","chan":"stderr","logger":"task"}
{"timestamp":"2025-06-01T00:55:58.600745Z","level":"error","event":"\tat org.apache.spark.sql.execution.SQLExecution$.withNewExecutionId(SQLExecution.scala:66)","chan":"stderr","logger":"task"}
{"timestamp":"2025-06-01T00:55:58.600794Z","level":"error","event":"\tat org.apache.spark.sql.execution.QueryExecution$$anonfun$eagerlyExecuteCommands$1.applyOrElse(QueryExecution.scala:107)","chan":"stderr","logger":"task"}
{"timestamp":"2025-06-01T00:55:58.600840Z","level":"error","event":"\tat org.apache.spark.sql.execution.QueryExecution$$anonfun$eagerlyExecuteCommands$1.applyOrElse(QueryExecution.scala:98)","chan":"stderr","logger":"task"}
{"timestamp":"2025-06-01T00:55:58.600885Z","level":"error","event":"\tat org.apache.spark.sql.catalyst.trees.TreeNode.$anonfun$transformDownWithPruning$1(TreeNode.scala:461)","chan":"stderr","logger":"task"}
{"timestamp":"2025-06-01T00:55:58.600930Z","level":"error","event":"\tat org.apache.spark.sql.catalyst.trees.CurrentOrigin$.withOrigin(origin.scala:76)","chan":"stderr","logger":"task"}
{"timestamp":"2025-06-01T00:55:58.600976Z","level":"error","event":"\tat org.apache.spark.sql.catalyst.trees.TreeNode.transformDownWithPruning(TreeNode.scala:461)","chan":"stderr","logger":"task"}
{"timestamp":"2025-06-01T00:55:58.601020Z","level":"error","event":"\tat org.apache.spark.sql.catalyst.plans.logical.LogicalPlan.org$apache$spark$sql$catalyst$plans$logical$AnalysisHelper$$super$transformDownWithPruning(LogicalPlan.scala:32)","chan":"stderr","logger":"task"}
{"timestamp":"2025-06-01T00:55:58.601067Z","level":"error","event":"\tat org.apache.spark.sql.catalyst.plans.logical.AnalysisHelper.transformDownWithPruning(AnalysisHelper.scala:267)","chan":"stderr","logger":"task"}
{"timestamp":"2025-06-01T00:55:58.601117Z","level":"error","event":"\tat org.apache.spark.sql.catalyst.plans.logical.AnalysisHelper.transformDownWithPruning$(AnalysisHelper.scala:263)","chan":"stderr","logger":"task"}
{"timestamp":"2025-06-01T00:55:58.601163Z","level":"error","event":"\tat org.apache.spark.sql.catalyst.plans.logical.LogicalPlan.transformDownWithPruning(LogicalPlan.scala:32)","chan":"stderr","logger":"task"}
{"timestamp":"2025-06-01T00:55:58.601209Z","level":"error","event":"\tat org.apache.spark.sql.catalyst.plans.logical.LogicalPlan.transformDownWithPruning(LogicalPlan.scala:32)","chan":"stderr","logger":"task"}
{"timestamp":"2025-06-01T00:55:58.601254Z","level":"error","event":"\tat org.apache.spark.sql.catalyst.trees.TreeNode.transformDown(TreeNode.scala:437)","chan":"stderr","logger":"task"}
{"timestamp":"2025-06-01T00:55:58.601299Z","level":"error","event":"\tat org.apache.spark.sql.execution.QueryExecution.eagerlyExecuteCommands(QueryExecution.scala:98)","chan":"stderr","logger":"task"}
{"timestamp":"2025-06-01T00:55:58.601343Z","level":"error","event":"\tat org.apache.spark.sql.execution.QueryExecution.commandExecuted$lzycompute(QueryExecution.scala:85)","chan":"stderr","logger":"task"}
{"timestamp":"2025-06-01T00:55:58.601388Z","level":"error","event":"\tat org.apache.spark.sql.execution.QueryExecution.commandExecuted(QueryExecution.scala:83)","chan":"stderr","logger":"task"}
{"timestamp":"2025-06-01T00:55:58.601434Z","level":"error","event":"\tat org.apache.spark.sql.execution.QueryExecution.assertCommandExecuted(QueryExecution.scala:142)","chan":"stderr","logger":"task"}
{"timestamp":"2025-06-01T00:55:58.601476Z","level":"error","event":"\tat org.apache.spark.sql.DataFrameWriterV2.runCommand(DataFrameWriterV2.scala:196)","chan":"stderr","logger":"task"}
{"timestamp":"2025-06-01T00:55:58.601519Z","level":"error","event":"\tat org.apache.spark.sql.DataFrameWriterV2.internalReplace(DataFrameWriterV2.scala:208)","chan":"stderr","logger":"task"}
{"timestamp":"2025-06-01T00:55:58.601614Z","level":"error","event":"\tat org.apache.spark.sql.DataFrameWriterV2.createOrReplace(DataFrameWriterV2.scala:134)","chan":"stderr","logger":"task"}
{"timestamp":"2025-06-01T00:55:58.601666Z","level":"error","event":"\tat java.base/jdk.internal.reflect.NativeMethodAccessorImpl.invoke0(Native Method)","chan":"stderr","logger":"task"}
{"timestamp":"2025-06-01T00:55:58.601739Z","level":"error","event":"\tat java.base/jdk.internal.reflect.NativeMethodAccessorImpl.invoke(NativeMethodAccessorImpl.java:77)","chan":"stderr","logger":"task"}
{"timestamp":"2025-06-01T00:55:58.601794Z","level":"error","event":"\tat java.base/jdk.internal.reflect.DelegatingMethodAccessorImpl.invoke(DelegatingMethodAccessorImpl.java:43)","chan":"stderr","logger":"task"}
{"timestamp":"2025-06-01T00:55:58.601839Z","level":"error","event":"\tat java.base/java.lang.reflect.Method.invoke(Method.java:569)","chan":"stderr","logger":"task"}
{"timestamp":"2025-06-01T00:55:58.601887Z","level":"error","event":"\tat py4j.reflection.MethodInvoker.invoke(MethodInvoker.java:244)","chan":"stderr","logger":"task"}
{"timestamp":"2025-06-01T00:55:58.601931Z","level":"error","event":"\tat py4j.reflection.ReflectionEngine.invoke(ReflectionEngine.java:374)","chan":"stderr","logger":"task"}
{"timestamp":"2025-06-01T00:55:58.601975Z","level":"error","event":"\tat py4j.Gateway.invoke(Gateway.java:282)","chan":"stderr","logger":"task"}
{"timestamp":"2025-06-01T00:55:58.602018Z","level":"error","event":"\tat py4j.commands.AbstractCommand.invokeMethod(AbstractCommand.java:132)","chan":"stderr","logger":"task"}
{"timestamp":"2025-06-01T00:55:58.602061Z","level":"error","event":"\tat py4j.commands.CallCommand.execute(CallCommand.java:79)","chan":"stderr","logger":"task"}
{"timestamp":"2025-06-01T00:55:58.602104Z","level":"error","event":"\tat py4j.ClientServerConnection.waitForCommands(ClientServerConnection.java:182)","chan":"stderr","logger":"task"}
{"timestamp":"2025-06-01T00:55:58.602147Z","level":"error","event":"\tat py4j.ClientServerConnection.run(ClientServerConnection.java:106)","chan":"stderr","logger":"task"}
{"timestamp":"2025-06-01T00:55:58.602190Z","level":"error","event":"\tat java.base/java.lang.Thread.run(Thread.java:840)","chan":"stderr","logger":"task"}
{"timestamp":"2025-06-01T00:55:58.629504Z","level":"error","event":"25/05/31 19:55:58 WARN HadoopTableOperations: Error reading version hint file s3a://neo/neo_db/gold_asteroids/metadata/version-hint.text","chan":"stderr","logger":"task"}
{"timestamp":"2025-06-01T00:55:58.629663Z","level":"error","event":"java.io.FileNotFoundException: No such file or directory: s3a://neo/neo_db/gold_asteroids/metadata/version-hint.text","chan":"stderr","logger":"task"}
{"timestamp":"2025-06-01T00:55:58.629694Z","level":"error","event":"\tat org.apache.hadoop.fs.s3a.S3AFileSystem.s3GetFileStatus(S3AFileSystem.java:3866)","chan":"stderr","logger":"task"}
{"timestamp":"2025-06-01T00:55:58.629725Z","level":"error","event":"\tat org.apache.hadoop.fs.s3a.S3AFileSystem.innerGetFileStatus(S3AFileSystem.java:3688)","chan":"stderr","logger":"task"}
{"timestamp":"2025-06-01T00:55:58.629754Z","level":"error","event":"\tat org.apache.hadoop.fs.s3a.S3AFileSystem.extractOrFetchSimpleFileStatus(S3AFileSystem.java:5401)","chan":"stderr","logger":"task"}
{"timestamp":"2025-06-01T00:55:58.629776Z","level":"error","event":"\tat org.apache.hadoop.fs.s3a.S3AFileSystem.open(S3AFileSystem.java:1465)","chan":"stderr","logger":"task"}
{"timestamp":"2025-06-01T00:55:58.629803Z","level":"error","event":"\tat org.apache.hadoop.fs.s3a.S3AFileSystem.open(S3AFileSystem.java:1441)","chan":"stderr","logger":"task"}
{"timestamp":"2025-06-01T00:55:58.629824Z","level":"error","event":"\tat org.apache.hadoop.fs.FileSystem.open(FileSystem.java:976)","chan":"stderr","logger":"task"}
{"timestamp":"2025-06-01T00:55:58.629845Z","level":"error","event":"\tat org.apache.iceberg.hadoop.HadoopTableOperations.findVersion(HadoopTableOperations.java:318)","chan":"stderr","logger":"task"}
{"timestamp":"2025-06-01T00:55:58.629872Z","level":"error","event":"\tat org.apache.iceberg.hadoop.HadoopTableOperations.refresh(HadoopTableOperations.java:104)","chan":"stderr","logger":"task"}
{"timestamp":"2025-06-01T00:55:58.629903Z","level":"error","event":"\tat org.apache.iceberg.hadoop.HadoopTableOperations.current(HadoopTableOperations.java:84)","chan":"stderr","logger":"task"}
{"timestamp":"2025-06-01T00:55:58.629948Z","level":"error","event":"\tat org.apache.iceberg.BaseTransaction.lambda$commitReplaceTransaction$1(BaseTransaction.java:367)","chan":"stderr","logger":"task"}
{"timestamp":"2025-06-01T00:55:58.629980Z","level":"error","event":"\tat org.apache.iceberg.util.Tasks$Builder.runTaskWithRetry(Tasks.java:413)","chan":"stderr","logger":"task"}
{"timestamp":"2025-06-01T00:55:58.630011Z","level":"error","event":"\tat org.apache.iceberg.util.Tasks$Builder.runSingleThreaded(Tasks.java:219)","chan":"stderr","logger":"task"}
{"timestamp":"2025-06-01T00:55:58.630042Z","level":"error","event":"\tat org.apache.iceberg.util.Tasks$Builder.run(Tasks.java:203)","chan":"stderr","logger":"task"}
{"timestamp":"2025-06-01T00:55:58.630074Z","level":"error","event":"\tat org.apache.iceberg.util.Tasks$Builder.run(Tasks.java:196)","chan":"stderr","logger":"task"}
{"timestamp":"2025-06-01T00:55:58.630104Z","level":"error","event":"\tat org.apache.iceberg.BaseTransaction.commitReplaceTransaction(BaseTransaction.java:355)","chan":"stderr","logger":"task"}
{"timestamp":"2025-06-01T00:55:58.630135Z","level":"error","event":"\tat org.apache.iceberg.BaseTransaction.commitTransaction(BaseTransaction.java:304)","chan":"stderr","logger":"task"}
{"timestamp":"2025-06-01T00:55:58.630163Z","level":"error","event":"\tat org.apache.iceberg.CommitCallbackTransaction.commitTransaction(CommitCallbackTransaction.java:121)","chan":"stderr","logger":"task"}
{"timestamp":"2025-06-01T00:55:58.630191Z","level":"error","event":"\tat org.apache.iceberg.spark.source.StagedSparkTable.commitStagedChanges(StagedSparkTable.java:34)","chan":"stderr","logger":"task"}
{"timestamp":"2025-06-01T00:55:58.630226Z","level":"error","event":"\tat org.apache.spark.sql.execution.datasources.v2.V2CreateTableAsSelectBaseExec.$anonfun$writeToTable$1(WriteToDataSourceV2Exec.scala:580)","chan":"stderr","logger":"task"}
{"timestamp":"2025-06-01T00:55:58.630258Z","level":"error","event":"\tat org.apache.spark.util.Utils$.tryWithSafeFinallyAndFailureCallbacks(Utils.scala:1397)","chan":"stderr","logger":"task"}
{"timestamp":"2025-06-01T00:55:58.630290Z","level":"error","event":"\tat org.apache.spark.sql.execution.datasources.v2.V2CreateTableAsSelectBaseExec.writeToTable(WriteToDataSourceV2Exec.scala:573)","chan":"stderr","logger":"task"}
{"timestamp":"2025-06-01T00:55:58.630323Z","level":"error","event":"\tat org.apache.spark.sql.execution.datasources.v2.V2CreateTableAsSelectBaseExec.writeToTable$(WriteToDataSourceV2Exec.scala:567)","chan":"stderr","logger":"task"}
{"timestamp":"2025-06-01T00:55:58.630353Z","level":"error","event":"\tat org.apache.spark.sql.execution.datasources.v2.AtomicReplaceTableAsSelectExec.writeToTable(WriteToDataSourceV2Exec.scala:183)","chan":"stderr","logger":"task"}
{"timestamp":"2025-06-01T00:55:58.630386Z","level":"error","event":"\tat org.apache.spark.sql.execution.datasources.v2.AtomicReplaceTableAsSelectExec.run(WriteToDataSourceV2Exec.scala:216)","chan":"stderr","logger":"task"}
{"timestamp":"2025-06-01T00:55:58.630415Z","level":"error","event":"\tat org.apache.spark.sql.execution.datasources.v2.V2CommandExec.result$lzycompute(V2CommandExec.scala:43)","chan":"stderr","logger":"task"}
{"timestamp":"2025-06-01T00:55:58.630446Z","level":"error","event":"\tat org.apache.spark.sql.execution.datasources.v2.V2CommandExec.result(V2CommandExec.scala:43)","chan":"stderr","logger":"task"}
{"timestamp":"2025-06-01T00:55:58.630479Z","level":"error","event":"\tat org.apache.spark.sql.execution.datasources.v2.V2CommandExec.executeCollect(V2CommandExec.scala:49)","chan":"stderr","logger":"task"}
{"timestamp":"2025-06-01T00:55:58.630509Z","level":"error","event":"\tat org.apache.spark.sql.execution.QueryExecution$$anonfun$eagerlyExecuteCommands$1.$anonfun$applyOrElse$1(QueryExecution.scala:107)","chan":"stderr","logger":"task"}
{"timestamp":"2025-06-01T00:55:58.630540Z","level":"error","event":"\tat org.apache.spark.sql.execution.SQLExecution$.$anonfun$withNewExecutionId$6(SQLExecution.scala:125)","chan":"stderr","logger":"task"}
{"timestamp":"2025-06-01T00:55:58.630586Z","level":"error","event":"\tat org.apache.spark.sql.execution.SQLExecution$.withSQLConfPropagated(SQLExecution.scala:201)","chan":"stderr","logger":"task"}
{"timestamp":"2025-06-01T00:55:58.630622Z","level":"error","event":"\tat org.apache.spark.sql.execution.SQLExecution$.$anonfun$withNewExecutionId$1(SQLExecution.scala:108)","chan":"stderr","logger":"task"}
{"timestamp":"2025-06-01T00:55:58.630655Z","level":"error","event":"\tat org.apache.spark.sql.SparkSession.withActive(SparkSession.scala:900)","chan":"stderr","logger":"task"}
{"timestamp":"2025-06-01T00:55:58.630691Z","level":"error","event":"\tat org.apache.spark.sql.execution.SQLExecution$.withNewExecutionId(SQLExecution.scala:66)","chan":"stderr","logger":"task"}
{"timestamp":"2025-06-01T00:55:58.630768Z","level":"error","event":"\tat org.apache.spark.sql.execution.QueryExecution$$anonfun$eagerlyExecuteCommands$1.applyOrElse(QueryExecution.scala:107)","chan":"stderr","logger":"task"}
{"timestamp":"2025-06-01T00:55:58.630806Z","level":"error","event":"\tat org.apache.spark.sql.execution.QueryExecution$$anonfun$eagerlyExecuteCommands$1.applyOrElse(QueryExecution.scala:98)","chan":"stderr","logger":"task"}
{"timestamp":"2025-06-01T00:55:58.630834Z","level":"error","event":"\tat org.apache.spark.sql.catalyst.trees.TreeNode.$anonfun$transformDownWithPruning$1(TreeNode.scala:461)","chan":"stderr","logger":"task"}
{"timestamp":"2025-06-01T00:55:58.630862Z","level":"error","event":"\tat org.apache.spark.sql.catalyst.trees.CurrentOrigin$.withOrigin(origin.scala:76)","chan":"stderr","logger":"task"}
{"timestamp":"2025-06-01T00:55:58.630893Z","level":"error","event":"\tat org.apache.spark.sql.catalyst.trees.TreeNode.transformDownWithPruning(TreeNode.scala:461)","chan":"stderr","logger":"task"}
{"timestamp":"2025-06-01T00:55:58.630922Z","level":"error","event":"\tat org.apache.spark.sql.catalyst.plans.logical.LogicalPlan.org$apache$spark$sql$catalyst$plans$logical$AnalysisHelper$$super$transformDownWithPruning(LogicalPlan.scala:32)","chan":"stderr","logger":"task"}
{"timestamp":"2025-06-01T00:55:58.631018Z","level":"error","event":"\tat org.apache.spark.sql.catalyst.plans.logical.AnalysisHelper.transformDownWithPruning(AnalysisHelper.scala:267)","chan":"stderr","logger":"task"}
{"timestamp":"2025-06-01T00:55:58.631077Z","level":"error","event":"\tat org.apache.spark.sql.catalyst.plans.logical.AnalysisHelper.transformDownWithPruning$(AnalysisHelper.scala:263)","chan":"stderr","logger":"task"}
{"timestamp":"2025-06-01T00:55:58.631113Z","level":"error","event":"\tat org.apache.spark.sql.catalyst.plans.logical.LogicalPlan.transformDownWithPruning(LogicalPlan.scala:32)","chan":"stderr","logger":"task"}
{"timestamp":"2025-06-01T00:55:58.631156Z","level":"error","event":"\tat org.apache.spark.sql.catalyst.plans.logical.LogicalPlan.transformDownWithPruning(LogicalPlan.scala:32)","chan":"stderr","logger":"task"}
{"timestamp":"2025-06-01T00:55:58.631185Z","level":"error","event":"\tat org.apache.spark.sql.catalyst.trees.TreeNode.transformDown(TreeNode.scala:437)","chan":"stderr","logger":"task"}
{"timestamp":"2025-06-01T00:55:58.631212Z","level":"error","event":"\tat org.apache.spark.sql.execution.QueryExecution.eagerlyExecuteCommands(QueryExecution.scala:98)","chan":"stderr","logger":"task"}
{"timestamp":"2025-06-01T00:55:58.631249Z","level":"error","event":"\tat org.apache.spark.sql.execution.QueryExecution.commandExecuted$lzycompute(QueryExecution.scala:85)","chan":"stderr","logger":"task"}
{"timestamp":"2025-06-01T00:55:58.631277Z","level":"error","event":"\tat org.apache.spark.sql.execution.QueryExecution.commandExecuted(QueryExecution.scala:83)","chan":"stderr","logger":"task"}
{"timestamp":"2025-06-01T00:55:58.631297Z","level":"error","event":"\tat org.apache.spark.sql.execution.QueryExecution.assertCommandExecuted(QueryExecution.scala:142)","chan":"stderr","logger":"task"}
{"timestamp":"2025-06-01T00:55:58.631315Z","level":"error","event":"\tat org.apache.spark.sql.DataFrameWriterV2.runCommand(DataFrameWriterV2.scala:196)","chan":"stderr","logger":"task"}
{"timestamp":"2025-06-01T00:55:58.631345Z","level":"error","event":"\tat org.apache.spark.sql.DataFrameWriterV2.internalReplace(DataFrameWriterV2.scala:208)","chan":"stderr","logger":"task"}
{"timestamp":"2025-06-01T00:55:58.631365Z","level":"error","event":"\tat org.apache.spark.sql.DataFrameWriterV2.createOrReplace(DataFrameWriterV2.scala:134)","chan":"stderr","logger":"task"}
{"timestamp":"2025-06-01T00:55:58.631383Z","level":"error","event":"\tat java.base/jdk.internal.reflect.NativeMethodAccessorImpl.invoke0(Native Method)","chan":"stderr","logger":"task"}
{"timestamp":"2025-06-01T00:55:58.631402Z","level":"error","event":"\tat java.base/jdk.internal.reflect.NativeMethodAccessorImpl.invoke(NativeMethodAccessorImpl.java:77)","chan":"stderr","logger":"task"}
{"timestamp":"2025-06-01T00:55:58.631425Z","level":"error","event":"\tat java.base/jdk.internal.reflect.DelegatingMethodAccessorImpl.invoke(DelegatingMethodAccessorImpl.java:43)","chan":"stderr","logger":"task"}
{"timestamp":"2025-06-01T00:55:58.631444Z","level":"error","event":"\tat java.base/java.lang.reflect.Method.invoke(Method.java:569)","chan":"stderr","logger":"task"}
{"timestamp":"2025-06-01T00:55:58.631464Z","level":"error","event":"\tat py4j.reflection.MethodInvoker.invoke(MethodInvoker.java:244)","chan":"stderr","logger":"task"}
{"timestamp":"2025-06-01T00:55:58.631483Z","level":"error","event":"\tat py4j.reflection.ReflectionEngine.invoke(ReflectionEngine.java:374)","chan":"stderr","logger":"task"}
{"timestamp":"2025-06-01T00:55:58.631506Z","level":"error","event":"\tat py4j.Gateway.invoke(Gateway.java:282)","chan":"stderr","logger":"task"}
{"timestamp":"2025-06-01T00:55:58.631525Z","level":"error","event":"\tat py4j.commands.AbstractCommand.invokeMethod(AbstractCommand.java:132)","chan":"stderr","logger":"task"}
{"timestamp":"2025-06-01T00:55:58.631543Z","level":"error","event":"\tat py4j.commands.CallCommand.execute(CallCommand.java:79)","chan":"stderr","logger":"task"}
{"timestamp":"2025-06-01T00:55:58.631562Z","level":"error","event":"\tat py4j.ClientServerConnection.waitForCommands(ClientServerConnection.java:182)","chan":"stderr","logger":"task"}
{"timestamp":"2025-06-01T00:55:58.631583Z","level":"error","event":"\tat py4j.ClientServerConnection.run(ClientServerConnection.java:106)","chan":"stderr","logger":"task"}
{"timestamp":"2025-06-01T00:55:58.631601Z","level":"error","event":"\tat java.base/java.lang.Thread.run(Thread.java:840)","chan":"stderr","logger":"task"}
{"timestamp":"2025-06-01T00:56:01.758625","level":"info","event":"Pushing xcom","ti":"RuntimeTaskInstance(id=UUID('019728fc-6024-7460-9b8a-1af16fc217a5'), task_id='Curate_analytical_dataset', dag_id='NeoAPIPipeline', run_id='manual__2025-06-01T00:55:17.779129+00:00', try_number=1, map_index=-1, hostname='newlife', context_carrier=None, task=<Task(PapermillOperator): Curate_analytical_dataset>, bundle_instance=LocalDagBundle(name=dags-folder), max_tries=0, start_date=datetime.datetime(2025, 6, 1, 0, 55, 43, 168886, tzinfo=TzInfo(UTC)), end_date=None, state=<TaskInstanceState.RUNNING: 'running'>, is_mapped=False, rendered_map_index=None)","logger":"task"}
