{"timestamp":"2025-06-01T01:55:08.584200","level":"info","event":"DAG bundles loaded: dags-folder","logger":"airflow.dag_processing.bundles.manager.DagBundlesManager"}
{"timestamp":"2025-06-01T01:55:08.585865","level":"info","event":"Filling up the DagBag from /home/fastnnefarious/Projects/PycharmProjects/nasa_neo_pipeline/airflow/dags/daily_nasa_neo_etl_pipeline.py","logger":"airflow.models.dagbag.DagBag"}
{"timestamp":"2025-06-01T01:55:09.758574","level":"info","event":"Creating MinIO client for endpoint: localhost:9000","logger":"src.minio_client"}
{"timestamp":"2025-06-01T01:55:09.759053","level":"info","event":"Validating MinIO connection...","logger":"src.minio_client"}
{"timestamp":"2025-06-01T01:55:09.763184","level":"info","event":"MinIO connection validated successfully","logger":"src.minio_client"}
{"timestamp":"2025-06-01T01:55:09.793728Z","level":"info","event":"[('2025-05-01', '2025-05-07'), ('2025-05-08', '2025-05-14'), ('2025-05-15', '2025-05-21'), ('2025-05-22', '2025-05-28'), ('2025-05-29', '2025-05-31')]","chan":"stdout","logger":"task"}
{"timestamp":"2025-06-01T01:55:09.795098Z","level":"info","event":"2025-05-29 2025-05-31","chan":"stdout","logger":"task"}
{"timestamp":"2025-06-01T01:55:09.795647Z","level":"info","event":"<Task(PapermillOperator): Ingest_NASA_NEO_API_data.date_range-2025-05-29_2025-05-31>","chan":"stdout","logger":"task"}
{"timestamp":"2025-06-01T01:55:09.795765Z","level":"info","event":"2025-05-22 2025-05-28","chan":"stdout","logger":"task"}
{"timestamp":"2025-06-01T01:55:09.795873Z","level":"info","event":"<Task(PapermillOperator): Ingest_NASA_NEO_API_data.date_range-2025-05-22_2025-05-28>","chan":"stdout","logger":"task"}
{"timestamp":"2025-06-01T01:55:09.795929Z","level":"info","event":"2025-05-15 2025-05-21","chan":"stdout","logger":"task"}
{"timestamp":"2025-06-01T01:55:09.796078Z","level":"info","event":"<Task(PapermillOperator): Ingest_NASA_NEO_API_data.date_range-2025-05-15_2025-05-21>","chan":"stdout","logger":"task"}
{"timestamp":"2025-06-01T01:55:09.796132Z","level":"info","event":"2025-05-08 2025-05-14","chan":"stdout","logger":"task"}
{"timestamp":"2025-06-01T01:55:09.796290Z","level":"info","event":"<Task(PapermillOperator): Ingest_NASA_NEO_API_data.date_range-2025-05-08_2025-05-14>","chan":"stdout","logger":"task"}
{"timestamp":"2025-06-01T01:55:09.796340Z","level":"info","event":"2025-05-01 2025-05-07","chan":"stdout","logger":"task"}
{"timestamp":"2025-06-01T01:55:09.796498Z","level":"info","event":"<Task(PapermillOperator): Ingest_NASA_NEO_API_data.date_range-2025-05-01_2025-05-07>","chan":"stdout","logger":"task"}
{"timestamp":"2025-06-01T01:55:09.806213","level":"info","event":"Input Notebook:  /home/fastnnefarious/Projects/PycharmProjects/nasa_neo_pipeline/notebooks/NeoApiClient.ipynb","logger":"papermill"}
{"timestamp":"2025-06-01T01:55:09.806387","level":"info","event":"Output Notebook: /home/fastnnefarious/Projects/PycharmProjects/nasa_neo_pipeline/notebooks/tmp/bronze/2025-05-31 20:55:09/2025-05-29_2025-05-31-OUT_NeoApiClient.ipynb","logger":"papermill"}
{"timestamp":"2025-06-01T01:55:10.941643","level":"info","event":"Executing notebook with kernel: nasa_spark_kernel","logger":"papermill"}
{"timestamp":"2025-06-01T01:55:12.688060","level":"info","event":"Pushing xcom","ti":"RuntimeTaskInstance(id=UUID('01972933-2689-78aa-ab38-ced4ea1aa0af'), task_id='Ingest_NASA_NEO_API_data.date_range-2025-05-29_2025-05-31', dag_id='NeoAPIPipeline', run_id='manual__2025-06-01T01:55:07.481969+00:00', try_number=1, map_index=-1, hostname='newlife', context_carrier=None, task=<Task(PapermillOperator): Ingest_NASA_NEO_API_data.date_range-2025-05-29_2025-05-31>, bundle_instance=LocalDagBundle(name=dags-folder), max_tries=0, start_date=datetime.datetime(2025, 6, 1, 1, 55, 8, 348500, tzinfo=TzInfo(UTC)), end_date=None, state=<TaskInstanceState.RUNNING: 'running'>, is_mapped=False, rendered_map_index=None)","logger":"task"}
