{"timestamp":"2025-06-01T15:30:32.211626","level":"info","event":"DAG bundles loaded: dags-folder","logger":"airflow.dag_processing.bundles.manager.DagBundlesManager"}
{"timestamp":"2025-06-01T15:30:32.212172","level":"info","event":"Filling up the DagBag from /home/fastnnefarious/Projects/PycharmProjects/nasa_neo_pipeline/airflow/dags/daily_nasa_neo_etl_pipeline2.py","logger":"airflow.models.dagbag.DagBag"}
{"timestamp":"2025-06-01T15:30:32.674688","level":"info","event":"Loaded 5 date ranges from pickle file","logger":"root"}
{"timestamp":"2025-06-01T15:30:32.679779","level":"info","event":"Processing bronze for date range 1/5: 2025-05-01 to 2025-05-07","logger":"root"}
{"timestamp":"2025-06-01T15:30:32.679932","level":"info","event":"Input Notebook:  /home/fastnnefarious/Projects/PycharmProjects/nasa_neo_pipeline/notebooks/NeoApiClient.ipynb","logger":"papermill"}
{"timestamp":"2025-06-01T15:30:32.680060","level":"info","event":"Output Notebook: /home/fastnnefarious/Projects/PycharmProjects/nasa_neo_pipeline/notebooks/tmp/bronze/2025-06-01T15:30:14.916000+00:00/2025-05-01_2025-05-07-NeoApiClient.ipynb","logger":"papermill"}
{"timestamp":"2025-06-01T15:30:33.874796","level":"info","event":"Executing notebook with kernel: nasa_spark_kernel","logger":"papermill"}
{"timestamp":"2025-06-01T15:30:35.276900Z","level":"error","event":"\rExecuting:   0%|          | 0/9 [00:00<?, ?cell/s]\rExecuting:  11%|█         | 1/9 [00:01<00:09,  1.13s/cell]\rExecuting:  33%|███▎      | 3/9 [00:01<00:02,  2.45cell/s]\rExecuting: 100%|██████████| 9/9 [00:02<00:00,  4.85cell/s]\rExecuting: 100%|██████████| 9/9 [00:02<00:00,  3.58cell/s]","chan":"stderr","logger":"task"}
{"timestamp":"2025-06-01T15:30:35.280999","level":"info","event":"Processing bronze for date range 2/5: 2025-05-08 to 2025-05-14","logger":"root"}
{"timestamp":"2025-06-01T15:30:35.281130","level":"info","event":"Input Notebook:  /home/fastnnefarious/Projects/PycharmProjects/nasa_neo_pipeline/notebooks/NeoApiClient.ipynb","logger":"papermill"}
{"timestamp":"2025-06-01T15:30:35.281178","level":"info","event":"Output Notebook: /home/fastnnefarious/Projects/PycharmProjects/nasa_neo_pipeline/notebooks/tmp/bronze/2025-06-01T15:30:14.916000+00:00/2025-05-08_2025-05-14-NeoApiClient.ipynb","logger":"papermill"}
{"timestamp":"2025-06-01T15:30:35.999442","level":"info","event":"Executing notebook with kernel: nasa_spark_kernel","logger":"papermill"}
{"timestamp":"2025-06-01T15:30:37.327747Z","level":"error","event":"\rExecuting:   0%|          | 0/9 [00:00<?, ?cell/s]\rExecuting:  11%|█         | 1/9 [00:00<00:05,  1.37cell/s]\rExecuting:  33%|███▎      | 3/9 [00:01<00:01,  3.44cell/s]\rExecuting: 100%|██████████| 9/9 [00:01<00:00,  5.74cell/s]\rExecuting: 100%|██████████| 9/9 [00:02<00:00,  4.40cell/s]","chan":"stderr","logger":"task"}
{"timestamp":"2025-06-01T15:30:37.340936","level":"info","event":"Processing bronze for date range 3/5: 2025-05-15 to 2025-05-21","logger":"root"}
{"timestamp":"2025-06-01T15:30:37.341076","level":"info","event":"Input Notebook:  /home/fastnnefarious/Projects/PycharmProjects/nasa_neo_pipeline/notebooks/NeoApiClient.ipynb","logger":"papermill"}
{"timestamp":"2025-06-01T15:30:37.341124","level":"info","event":"Output Notebook: /home/fastnnefarious/Projects/PycharmProjects/nasa_neo_pipeline/notebooks/tmp/bronze/2025-06-01T15:30:14.916000+00:00/2025-05-15_2025-05-21-NeoApiClient.ipynb","logger":"papermill"}
{"timestamp":"2025-06-01T15:30:37.954655","level":"info","event":"Executing notebook with kernel: nasa_spark_kernel","logger":"papermill"}
{"timestamp":"2025-06-01T15:30:39.239440Z","level":"error","event":"\rExecuting:   0%|          | 0/9 [00:00<?, ?cell/s]\rExecuting:  11%|█         | 1/9 [00:00<00:05,  1.60cell/s]\rExecuting:  33%|███▎      | 3/9 [00:00<00:01,  3.90cell/s]\rExecuting: 100%|██████████| 9/9 [00:01<00:00,  6.14cell/s]\rExecuting: 100%|██████████| 9/9 [00:01<00:00,  4.75cell/s]","chan":"stderr","logger":"task"}
{"timestamp":"2025-06-01T15:30:39.252822","level":"info","event":"Processing bronze for date range 4/5: 2025-05-22 to 2025-05-28","logger":"root"}
{"timestamp":"2025-06-01T15:30:39.253019","level":"info","event":"Input Notebook:  /home/fastnnefarious/Projects/PycharmProjects/nasa_neo_pipeline/notebooks/NeoApiClient.ipynb","logger":"papermill"}
{"timestamp":"2025-06-01T15:30:39.253092","level":"info","event":"Output Notebook: /home/fastnnefarious/Projects/PycharmProjects/nasa_neo_pipeline/notebooks/tmp/bronze/2025-06-01T15:30:14.916000+00:00/2025-05-22_2025-05-28-NeoApiClient.ipynb","logger":"papermill"}
{"timestamp":"2025-06-01T15:30:39.993232","level":"info","event":"Executing notebook with kernel: nasa_spark_kernel","logger":"papermill"}
{"timestamp":"2025-06-01T15:30:41.281222Z","level":"error","event":"\rExecuting:   0%|          | 0/9 [00:00<?, ?cell/s]\rExecuting:  11%|█         | 1/9 [00:00<00:06,  1.33cell/s]\rExecuting:  33%|███▎      | 3/9 [00:00<00:01,  3.49cell/s]\rExecuting: 100%|██████████| 9/9 [00:01<00:00,  5.84cell/s]\rExecuting: 100%|██████████| 9/9 [00:02<00:00,  4.44cell/s]","chan":"stderr","logger":"task"}
{"timestamp":"2025-06-01T15:30:41.299121","level":"info","event":"Processing bronze for date range 5/5: 2025-05-29 to 2025-06-01","logger":"root"}
{"timestamp":"2025-06-01T15:30:41.299404","level":"info","event":"Input Notebook:  /home/fastnnefarious/Projects/PycharmProjects/nasa_neo_pipeline/notebooks/NeoApiClient.ipynb","logger":"papermill"}
{"timestamp":"2025-06-01T15:30:41.299539","level":"info","event":"Output Notebook: /home/fastnnefarious/Projects/PycharmProjects/nasa_neo_pipeline/notebooks/tmp/bronze/2025-06-01T15:30:14.916000+00:00/2025-05-29_2025-06-01-NeoApiClient.ipynb","logger":"papermill"}
{"timestamp":"2025-06-01T15:30:41.887993","level":"info","event":"Executing notebook with kernel: nasa_spark_kernel","logger":"papermill"}
{"timestamp":"2025-06-01T15:30:43.113361Z","level":"error","event":"\rExecuting:   0%|          | 0/9 [00:00<?, ?cell/s]\rExecuting:  11%|█         | 1/9 [00:00<00:04,  1.67cell/s]\rExecuting:  33%|███▎      | 3/9 [00:00<00:01,  3.86cell/s]\rExecuting: 100%|██████████| 9/9 [00:01<00:00,  6.56cell/s]\rExecuting: 100%|██████████| 9/9 [00:01<00:00,  4.97cell/s]","chan":"stderr","logger":"task"}
{"timestamp":"2025-06-01T15:30:43.126380","level":"info","event":"Completed bronze processing for 5 date ranges","logger":"root"}
{"timestamp":"2025-06-01T15:30:43.126481","level":"info","event":"Done. Returned value was: processed_5_ranges","logger":"airflow.task.operators.airflow.providers.standard.operators.python.PythonOperator"}
{"timestamp":"2025-06-01T15:30:43.126588","level":"info","event":"Pushing xcom","ti":"RuntimeTaskInstance(id=UUID('01972c1d-a45b-7ee9-805a-ad4bd02622a3'), task_id='process_all_bronze_data', dag_id='NeoAPIPipeline2', run_id='manual__2025-06-01T15:30:29.571950+00:00', try_number=1, map_index=-1, hostname='newlife', context_carrier=None, task=<Task(PythonOperator): process_all_bronze_data>, bundle_instance=LocalDagBundle(name=dags-folder), max_tries=0, start_date=datetime.datetime(2025, 6, 1, 15, 30, 32, 132146, tzinfo=TzInfo(UTC)), end_date=None, state=<TaskInstanceState.RUNNING: 'running'>, is_mapped=False, rendered_map_index=None)","logger":"task"}
